
> nixelo@0.0.0 test C:\Users\mikes\Desktop\cascade
> vitest "run"


[1m[46m RUN [49m[22m [36mv4.0.15 [39m[90mC:/Users/mikes/Desktop/cascade[39m

[90mstdout[2m | src/components/CustomFieldValues.test.tsx
[22m[39m[PATCH] test-utils.act patched with simple implementation

[90mstdout[2m | src/hooks/useFuzzySearch.test.ts
[22m[39m[PATCH] test-utils.act patched with simple implementation

[90mstdout[2m | src/components/fuzzy-search/FuzzySearchInput.test.tsx
[22m[39m[PATCH] test-utils.act patched with simple implementation

[90mstdout[2m | src/components/AutomationRulesManager.test.tsx
[22m[39m[PATCH] test-utils.act patched with simple implementation

[90mstdout[2m | src/components/BulkOperationsBar.test.tsx
[22m[39m[PATCH] test-utils.act patched with simple implementation

[90mstdout[2m | src/components/ui/ColorPicker.test.tsx
[22m[39m[PATCH] test-utils.act patched with simple implementation

[90mstdout[2m | src/components/Dashboard/ProjectsList.test.tsx
[22m[39m[PATCH] test-utils.act patched with simple implementation

[90mstdout[2m | src/hooks/useKeyboardShortcuts.test.ts
[22m[39m[PATCH] test-utils.act patched with simple implementation

[90mstdout[2m | src/hooks/useDeleteConfirmation.test.ts
[22m[39m[PATCH] test-utils.act patched with simple implementation

[90mstdout[2m | src/components/GlobalSearch.test.tsx
[22m[39m[PATCH] test-utils.act patched with simple implementation

[90mstdout[2m | src/components/fuzzy-search/integration.test.tsx
[22m[39m[PATCH] test-utils.act patched with simple implementation

[90mstdout[2m | src/components/IssueDetailModal.test.tsx
[22m[39m[PATCH] test-utils.act patched with simple implementation

[90mstdout[2m | src/components/FilterBar.test.tsx
[22m[39m[PATCH] test-utils.act patched with simple implementation

[90mstdout[2m | src/components/NotificationCenter.test.tsx
[22m[39m[PATCH] test-utils.act patched with simple implementation

[90mstdout[2m | src/components/ImportExportModal.test.tsx
[22m[39m[PATCH] test-utils.act patched with simple implementation

[90mstdout[2m | src/components/CustomFieldsManager.test.tsx
[22m[39m[PATCH] test-utils.act patched with simple implementation

[90mstdout[2m | src/hooks/useModal.test.ts
[22m[39m[PATCH] test-utils.act patched with simple implementation

[90mstdout[2m | src/components/ui/Card.test.tsx
[22m[39m[PATCH] test-utils.act patched with simple implementation

[90mstdout[2m | src/components/ui/MarkdownPreviewModal.test.tsx
[22m[39m[PATCH] test-utils.act patched with simple implementation

 [31mÎ“Â¥Â»[39m src/hooks/useModal.test.ts [2m([22m[2m18 tests[22m[2m | [22m[31m18 failed[39m[2m)[22m[32m 109[2mms[22m[39m
[31m       [31mâ”œÃ¹[31m should start with isOpen as false by default[39m[32m 28[2mms[22m[39m
[31m       [31mâ”œÃ¹[31m should start with isOpen as true when initialState is true[39m[32m 3[2mms[22m[39m
[31m       [31mâ”œÃ¹[31m should start with isOpen as false when initialState is false[39m[32m 4[2mms[22m[39m
[31m       [31mâ”œÃ¹[31m should set isOpen to true when called[39m[32m 8[2mms[22m[39m
[31m       [31mâ”œÃ¹[31m should keep isOpen as true when already open[39m[32m 6[2mms[22m[39m
[31m       [31mâ”œÃ¹[31m should be a stable function reference[39m[32m 3[2mms[22m[39m
[31m       [31mâ”œÃ¹[31m should set isOpen to false when called[39m[32m 3[2mms[22m[39m
[31m       [31mâ”œÃ¹[31m should keep isOpen as false when already closed[39m[32m 2[2mms[22m[39m
[31m       [31mâ”œÃ¹[31m should be a stable function reference[39m[32m 7[2mms[22m[39m
[31m       [31mâ”œÃ¹[31m should toggle isOpen from false to true[39m[32m 7[2mms[22m[39m
[31m       [31mâ”œÃ¹[31m should toggle isOpen from true to false[39m[32m 2[2mms[22m[39m
[31m       [31mâ”œÃ¹[31m should toggle multiple times correctly[39m[32m 3[2mms[22m[39m
[31m       [31mâ”œÃ¹[31m should be a stable function reference[39m[32m 4[2mms[22m[39m
[31m       [31mâ”œÃ¹[31m should work correctly with open, close, toggle sequence[39m[32m 5[2mms[22m[39m
[31m       [31mâ”œÃ¹[31m should handle rapid state changes[39m[32m 6[2mms[22m[39m
[31m       [31mâ”œÃ¹[31m should return object with expected properties[39m[32m 6[2mms[22m[39m
[31m       [31mâ”œÃ¹[31m should return functions for open, close, and toggle[39m[32m 3[2mms[22m[39m
[31m       [31mâ”œÃ¹[31m should return boolean for isOpen[39m[32m 3[2mms[22m[39m
 [31mÎ“Â¥Â»[39m src/hooks/useKeyboardShortcuts.test.ts [2m([22m[2m29 tests[22m[2m | [22m[31m12 failed[39m[2m)[22m[32m 161[2mms[22m[39m
[31m       [31mâ”œÃ¹[31m should call handler when shortcut key is pressed[39m[32m 31[2mms[22m[39m
       [32mÎ“Â£Ã´[39m should not call handler when different key is pressed[32m 4[2mms[22m[39m
[31m       [31mâ”œÃ¹[31m should be case insensitive for keys[39m[32m 5[2mms[22m[39m
[31m       [31mâ”œÃ¹[31m should pass KeyboardEvent to handler[39m[32m 8[2mms[22m[39m
[31m       [31mâ”œÃ¹[31m should match shortcut with ctrl modifier[39m[32m 5[2mms[22m[39m
       [32mÎ“Â£Ã´[39m should not match when ctrl is required but not pressed[32m 2[2mms[22m[39m
[31m       [31mâ”œÃ¹[31m should match shortcut with shift modifier[39m[32m 7[2mms[22m[39m
[31m       [31mâ”œÃ¹[31m should match shortcut with alt modifier[39m[32m 3[2mms[22m[39m
[31m       [31mâ”œÃ¹[31m should match shortcut with meta modifier[39m[32m 6[2mms[22m[39m
[31m       [31mâ”œÃ¹[31m should match shortcut with multiple modifiers[39m[32m 5[2mms[22m[39m
       [32mÎ“Â£Ã´[39m should not match when extra modifier is pressed[32m 7[2mms[22m[39m
       [32mÎ“Â£Ã´[39m should not trigger shortcuts when disabled[32m 4[2mms[22m[39m
[31m       [31mâ”œÃ¹[31m should trigger shortcuts when enabled[39m[32m 6[2mms[22m[39m
[31m       [31mâ”œÃ¹[31m should handle multiple shortcuts[39m[32m 17[2mms[22m[39m
       [32mÎ“Â£Ã´[39m should remove event listener on unmount[32m 3[2mms[22m[39m
[31m       [31mâ”œÃ¹[31m should handle single key shortcuts like basic hook[39m[32m 6[2mms[22m[39m
[31m       [31mâ”œÃ¹[31m should handle g+h sequence[39m[32m 5[2mms[22m[39m
       [32mÎ“Â£Ã´[39m should not trigger sequence when timeout exceeds[32m 2[2mms[22m[39m
       [32mÎ“Â£Ã´[39m should not trigger sequence with wrong second key[32m 5[2mms[22m[39m
       [32mÎ“Â£Ã´[39m should not trigger when disabled[32m 3[2mms[22m[39m
     [32mÎ“Â£Ã´[39m should display single key[32m 3[2mms[22m[39m
     [32mÎ“Â£Ã´[39m should display Ctrl + key[32m 2[2mms[22m[39m
     [32mÎ“Â£Ã´[39m should display Shift + key[32m 4[2mms[22m[39m
     [32mÎ“Â£Ã´[39m should display Alt + key[32m 2[2mms[22m[39m
     [32mÎ“Â£Ã´[39m should display Meta + key[32m 2[2mms[22m[39m
     [32mÎ“Â£Ã´[39m should display multiple modifiers in correct order[32m 2[2mms[22m[39m
     [32mÎ“Â£Ã´[39m should display sequence with arrows[32m 0[2mms[22m[39m
     [32mÎ“Â£Ã´[39m should display single key sequence[32m 0[2mms[22m[39m
     [32mÎ“Â£Ã´[39m should display three key sequence[32m 0[2mms[22m[39m
 [31mÎ“Â¥Â»[39m src/hooks/useDeleteConfirmation.test.ts [2m([22m[2m22 tests[22m[2m | [22m[31m22 failed[39m[2m)[22m[32m 148[2mms[22m[39m
[31m       [31mâ”œÃ¹[31m should start with deleteId as null[39m[32m 30[2mms[22m[39m
[31m       [31mâ”œÃ¹[31m should start with isDeleting as false[39m[32m 3[2mms[22m[39m
[31m       [31mâ”œÃ¹[31m should set deleteId when called[39m[32m 3[2mms[22m[39m
[31m       [31mâ”œÃ¹[31m should update deleteId when called multiple times[39m[32m 2[2mms[22m[39m
[31m       [31mâ”œÃ¹[31m should set deleteId to null[39m[32m 6[2mms[22m[39m
[31m       [31mâ”œÃ¹[31m should work when deleteId is already null[39m[32m 4[2mms[22m[39m
[31m       [31mâ”œÃ¹[31m should call deleteFn with the deleteId[39m[32m 10[2mms[22m[39m
[31m       [31mâ”œÃ¹[31m should show success toast on successful delete[39m[32m 2[2mms[22m[39m
[31m       [31mâ”œÃ¹[31m should show custom success message when provided[39m[32m 7[2mms[22m[39m
[31m       [31mâ”œÃ¹[31m should call onSuccess callback on successful delete[39m[32m 6[2mms[22m[39m
[31m       [31mâ”œÃ¹[31m should reset deleteId to null after successful delete[39m[32m 3[2mms[22m[39m
[31m       [31mâ”œÃ¹[31m should set isDeleting to false after successful delete[39m[32m 3[2mms[22m[39m
[31m       [31mâ”œÃ¹[31m should show error toast on failed delete[39m[32m 5[2mms[22m[39m
[31m       [31mâ”œÃ¹[31m should show custom error message when provided[39m[32m 6[2mms[22m[39m
[31m       [31mâ”œÃ¹[31m should call onError callback on failed delete[39m[32m 3[2mms[22m[39m
[31m       [31mâ”œÃ¹[31m should NOT reset deleteId on failed delete[39m[32m 8[2mms[22m[39m
[31m       [31mâ”œÃ¹[31m should set isDeleting to false after failed delete[39m[32m 3[2mms[22m[39m
[31m       [31mâ”œÃ¹[31m should not call deleteFn when deleteId is null[39m[32m 2[2mms[22m[39m
[31m       [31mâ”œÃ¹[31m should not show any toast when deleteId is null[39m[32m 8[2mms[22m[39m
[31m       [31mâ”œÃ¹[31m should set isDeleting to false after delete completes[39m[32m 4[2mms[22m[39m
[31m       [31mâ”œÃ¹[31m should return object with expected properties[39m[32m 13[2mms[22m[39m
[31m       [31mâ”œÃ¹[31m should return functions for confirmDelete, cancelDelete, executeDelete[39m[32m 3[2mms[22m[39m
 [31mÎ“Â¥Â»[39m src/hooks/useFuzzySearch.test.ts [2m([22m[2m26 tests[22m[2m | [22m[31m22 failed[39m[2m)[22m[32m 142[2mms[22m[39m
[31m     [31mâ”œÃ¹[31m should return all items when query is empty[39m[32m 37[2mms[22m[39m
[31m     [31mâ”œÃ¹[31m should filter items based on query[39m[32m 6[2mms[22m[39m
[31m     [31mâ”œÃ¹[31m should handle typos with fuzzy matching[39m[32m 6[2mms[22m[39m
[31m     [31mâ”œÃ¹[31m should respect limit option[39m[32m 3[2mms[22m[39m
[31m     [31mâ”œÃ¹[31m should clear query[39m[32m 7[2mms[22m[39m
[31m     [31mâ”œÃ¹[31m should debounce search query[39m[32m 2[2mms[22m[39m
[31m     [31mâ”œÃ¹[31m should indicate searching state[39m[32m 6[2mms[22m[39m
[31m     [31mâ”œÃ¹[31m should indicate when results exist[39m[32m 3[2mms[22m[39m
[31m     [31mâ”œÃ¹[31m should return total items count[39m[32m 6[2mms[22m[39m
[31m     [31mâ”œÃ¹[31m should handle undefined items[39m[32m 2[2mms[22m[39m
[31m     [31mâ”œÃ¹[31m should handle empty array[39m[32m 2[2mms[22m[39m
[31m     [31mâ”œÃ¹[31m should prioritize weighted keys[39m[32m 3[2mms[22m[39m
[31m     [31mâ”œÃ¹[31m should search users by name and email[39m[32m 3[2mms[22m[39m
[31m     [31mâ”œÃ¹[31m should have debounce enabled[39m[32m 6[2mms[22m[39m
[31m     [31mâ”œÃ¹[31m should search projects by name, key, and description[39m[32m 7[2mms[22m[39m
[31m     [31mâ”œÃ¹[31m should match project keys[39m[32m 2[2mms[22m[39m
[31m     [31mâ”œÃ¹[31m should search issues by title and key[39m[32m 2[2mms[22m[39m
[31m     [31mâ”œÃ¹[31m should match issue titles[39m[32m 3[2mms[22m[39m
[31m     [31mâ”œÃ¹[31m should search sprints by name[39m[32m 5[2mms[22m[39m
[31m     [31mâ”œÃ¹[31m should search labels[39m[32m 4[2mms[22m[39m
[31m     [31mâ”œÃ¹[31m should handle typos in labels[39m[32m 4[2mms[22m[39m
[31m     [31mâ”œÃ¹[31m should search documents by title[39m[32m 4[2mms[22m[39m
     [32mÎ“Â£Ã´[39m should return text without highlights when no matches[32m 3[2mms[22m[39m
     [32mÎ“Â£Ã´[39m should highlight single match[32m 2[2mms[22m[39m
     [32mÎ“Â£Ã´[39m should highlight multiple matches[32m 1[2mms[22m[39m
     [32mÎ“Â£Ã´[39m should handle empty indices array[32m 1[2mms[22m[39m
 [31mÎ“Â¥Â»[39m src/components/fuzzy-search/integration.test.tsx [2m([22m[2m14 tests[22m[2m | [22m[31m5 failed[39m[2m)[22m[32m 167[2mms[22m[39m
       [32mÎ“Â£Ã´[39m should combine Convex data loading with fuzzy search[32m 37[2mms[22m[39m
[31m       [31mâ”œÃ¹[31m should handle Convex data updates reactively[39m[32m 24[2mms[22m[39m
[31m       [31mâ”œÃ¹[31m should maintain search query across data updates[39m[32m 12[2mms[22m[39m
       [32mÎ“Â£Ã´[39m should handle undefined data from Convex (loading state)[32m 8[2mms[22m[39m
       [32mÎ“Â£Ã´[39m should handle empty array from Convex (no data)[32m 5[2mms[22m[39m
[31m       [31mâ”œÃ¹[31m should debounce search queries[39m[32m 8[2mms[22m[39m
[31m       [31mâ”œÃ¹[31m should only search through permission-filtered data from Convex[39m[32m 16[2mms[22m[39m
       [32mÎ“Â£Ã´[39m should respect Convex data boundaries[32m 5[2mms[22m[39m
       [32mÎ“Â£Ã´[39m should support assignee dropdown pattern[32m 13[2mms[22m[39m
       [32mÎ“Â£Ã´[39m should support project switcher pattern[32m 7[2mms[22m[39m
       [32mÎ“Â£Ã´[39m should handle malformed data gracefully[32m 3[2mms[22m[39m
       [32mÎ“Â£Ã´[39m should recover from search errors[32m 5[2mms[22m[39m
       [32mÎ“Â£Ã´[39m should handle medium-sized datasets efficiently[32m 5[2mms[22m[39m
[31m       [31mâ”œÃ¹[31m should respect limit to optimize large result sets[39m[32m 11[2mms[22m[39m
 [31mÎ“Â¥Â»[39m src/components/Dashboard/ProjectsList.test.tsx [2m([22m[2m18 tests[22m[2m | [22m[31m1 failed[39m[2m)[22m[33m 1954[2mms[22m[39m
     [32mÎ“Â£Ã´[39m should render card header with project count[32m 219[2mms[22m[39m
     [32mÎ“Â£Ã´[39m should render loading skeleton when data is undefined[32m 43[2mms[22m[39m
     [32mÎ“Â£Ã´[39m should render empty state when no projects[32m 19[2mms[22m[39m
     [32mÎ“Â£Ã´[39m should render Go to Workspaces button in empty state[32m 14[2mms[22m[39m
[31m     [31mâ”œÃ¹[31m should navigate to projects when clicking Go to Workspaces[39m[33m 754[2mms[22m[39m
     [32mÎ“Â£Ã´[39m should render all projects when data is present[32m 26[2mms[22m[39m
     [32mÎ“Â£Ã´[39m should display project role badges[32m 35[2mms[22m[39m
     [32mÎ“Â£Ã´[39m should display issue counts for each project[32m 19[2mms[22m[39m
     [32mÎ“Â£Ã´[39m should navigate to project when clicking a project[32m 134[2mms[22m[39m
     [32mÎ“Â£Ã´[39m should render projects with staggered animation[32m 249[2mms[22m[39m
     [32mÎ“Â£Ã´[39m should apply navigation props to project items[32m 198[2mms[22m[39m
     [32mÎ“Â£Ã´[39m should have correct button types[32m 149[2mms[22m[39m
     [32mÎ“Â£Ã´[39m should handle project with long name (truncation)[32m 17[2mms[22m[39m
     [32mÎ“Â£Ã´[39m should handle zero issues in a project[32m 13[2mms[22m[39m
     [32mÎ“Â£Ã´[39m should render with capitalized role badges[32m 22[2mms[22m[39m
     [32mÎ“Â£Ã´[39m should handle single project[32m 16[2mms[22m[39m
     [32mÎ“Â£Ã´[39m should show 0 projects in header when array is empty[32m 8[2mms[22m[39m
     [32mÎ“Â£Ã´[39m should show 0 projects in header when undefined[32m 13[2mms[22m[39m
stderr | src/components/ui/MarkdownPreviewModal.test.tsx > MarkdownPreviewModal > should render when open
Warning: Missing `Description` or `aria-describedby={undefined}` for {DialogContent}.

 [31mÎ“Â¥Â»[39m src/components/fuzzy-search/FuzzySearchInput.test.tsx [2m([22m[2m28 tests[22m[2m | [22m[31m6 failed[39m[2m)[22m[33m 3019[2mms[22m[39m
     [33m[2mÎ“Â£Ã´[22m[39m should render search input [33m 610[2mms[22m[39m
     [32mÎ“Â£Ã´[39m should display placeholder text[32m 14[2mms[22m[39m
     [33m[2mÎ“Â£Ã´[22m[39m should call onSearch when typing [33m 378[2mms[22m[39m
[31m     [31mâ”œÃ¹[31m should show results dropdown when query is provided[39m[32m 64[2mms[22m[39m
     [32mÎ“Â£Ã´[39m should not show dropdown when isOpen is false[32m 25[2mms[22m[39m
[31m     [31mâ”œÃ¹[31m should call onSelect when clicking a result[39m[32m 19[2mms[22m[39m
     [32mÎ“Â£Ã´[39m should show clear button when query is not empty[32m 16[2mms[22m[39m
     [32mÎ“Â£Ã´[39m should call onSearch with empty string when clear button is clicked[32m 151[2mms[22m[39m
     [32mÎ“Â£Ã´[39m should call onClear when clear button is clicked[32m 126[2mms[22m[39m
     [32mÎ“Â£Ã´[39m should show loading indicator when isLoading is true[32m 22[2mms[22m[39m
     [33m[2mÎ“Â£Ã´[22m[39m should navigate results with arrow keys [33m 632[2mms[22m[39m
     [32mÎ“Â£Ã´[39m should select result with Enter key[32m 271[2mms[22m[39m
     [33m[2mÎ“Â£Ã´[22m[39m should close dropdown with Escape key [33m 374[2mms[22m[39m
[31m     [31mâ”œÃ¹[31m should show no results message when results are empty[39m[32m 14[2mms[22m[39m
[31m     [31mâ”œÃ¹[31m should display match scores when showScore is true[39m[32m 19[2mms[22m[39m
     [32mÎ“Â£Ã´[39m should not display scores when showScore is false[32m 14[2mms[22m[39m
[31m     [31mâ”œÃ¹[31m should have proper ARIA attributes[39m[32m 80[2mms[22m[39m
[31m     [31mâ”œÃ¹[31m should close dropdown when clicking outside[39m[32m 18[2mms[22m[39m
     [32mÎ“Â£Ã´[39m should focus input when mounted[32m 67[2mms[22m[39m
     [32mÎ“Â£Ã´[39m should render text without highlighting when no matches[32m 5[2mms[22m[39m
     [32mÎ“Â£Ã´[39m should render text without highlighting when matches array is empty[32m 3[2mms[22m[39m
     [32mÎ“Â£Ã´[39m should highlight matched portion[32m 48[2mms[22m[39m
     [32mÎ“Â£Ã´[39m should handle multiple matches[32m 13[2mms[22m[39m
     [32mÎ“Â£Ã´[39m should apply custom className[32m 5[2mms[22m[39m
     [32mÎ“Â£Ã´[39m should apply custom highlight className[32m 4[2mms[22m[39m
     [32mÎ“Â£Ã´[39m should use default highlight className when not provided[32m 8[2mms[22m[39m
     [32mÎ“Â£Ã´[39m should handle matches at the end of text[32m 3[2mms[22m[39m
     [32mÎ“Â£Ã´[39m should handle matches at the beginning of text[32m 6[2mms[22m[39m
stderr | src/components/ui/MarkdownPreviewModal.test.tsx > MarkdownPreviewModal > should display file statistics
Warning: Missing `Description` or `aria-describedby={undefined}` for {DialogContent}.

stderr | src/components/ImportExportModal.test.tsx > ImportExportModal - Component Behavior > Mode Switching Logic > should default to export mode
Warning: Missing `Description` or `aria-describedby={undefined}` for {DialogContent}.

stderr | src/components/GlobalSearch.test.tsx > GlobalSearch > should open modal when search button is clicked
`DialogContent` requires a `DialogTitle` for the component to be accessible for screen reader users.

If you want to hide the `DialogTitle`, you can wrap it with our VisuallyHidden component.

For more information, see https://radix-ui.com/primitives/docs/components/dialog
Warning: Missing `Description` or `aria-describedby={undefined}` for {DialogContent}.

 [32mÎ“Â£Ã´[39m src/components/ui/Card.test.tsx [2m([22m[2m48 tests[22m[2m)[22m[33m 3411[2mms[22m[39m
       [33m[2mÎ“Â£Ã´[22m[39m should have button role when onClick is provided [33m 525[2mms[22m[39m
stderr | src/components/ui/MarkdownPreviewModal.test.tsx > MarkdownPreviewModal > should show warning about content replacement
Warning: Missing `Description` or `aria-describedby={undefined}` for {DialogContent}.

stderr | src/components/ImportExportModal.test.tsx > ImportExportModal - Component Behavior > Mode Switching Logic > should switch to import mode when Import button clicked
Warning: Missing `Description` or `aria-describedby={undefined}` for {DialogContent}.

stderr | src/components/ui/MarkdownPreviewModal.test.tsx > MarkdownPreviewModal > should switch between Preview and Raw tabs
Warning: Missing `Description` or `aria-describedby={undefined}` for {DialogContent}.

stderr | src/components/CustomFieldsManager.test.tsx > CustomFieldsManager - Component Behavior > Form Display & State Management > should show form when 'Add Field' button is clicked
Warning: Missing `Description` or `aria-describedby={undefined}` for {DialogContent}.

stderr | src/components/GlobalSearch.test.tsx > GlobalSearch > should open modal when Cmd+K is pressed
`DialogContent` requires a `DialogTitle` for the component to be accessible for screen reader users.

If you want to hide the `DialogTitle`, you can wrap it with our VisuallyHidden component.

For more information, see https://radix-ui.com/primitives/docs/components/dialog
Warning: Missing `Description` or `aria-describedby={undefined}` for {DialogContent}.

stderr | src/components/AutomationRulesManager.test.tsx > AutomationRulesManager - Component Behavior > Dialog Display Logic > should show dialog when Create Rule clicked
Warning: Missing `Description` or `aria-describedby={undefined}` for {DialogContent}.

stderr | src/components/IssueDetailModal.test.tsx > IssueDetailModal > should show loading state when issue is undefined
Warning: Missing `Description` or `aria-describedby={undefined}` for {DialogContent}.

stderr | src/components/CustomFieldsManager.test.tsx > CustomFieldsManager - Component Behavior > Form Display & State Management > should open dialog when 'Add Field' button is clicked
Warning: Missing `Description` or `aria-describedby={undefined}` for {DialogContent}.

stderr | src/components/GlobalSearch.test.tsx > GlobalSearch > should open modal when Ctrl+K is pressed
`DialogContent` requires a `DialogTitle` for the component to be accessible for screen reader users.

If you want to hide the `DialogTitle`, you can wrap it with our VisuallyHidden component.

For more information, see https://radix-ui.com/primitives/docs/components/dialog
Warning: Missing `Description` or `aria-describedby={undefined}` for {DialogContent}.

stderr | src/components/ui/MarkdownPreviewModal.test.tsx > MarkdownPreviewModal > should display raw markdown in Raw tab
Warning: Missing `Description` or `aria-describedby={undefined}` for {DialogContent}.

stderr | src/components/ImportExportModal.test.tsx > ImportExportModal - Component Behavior > Mode Switching Logic > should switch back to export mode when Export button clicked
Warning: Missing `Description` or `aria-describedby={undefined}` for {DialogContent}.

stderr | src/components/AutomationRulesManager.test.tsx > AutomationRulesManager - Component Behavior > Dialog Display Logic > should close dialog when Cancel clicked
Warning: Missing `Description` or `aria-describedby={undefined}` for {DialogContent}.

stderr | src/components/GlobalSearch.test.tsx > GlobalSearch > should show all tabs: All, Issues, Documents
`DialogContent` requires a `DialogTitle` for the component to be accessible for screen reader users.

If you want to hide the `DialogTitle`, you can wrap it with our VisuallyHidden component.

For more information, see https://radix-ui.com/primitives/docs/components/dialog
Warning: Missing `Description` or `aria-describedby={undefined}` for {DialogContent}.

stderr | src/components/ui/MarkdownPreviewModal.test.tsx > MarkdownPreviewModal > should call onConfirm when import button clicked
Warning: Missing `Description` or `aria-describedby={undefined}` for {DialogContent}.

stderr | src/components/IssueDetailModal.test.tsx > IssueDetailModal > should render issue details
Warning: Missing `Description` or `aria-describedby={undefined}` for {DialogContent}.

stderr | src/components/CustomFieldsManager.test.tsx > CustomFieldsManager - Component Behavior > Form Display & State Management > should reset and hide form when Cancel is clicked
Warning: Missing `Description` or `aria-describedby={undefined}` for {DialogContent}.

 [31mÎ“Â¥Â»[39m src/components/ui/ColorPicker.test.tsx [2m([22m[2m37 tests[22m[2m | [22m[31m2 failed[39m[2m)[22m[33m 4708[2mms[22m[39m
       [32mÎ“Â£Ã´[39m should render default label[32m 183[2mms[22m[39m
       [32mÎ“Â£Ã´[39m should render custom label[32m 38[2mms[22m[39m
       [33m[2mÎ“Â£Ã´[22m[39m should render all default preset color buttons [33m 743[2mms[22m[39m
       [32mÎ“Â£Ã´[39m should render custom color input[32m 34[2mms[22m[39m
       [32mÎ“Â£Ã´[39m should display 'Custom' text below color input[32m 17[2mms[22m[39m
       [32mÎ“Â£Ã´[39m should render buttons for all preset colors[32m 40[2mms[22m[39m
       [32mÎ“Â£Ã´[39m should apply correct background color to preset buttons[32m 229[2mms[22m[39m
       [32mÎ“Â£Ã´[39m should have title attribute with color value[32m 26[2mms[22m[39m
       [32mÎ“Â£Ã´[39m should use custom preset colors when provided[32m 28[2mms[22m[39m
       [32mÎ“Â£Ã´[39m should handle empty preset colors array[32m 28[2mms[22m[39m
       [32mÎ“Â£Ã´[39m should highlight selected preset color[32m 13[2mms[22m[39m
       [32mÎ“Â£Ã´[39m should not highlight non-selected colors[32m 15[2mms[22m[39m
[31m       [31mâ”œÃ¹[31m should update highlight when value changes[39m[32m 30[2mms[22m[39m
       [32mÎ“Â£Ã´[39m should call onChange when preset color is clicked[32m 148[2mms[22m[39m
       [33m[2mÎ“Â£Ã´[22m[39m should call onChange with correct color for each preset [33m 721[2mms[22m[39m
       [32mÎ“Â£Ã´[39m should call onChange when clicking already selected color[32m 168[2mms[22m[39m
       [32mÎ“Â£Ã´[39m should have button type to prevent form submission[32m 260[2mms[22m[39m
       [32mÎ“Â£Ã´[39m should display current value in custom color input[32m 15[2mms[22m[39m
       [32mÎ“Â£Ã´[39m should call onChange when custom color input changes[32m 35[2mms[22m[39m
       [32mÎ“Â£Ã´[39m should have correct accessibility attributes[32m 24[2mms[22m[39m
       [32mÎ“Â£Ã´[39m should have correct styling classes[32m 54[2mms[22m[39m
       [32mÎ“Â£Ã´[39m should have flex layout for color buttons[32m 48[2mms[22m[39m
       [32mÎ“Â£Ã´[39m should have rounded-full class on preset buttons[32m 263[2mms[22m[39m
       [32mÎ“Â£Ã´[39m should have hover and focus styles on preset buttons[32m 34[2mms[22m[39m
       [32mÎ“Â£Ã´[39m should have label styling[32m 39[2mms[22m[39m
       [32mÎ“Â£Ã´[39m should have aria-label for each preset button[32m 27[2mms[22m[39m
       [32mÎ“Â£Ã´[39m should have aria-label for custom color input[32m 23[2mms[22m[39m
       [33m[2mÎ“Â£Ã´[22m[39m should have keyboard accessible preset buttons [33m 308[2mms[22m[39m
       [32mÎ“Â£Ã´[39m should handle uppercase hex values[32m 15[2mms[22m[39m
       [32mÎ“Â£Ã´[39m should handle lowercase hex values[32m 44[2mms[22m[39m
       [32mÎ“Â£Ã´[39m should handle value not in preset colors[32m 239[2mms[22m[39m
       [32mÎ“Â£Ã´[39m should handle single preset color[32m 93[2mms[22m[39m
       [33m[2mÎ“Â£Ã´[22m[39m should handle many preset colors [33m 385[2mms[22m[39m
       [32mÎ“Â£Ã´[39m should work with all default props[32m 146[2mms[22m[39m
       [32mÎ“Â£Ã´[39m should work with custom label and preset colors[32m 93[2mms[22m[39m
[31m       [31mâ”œÃ¹[31m should work as theme color picker[39m[32m 83[2mms[22m[39m
       [32mÎ“Â£Ã´[39m should work as brand color selector[32m 8[2mms[22m[39m
stderr | src/components/ui/MarkdownPreviewModal.test.tsx > MarkdownPreviewModal > should call onOpenChange(false) when cancel button clicked
Warning: Missing `Description` or `aria-describedby={undefined}` for {DialogContent}.

stderr | src/components/GlobalSearch.test.tsx > GlobalSearch > should filter by tab selection
`DialogContent` requires a `DialogTitle` for the component to be accessible for screen reader users.

If you want to hide the `DialogTitle`, you can wrap it with our VisuallyHidden component.

For more information, see https://radix-ui.com/primitives/docs/components/dialog
Warning: Missing `Description` or `aria-describedby={undefined}` for {DialogContent}.

stderr | src/components/IssueDetailModal.test.tsx > IssueDetailModal > should display issue metadata
Warning: Missing `Description` or `aria-describedby={undefined}` for {DialogContent}.

stderr | src/components/ImportExportModal.test.tsx > ImportExportModal - Component Behavior > Mode Switching Logic > should maintain separate format selections for export and import
Warning: Missing `Description` or `aria-describedby={undefined}` for {DialogContent}.

stderr | src/components/AutomationRulesManager.test.tsx > AutomationRulesManager - Component Behavior > Dialog Display Logic > should reset form when opening create dialog
Warning: Missing `Description` or `aria-describedby={undefined}` for {DialogContent}.

stderr | src/components/IssueDetailModal.test.tsx > IssueDetailModal > should display labels
Warning: Missing `Description` or `aria-describedby={undefined}` for {DialogContent}.

stderr | src/components/ui/MarkdownPreviewModal.test.tsx > MarkdownPreviewModal > should calculate correct line count
Warning: Missing `Description` or `aria-describedby={undefined}` for {DialogContent}.

stderr | src/components/FilterBar.test.tsx > FilterBar > Save Filter Dialog > should open save dialog when clicking Save Filter button
Warning: Missing `Description` or `aria-describedby={undefined}` for {DialogContent}.

stderr | src/components/ui/MarkdownPreviewModal.test.tsx > MarkdownPreviewModal > should handle markdown without headings
Warning: Missing `Description` or `aria-describedby={undefined}` for {DialogContent}.

stderr | src/components/IssueDetailModal.test.tsx > IssueDetailModal > should show correct type icon
Warning: Missing `Description` or `aria-describedby={undefined}` for {DialogContent}.

stderr | src/components/ui/MarkdownPreviewModal.test.tsx > MarkdownPreviewModal > should handle markdown without lists
Warning: Missing `Description` or `aria-describedby={undefined}` for {DialogContent}.

stderr | src/components/IssueDetailModal.test.tsx > IssueDetailModal > should show priority badge with correct color
Warning: Missing `Description` or `aria-describedby={undefined}` for {DialogContent}.

stderr | src/components/ui/MarkdownPreviewModal.test.tsx > MarkdownPreviewModal > should handle markdown without code blocks
Warning: Missing `Description` or `aria-describedby={undefined}` for {DialogContent}.

stderr | src/components/IssueDetailModal.test.tsx > IssueDetailModal > should render TimeTracker component
Warning: Missing `Description` or `aria-describedby={undefined}` for {DialogContent}.

stderr | src/components/FilterBar.test.tsx > FilterBar > Save Filter Dialog > should close save dialog when clicking Cancel
Warning: Missing `Description` or `aria-describedby={undefined}` for {DialogContent}.

stderr | src/components/ui/MarkdownPreviewModal.test.tsx > MarkdownPreviewModal > should display filename
Warning: Missing `Description` or `aria-describedby={undefined}` for {DialogContent}.

 [32mÎ“Â£Ã´[39m src/components/ui/MarkdownPreviewModal.test.tsx [2m([22m[2m13 tests[22m[2m)[22m[33m 4155[2mms[22m[39m
     [33m[2mÎ“Â£Ã´[22m[39m should render when open [33m 1165[2mms[22m[39m
     [33m[2mÎ“Â£Ã´[22m[39m should display file statistics [33m 403[2mms[22m[39m
     [33m[2mÎ“Â£Ã´[22m[39m should show warning about content replacement [33m 387[2mms[22m[39m
     [33m[2mÎ“Â£Ã´[22m[39m should switch between Preview and Raw tabs [33m 393[2mms[22m[39m
     [33m[2mÎ“Â£Ã´[22m[39m should display raw markdown in Raw tab [33m 380[2mms[22m[39m
stderr | src/components/IssueDetailModal.test.tsx > IssueDetailModal > should close modal when close button is clicked
Warning: Missing `Description` or `aria-describedby={undefined}` for {DialogContent}.

stderr | src/components/CustomFieldsManager.test.tsx > CustomFieldsManager - Component Behavior > Form Display & State Management > should show field key input in create mode
Warning: Missing `Description` or `aria-describedby={undefined}` for {DialogContent}.

stderr | src/components/IssueDetailModal.test.tsx > IssueDetailModal > should close modal when close button is clicked via dialog-close
Warning: Missing `Description` or `aria-describedby={undefined}` for {DialogContent}.

stderr | src/components/FilterBar.test.tsx > FilterBar > Save Filter Dialog > should validate filter name before saving
Warning: Missing `Description` or `aria-describedby={undefined}` for {DialogContent}.

stderr | src/components/GlobalSearch.test.tsx > GlobalSearch > should debounce search input
`DialogContent` requires a `DialogTitle` for the component to be accessible for screen reader users.

If you want to hide the `DialogTitle`, you can wrap it with our VisuallyHidden component.

For more information, see https://radix-ui.com/primitives/docs/components/dialog
Warning: Missing `Description` or `aria-describedby={undefined}` for {DialogContent}.

stderr | src/components/AutomationRulesManager.test.tsx > AutomationRulesManager - Component Behavior > Dialog Display Logic > should reset form when opening create dialog
Warning: Missing `Description` or `aria-describedby={undefined}` for {DialogContent}.

stderr | src/components/CustomFieldsManager.test.tsx > CustomFieldsManager - Component Behavior > Form Display & State Management > should default field type to 'text'
Warning: Missing `Description` or `aria-describedby={undefined}` for {DialogContent}.

stderr | src/components/IssueDetailModal.test.tsx > IssueDetailModal > should enter edit mode when Edit button is clicked
Warning: Missing `Description` or `aria-describedby={undefined}` for {DialogContent}.

stderr | src/components/ImportExportModal.test.tsx > ImportExportModal - Component Behavior > Export Empty Data Validation > should show error when export data is empty
Warning: Missing `Description` or `aria-describedby={undefined}` for {DialogContent}.

stderr | src/components/AutomationRulesManager.test.tsx > AutomationRulesManager - Component Behavior > Form Validation - Required Fields > should reject save when name is empty
Warning: Missing `Description` or `aria-describedby={undefined}` for {DialogContent}.

stderr | src/components/CustomFieldsManager.test.tsx > CustomFieldsManager - Component Behavior > Form Validation > should show error when trying to save with empty name
Warning: Missing `Description` or `aria-describedby={undefined}` for {DialogContent}.

stderr | src/components/FilterBar.test.tsx > FilterBar > Save Filter Dialog > should save filter with name and public flag
Warning: Missing `Description` or `aria-describedby={undefined}` for {DialogContent}.

stderr | src/components/GlobalSearch.test.tsx > GlobalSearch > should show empty state when query is empty
`DialogContent` requires a `DialogTitle` for the component to be accessible for screen reader users.

If you want to hide the `DialogTitle`, you can wrap it with our VisuallyHidden component.

For more information, see https://radix-ui.com/primitives/docs/components/dialog
Warning: Missing `Description` or `aria-describedby={undefined}` for {DialogContent}.

stderr | src/components/IssueDetailModal.test.tsx > IssueDetailModal > should allow editing title and description
Warning: Missing `Description` or `aria-describedby={undefined}` for {DialogContent}.

stderr | src/components/ImportExportModal.test.tsx > ImportExportModal - Component Behavior > Export Empty Data Validation > should show error when export data is whitespace-only
Warning: Missing `Description` or `aria-describedby={undefined}` for {DialogContent}.

stderr | src/components/CustomFieldsManager.test.tsx > CustomFieldsManager - Component Behavior > Form Validation > should show error when trying to save with empty field key
Warning: Missing `Description` or `aria-describedby={undefined}` for {DialogContent}.

stderr | src/components/AutomationRulesManager.test.tsx > AutomationRulesManager - Component Behavior > Form Validation - Required Fields > should reject save when actionValue is empty
Warning: Missing `Description` or `aria-describedby={undefined}` for {DialogContent}.

stderr | src/components/GlobalSearch.test.tsx > GlobalSearch > should show empty state when no results found
`DialogContent` requires a `DialogTitle` for the component to be accessible for screen reader users.

If you want to hide the `DialogTitle`, you can wrap it with our VisuallyHidden component.

For more information, see https://radix-ui.com/primitives/docs/components/dialog
Warning: Missing `Description` or `aria-describedby={undefined}` for {DialogContent}.

stderr | src/components/ImportExportModal.test.tsx > ImportExportModal - Component Behavior > Export Empty Data Validation > should NOT show error when export has valid data
Warning: Missing `Description` or `aria-describedby={undefined}` for {DialogContent}.

stderr | src/components/ImportExportModal.test.tsx > ImportExportModal - Component Behavior > Export Button State > should show 'Exporting...' text when isExporting is true
Warning: Missing `Description` or `aria-describedby={undefined}` for {DialogContent}.

[90mstdout[2m | src/components/ProjectBoard.test.tsx
[22m[39m[PATCH] test-utils.act patched with simple implementation

[90mstdout[2m | src/components/ui/EmptyState.test.tsx
[22m[39m[PATCH] test-utils.act patched with simple implementation

[90mstdout[2m | src/components/UserMenu.test.tsx
[22m[39m[PATCH] test-utils.act patched with simple implementation

stderr | src/components/GlobalSearch.test.tsx > GlobalSearch > should display issue results with correct metadata
`DialogContent` requires a `DialogTitle` for the component to be accessible for screen reader users.

If you want to hide the `DialogTitle`, you can wrap it with our VisuallyHidden component.

For more information, see https://radix-ui.com/primitives/docs/components/dialog
Warning: Missing `Description` or `aria-describedby={undefined}` for {DialogContent}.

[90mstdout[2m | src/components/CreateIssueModal.test.tsx
[22m[39m[PATCH] test-utils.act patched with simple implementation

stderr | src/components/AutomationRulesManager.test.tsx > AutomationRulesManager - Component Behavior > Form Validation - Required Fields > should treat whitespace-only name as empty
Warning: Missing `Description` or `aria-describedby={undefined}` for {DialogContent}.

stderr | src/components/CustomFieldsManager.test.tsx > CustomFieldsManager - Component Behavior > Form Validation > should accept whitespace-only name as invalid
Warning: Missing `Description` or `aria-describedby={undefined}` for {DialogContent}.

[90mstdout[2m | src/components/ExportButton.test.tsx
[22m[39m[PATCH] test-utils.act patched with simple implementation

stderr | src/components/ImportExportModal.test.tsx > ImportExportModal - Component Behavior > Export Button State > should disable export button while exporting
Warning: Missing `Description` or `aria-describedby={undefined}` for {DialogContent}.

stderr | src/components/GlobalSearch.test.tsx > GlobalSearch > should display document results
`DialogContent` requires a `DialogTitle` for the component to be accessible for screen reader users.

If you want to hide the `DialogTitle`, you can wrap it with our VisuallyHidden component.

For more information, see https://radix-ui.com/primitives/docs/components/dialog
Warning: Missing `Description` or `aria-describedby={undefined}` for {DialogContent}.

 [31mÎ“Â¥Â»[39m src/components/BulkOperationsBar.test.tsx [2m([22m[2m16 tests[22m[2m | [22m[31m1 failed[39m[2m)[22m[33m 7367[2mms[22m[39m
       [32mÎ“Â£Ã´[39m should not render when no issues selected[32m 51[2mms[22m[39m
       [32mÎ“Â£Ã´[39m should render when at least one issue is selected[32m 137[2mms[22m[39m
       [32mÎ“Â£Ã´[39m should use singular 'issue' when exactly 1 selected[32m 32[2mms[22m[39m
       [32mÎ“Â£Ã´[39m should use plural 'issues' when multiple selected[32m 26[2mms[22m[39m
[31m       [31mâ”œÃ¹[31m should update count when selection changes[39m[32m 66[2mms[22m[39m
       [33m[2mÎ“Â£Ã´[22m[39m should call onClearSelection when Clear button clicked [33m 720[2mms[22m[39m
       [33m[2mÎ“Â£Ã´[22m[39m should show singular message in delete dialog for 1 issue [33m 852[2mms[22m[39m
       [33m[2mÎ“Â£Ã´[22m[39m should show plural message in delete dialog for multiple issues [33m 481[2mms[22m[39m
       [33m[2mÎ“Â£Ã´[22m[39m should close dialog when cancel clicked [33m 776[2mms[22m[39m
       [33m[2mÎ“Â£Ã´[22m[39m should call bulkDelete and onClearSelection after confirm [33m 737[2mms[22m[39m
       [33m[2mÎ“Â£Ã´[22m[39m should show success toast after delete [33m 590[2mms[22m[39m
       [33m[2mÎ“Â£Ã´[22m[39m should show error toast when delete fails [33m 598[2mms[22m[39m
       [33m[2mÎ“Â£Ã´[22m[39m should NOT call onClearSelection when delete fails [33m 589[2mms[22m[39m
       [33m[2mÎ“Â£Ã´[22m[39m should toggle actions visibility when clicking Show/Hide button [33m 943[2mms[22m[39m
       [32mÎ“Â£Ã´[39m should show action dropdowns when actions are visible[32m 199[2mms[22m[39m
       [33m[2mÎ“Â£Ã´[22m[39m should convert Set to Array when calling delete mutation [33m 545[2mms[22m[39m
stderr | src/components/ImportExportModal.test.tsx > ImportExportModal - Component Behavior > Export Button State > should show correct format in button text when switching formats
Warning: Missing `Description` or `aria-describedby={undefined}` for {DialogContent}.

stderr | src/components/FilterBar.test.tsx > FilterBar > Save Filter Dialog > should handle save filter error
Warning: Missing `Description` or `aria-describedby={undefined}` for {DialogContent}.

stderr | src/components/AutomationRulesManager.test.tsx > AutomationRulesManager - Component Behavior > Form Validation - Required Fields > should treat whitespace-only actionValue as empty
Warning: Missing `Description` or `aria-describedby={undefined}` for {DialogContent}.

stderr | src/components/IssueDetailModal.test.tsx > IssueDetailModal > should call update mutation when Save is clicked
Warning: Missing `Description` or `aria-describedby={undefined}` for {DialogContent}.

stderr | src/components/ImportExportModal.test.tsx > ImportExportModal - Component Behavior > Import File Validation > should show error when trying to import without selecting file
Warning: Missing `Description` or `aria-describedby={undefined}` for {DialogContent}.

stderr | src/components/GlobalSearch.test.tsx > GlobalSearch > should close modal when backdrop is clicked
`DialogContent` requires a `DialogTitle` for the component to be accessible for screen reader users.

If you want to hide the `DialogTitle`, you can wrap it with our VisuallyHidden component.

For more information, see https://radix-ui.com/primitives/docs/components/dialog
Warning: Missing `Description` or `aria-describedby={undefined}` for {DialogContent}.

 [32mÎ“Â£Ã´[39m src/components/NotificationCenter.test.tsx [2m([22m[2m14 tests[22m[2m)[22m[33m 7576[2mms[22m[39m
     [33m[2mÎ“Â£Ã´[22m[39m should render notification bell button [33m 650[2mms[22m[39m
     [33m[2mÎ“Â£Ã´[22m[39m should open dropdown when bell is clicked [33m 1317[2mms[22m[39m
     [33m[2mÎ“Â£Ã´[22m[39m should show empty state when no notifications [33m 658[2mms[22m[39m
     [33m[2mÎ“Â£Ã´[22m[39m should display notification list [33m 675[2mms[22m[39m
     [33m[2mÎ“Â£Ã´[22m[39m should highlight unread notifications [33m 544[2mms[22m[39m
     [33m[2mÎ“Â£Ã´[22m[39m should call markAsRead when mark as read button is clicked [33m 669[2mms[22m[39m
     [33m[2mÎ“Â£Ã´[22m[39m should call markAllAsRead when mark all read button is clicked [33m 662[2mms[22m[39m
     [33m[2mÎ“Â£Ã´[22m[39m should call remove when delete button is clicked [33m 661[2mms[22m[39m
     [33m[2mÎ“Â£Ã´[22m[39m should format time correctly [33m 592[2mms[22m[39m
     [33m[2mÎ“Â£Ã´[22m[39m should show correct icon for notification type [33m 498[2mms[22m[39m
     [33m[2mÎ“Â£Ã´[22m[39m should close dropdown when backdrop is clicked [33m 556[2mms[22m[39m
stderr | src/components/CustomFieldsManager.test.tsx > CustomFieldsManager - Component Behavior > Field Key Transformation > should convert field key to lowercase
Warning: Missing `Description` or `aria-describedby={undefined}` for {DialogContent}.

stderr | src/components/GlobalSearch.test.tsx > GlobalSearch > should close modal when Escape is pressed
`DialogContent` requires a `DialogTitle` for the component to be accessible for screen reader users.

If you want to hide the `DialogTitle`, you can wrap it with our VisuallyHidden component.

For more information, see https://radix-ui.com/primitives/docs/components/dialog
Warning: Missing `Description` or `aria-describedby={undefined}` for {DialogContent}.

stderr | src/components/ImportExportModal.test.tsx > ImportExportModal - Component Behavior > Import File Validation > should disable import button when no file selected
Warning: Missing `Description` or `aria-describedby={undefined}` for {DialogContent}.

stderr | src/components/FilterBar.test.tsx > FilterBar > Save Filter Dialog > should reset form fields when save dialog is closed
Warning: Missing `Description` or `aria-describedby={undefined}` for {DialogContent}.

stderr | src/components/AutomationRulesManager.test.tsx > AutomationRulesManager - Component Behavior > JSON Validation Logic > should reject invalid JSON in actionValue
Warning: Missing `Description` or `aria-describedby={undefined}` for {DialogContent}.

stderr | src/components/GlobalSearch.test.tsx > GlobalSearch > should show result count
`DialogContent` requires a `DialogTitle` for the component to be accessible for screen reader users.

If you want to hide the `DialogTitle`, you can wrap it with our VisuallyHidden component.

For more information, see https://radix-ui.com/primitives/docs/components/dialog
Warning: Missing `Description` or `aria-describedby={undefined}` for {DialogContent}.

stderr | src/components/ImportExportModal.test.tsx > ImportExportModal - Component Behavior > Import File Validation > should enable import button after file is selected
Warning: Missing `Description` or `aria-describedby={undefined}` for {DialogContent}.

stderr | src/components/IssueDetailModal.test.tsx > IssueDetailModal > should exit edit mode when Cancel is clicked
Warning: Missing `Description` or `aria-describedby={undefined}` for {DialogContent}.

stderr | src/components/GlobalSearch.test.tsx > GlobalSearch > should navigate to issue when result is clicked
`DialogContent` requires a `DialogTitle` for the component to be accessible for screen reader users.

If you want to hide the `DialogTitle`, you can wrap it with our VisuallyHidden component.

For more information, see https://radix-ui.com/primitives/docs/components/dialog
Warning: Missing `Description` or `aria-describedby={undefined}` for {DialogContent}.

stderr | src/components/AutomationRulesManager.test.tsx > AutomationRulesManager - Component Behavior > JSON Validation Logic > should accept valid JSON in actionValue
Warning: Missing `Description` or `aria-describedby={undefined}` for {DialogContent}.

stderr | src/components/ImportExportModal.test.tsx > ImportExportModal - Component Behavior > File Selection Display > should display selected file name and size
Warning: Missing `Description` or `aria-describedby={undefined}` for {DialogContent}.

stderr | src/components/CustomFieldsManager.test.tsx > CustomFieldsManager - Component Behavior > Field Key Transformation > should replace spaces with underscores in field key
Warning: Missing `Description` or `aria-describedby={undefined}` for {DialogContent}.

stderr | src/components/FilterBar.test.tsx > FilterBar > Save Filter Dialog > should reset form fields when save dialog is closed
Warning: Missing `Description` or `aria-describedby={undefined}` for {DialogContent}.

 [32mÎ“Â£Ã´[39m src/components/CustomFieldValues.test.tsx [2m([22m[2m32 tests[22m[2m)[22m[33m 10674[2mms[22m[39m
       [33m[2mÎ“Â£Ã´[22m[39m should trim value before saving [33m 1824[2mms[22m[39m
       [33m[2mÎ“Â£Ã´[22m[39m should call removeValue when saving whitespace-only value [33m 1058[2mms[22m[39m
       [33m[2mÎ“Â£Ã´[22m[39m should call removeValue when saving empty value [33m 408[2mms[22m[39m
       [33m[2mÎ“Â£Ã´[22m[39m should show edit form when Edit button clicked [33m 336[2mms[22m[39m
       [33m[2mÎ“Â£Ã´[22m[39m should populate edit form with current value [33m 326[2mms[22m[39m
       [33m[2mÎ“Â£Ã´[22m[39m should close edit mode when Cancel clicked [33m 717[2mms[22m[39m
       [33m[2mÎ“Â£Ã´[22m[39m should close edit mode and clear form after successful save [33m 541[2mms[22m[39m
       [33m[2mÎ“Â£Ã´[22m[39m should store checkbox as 'true' string when checked [33m 526[2mms[22m[39m
       [33m[2mÎ“Â£Ã´[22m[39m should store checkbox as 'false' string when unchecked [33m 621[2mms[22m[39m
       [33m[2mÎ“Â£Ã´[22m[39m should add option to comma-separated value when checked [33m 408[2mms[22m[39m
       [33m[2mÎ“Â£Ã´[22m[39m should handle multiple selections with comma separation [33m 607[2mms[22m[39m
       [33m[2mÎ“Â£Ã´[22m[39m should remove option from comma-separated value when unchecked [33m 544[2mms[22m[39m
       [33m[2mÎ“Â£Ã´[22m[39m should show error toast when save fails [33m 628[2mms[22m[39m
       [33m[2mÎ“Â£Ã´[22m[39m should show generic error when error has no message [33m 707[2mms[22m[39m
stderr | src/components/IssueDetailModal.test.tsx > IssueDetailModal > should show No description provided when description is empty
Warning: Missing `Description` or `aria-describedby={undefined}` for {DialogContent}.

Not implemented: navigation to another Document
stderr | src/components/ImportExportModal.test.tsx > ImportExportModal - Component Behavior > File Selection Display > should calculate file size correctly
Warning: Missing `Description` or `aria-describedby={undefined}` for {DialogContent}.

stderr | src/components/IssueDetailModal.test.tsx > IssueDetailModal > should show Unassigned when no assignee
Warning: Missing `Description` or `aria-describedby={undefined}` for {DialogContent}.

 [32mÎ“Â£Ã´[39m src/components/GlobalSearch.test.tsx [2m([22m[2m16 tests[22m[2m)[22m[33m 9654[2mms[22m[39m
     [33m[2mÎ“Â£Ã´[22m[39m should render search button [33m 804[2mms[22m[39m
     [33m[2mÎ“Â£Ã´[22m[39m should open modal when search button is clicked [33m 952[2mms[22m[39m
     [33m[2mÎ“Â£Ã´[22m[39m should open modal when Cmd+K is pressed [33m 340[2mms[22m[39m
     [33m[2mÎ“Â£Ã´[22m[39m should show all tabs: All, Issues, Documents [33m 311[2mms[22m[39m
     [33m[2mÎ“Â£Ã´[22m[39m should filter by tab selection [33m 1553[2mms[22m[39m
     [33m[2mÎ“Â£Ã´[22m[39m should debounce search input [33m 743[2mms[22m[39m
     [33m[2mÎ“Â£Ã´[22m[39m should show empty state when no results found [33m 1007[2mms[22m[39m
     [33m[2mÎ“Â£Ã´[22m[39m should display issue results with correct metadata [33m 592[2mms[22m[39m
     [33m[2mÎ“Â£Ã´[22m[39m should display document results [33m 536[2mms[22m[39m
     [33m[2mÎ“Â£Ã´[22m[39m should close modal when backdrop is clicked [33m 430[2mms[22m[39m
     [33m[2mÎ“Â£Ã´[22m[39m should close modal when Escape is pressed [33m 350[2mms[22m[39m
     [33m[2mÎ“Â£Ã´[22m[39m should show result count [33m 579[2mms[22m[39m
     [33m[2mÎ“Â£Ã´[22m[39m should navigate to issue when result is clicked [33m 875[2mms[22m[39m
stderr | src/components/IssueDetailModal.test.tsx > IssueDetailModal > should not show Labels section when no labels
Warning: Missing `Description` or `aria-describedby={undefined}` for {DialogContent}.

[90mstdout[2m | src/components/SectionErrorFallback.test.tsx
[22m[39m[PATCH] test-utils.act patched with simple implementation

stderr | src/components/IssueDetailModal.test.tsx > IssueDetailModal > should handle save error gracefully
Warning: Missing `Description` or `aria-describedby={undefined}` for {DialogContent}.

stderr | src/components/ImportExportModal.test.tsx > ImportExportModal - Component Behavior > Import Success Message Formatting > should use singular 'issue' when importing 1 issue
Warning: Missing `Description` or `aria-describedby={undefined}` for {DialogContent}.

 [32mÎ“Â£Ã´[39m src/components/FilterBar.test.tsx [2m([22m[2m21 tests[22m[2m)[22m[33m 10227[2mms[22m[39m
       [33m[2mÎ“Â£Ã´[22m[39m should load filter when selecting from dropdown [33m 872[2mms[22m[39m
       [33m[2mÎ“Â£Ã´[22m[39m should load filter when clicking quick filter button [33m 754[2mms[22m[39m
       [33m[2mÎ“Â£Ã´[22m[39m should display correct active filter count [33m 346[2mms[22m[39m
       [33m[2mÎ“Â£Ã´[22m[39m should clear filters when clicking Clear button [33m 325[2mms[22m[39m
       [33m[2mÎ“Â£Ã´[22m[39m should open save dialog when clicking Save Filter button [33m 651[2mms[22m[39m
       [33m[2mÎ“Â£Ã´[22m[39m should close save dialog when clicking Cancel [33m 739[2mms[22m[39m
       [33m[2mÎ“Â£Ã´[22m[39m should validate filter name before saving [33m 791[2mms[22m[39m
       [33m[2mÎ“Â£Ã´[22m[39m should save filter with name and public flag [33m 2062[2mms[22m[39m
       [33m[2mÎ“Â£Ã´[22m[39m should handle save filter error [33m 945[2mms[22m[39m
       [33m[2mÎ“Â£Ã´[22m[39m should reset form fields when save dialog is closed [33m 1628[2mms[22m[39m
stderr | src/components/AutomationRulesManager.test.tsx > AutomationRulesManager - Component Behavior > JSON Validation Logic > should accept empty object as valid JSON
Warning: Missing `Description` or `aria-describedby={undefined}` for {DialogContent}.

[90mstdout[2m | convex/analytics.test.ts
[22m[39m[PATCH] test-utils.act patched with simple implementation

[90mstdout[2m | src/components/ui/LoadingSpinner.test.tsx
[22m[39m[PATCH] test-utils.act patched with simple implementation

stderr | src/components/ImportExportModal.test.tsx > ImportExportModal - Component Behavior > Import Success Message Formatting > should use plural 'issues' when importing multiple
Warning: Missing `Description` or `aria-describedby={undefined}` for {DialogContent}.

stderr | src/components/AutomationRulesManager.test.tsx > AutomationRulesManager - Component Behavior > JSON Validation Logic > should accept complex nested JSON
Warning: Missing `Description` or `aria-describedby={undefined}` for {DialogContent}.

stderr | src/components/IssueDetailModal.test.tsx > IssueDetailModal > should display story points in metadata
Warning: Missing `Description` or `aria-describedby={undefined}` for {DialogContent}.

stderr | src/components/CustomFieldsManager.test.tsx > CustomFieldsManager - Component Behavior > Field Key Transformation > should replace multiple spaces with single underscore
Warning: Missing `Description` or `aria-describedby={undefined}` for {DialogContent}.

stderr | src/components/IssueDetailModal.test.tsx > IssueDetailModal > should show 'Not set' when story points is undefined
Warning: Missing `Description` or `aria-describedby={undefined}` for {DialogContent}.

stderr | src/components/IssueDetailModal.test.tsx > IssueDetailModal > should display decimal story points correctly
Warning: Missing `Description` or `aria-describedby={undefined}` for {DialogContent}.

 [32mÎ“Â£Ã´[39m src/components/IssueDetailModal.test.tsx [2m([22m[2m20 tests[22m[2m)[22m[33m 10292[2mms[22m[39m
     [33m[2mÎ“Â£Ã´[22m[39m should show loading state when issue is undefined [33m 1277[2mms[22m[39m
     [33m[2mÎ“Â£Ã´[22m[39m should render issue details [33m 421[2mms[22m[39m
     [33m[2mÎ“Â£Ã´[22m[39m should close modal when close button is clicked [33m 430[2mms[22m[39m
     [33m[2mÎ“Â£Ã´[22m[39m should enter edit mode when Edit button is clicked [33m 597[2mms[22m[39m
     [33m[2mÎ“Â£Ã´[22m[39m should allow editing title and description [33m 2105[2mms[22m[39m
     [33m[2mÎ“Â£Ã´[22m[39m should call update mutation when Save is clicked [33m 1387[2mms[22m[39m
     [33m[2mÎ“Â£Ã´[22m[39m should exit edit mode when Cancel is clicked [33m 839[2mms[22m[39m
     [33m[2mÎ“Â£Ã´[22m[39m should handle save error gracefully [33m 1105[2mms[22m[39m
[90mstdout[2m | src/components/Dashboard/MyIssuesList.test.tsx
[22m[39m[PATCH] test-utils.act patched with simple implementation

stderr | src/components/AutomationRulesManager.test.tsx > AutomationRulesManager - Component Behavior > Whitespace Trimming Logic > should trim name before sending
Warning: Missing `Description` or `aria-describedby={undefined}` for {DialogContent}.

stderr | src/components/ImportExportModal.test.tsx > ImportExportModal - Component Behavior > Import Success Message Formatting > should include failure count in success message when some failed
Warning: Missing `Description` or `aria-describedby={undefined}` for {DialogContent}.

[90mstdout[2m | convex/invites.test.ts
[22m[39m[PATCH] test-utils.act patched with simple implementation

stderr | src/components/ImportExportModal.test.tsx > ImportExportModal - Component Behavior > Import Success Message Formatting > should NOT show failure count when all succeeded
Warning: Missing `Description` or `aria-describedby={undefined}` for {DialogContent}.

 [32mÎ“Â£Ã´[39m src/components/ExportButton.test.tsx [2m([22m[2m10 tests[22m[2m)[22m[33m 2300[2mms[22m[39m
     [33m[2mÎ“Â£Ã´[22m[39m should render import/export button [33m 756[2mms[22m[39m
     [33m[2mÎ“Â£Ã´[22m[39m should close modal when onClose is called [33m 348[2mms[22m[39m
     [33m[2mÎ“Â£Ã´[22m[39m should work with different projectIds [33m 388[2mms[22m[39m
 [32mÎ“Â£Ã´[39m src/components/ui/EmptyState.test.tsx [2m([22m[2m33 tests[22m[2m)[22m[33m 2772[2mms[22m[39m
       [33m[2mÎ“Â£Ã´[22m[39m should render icon and title [33m 652[2mms[22m[39m
stderr | src/components/AutomationRulesManager.test.tsx > AutomationRulesManager - Component Behavior > Whitespace Trimming Logic > should convert empty description to undefined
Warning: Missing `Description` or `aria-describedby={undefined}` for {DialogContent}.

stderr | src/components/CustomFieldsManager.test.tsx > CustomFieldsManager - Component Behavior > Options Field Conditional Display > should not show options field for text type
Warning: Missing `Description` or `aria-describedby={undefined}` for {DialogContent}.

stderr | src/components/CustomFieldsManager.test.tsx > CustomFieldsManager - Component Behavior > Options Field Conditional Display > should show options field when select type is chosen
Warning: Missing `Description` or `aria-describedby={undefined}` for {DialogContent}.

stderr | src/components/ImportExportModal.test.tsx > ImportExportModal - Component Behavior > Import Error Handling > should show error when no issues were imported
Warning: Missing `Description` or `aria-describedby={undefined}` for {DialogContent}.

stderr | src/components/AutomationRulesManager.test.tsx > AutomationRulesManager - Component Behavior > Whitespace Trimming Logic > should convert whitespace-only description to undefined
Warning: Missing `Description` or `aria-describedby={undefined}` for {DialogContent}.

stderr | src/components/CustomFieldsManager.test.tsx > CustomFieldsManager - Component Behavior > Options Field Conditional Display > should show options field when multiselect type is chosen
Warning: Missing `Description` or `aria-describedby={undefined}` for {DialogContent}.

stderr | src/components/CreateIssueModal.test.tsx > CreateIssueModal > should render story points input field
Warning: Missing `Description` or `aria-describedby={undefined}` for {DialogContent}.

stderr | src/components/CreateIssueModal.test.tsx > CreateIssueModal > should allow user to enter story points
Warning: Missing `Description` or `aria-describedby={undefined}` for {DialogContent}.

stderr | src/components/CustomFieldsManager.test.tsx > CustomFieldsManager - Component Behavior > Options Field Conditional Display > should hide options field when switching from select to text
Warning: Missing `Description` or `aria-describedby={undefined}` for {DialogContent}.

stderr | src/components/ImportExportModal.test.tsx > ImportExportModal - Component Behavior > Import Error Handling > should show error message when import fails
Warning: Missing `Description` or `aria-describedby={undefined}` for {DialogContent}.

stderr | src/components/CreateIssueModal.test.tsx > CreateIssueModal > should create issue with story points
Warning: Missing `Description` or `aria-describedby={undefined}` for {DialogContent}.

stderr | src/components/AutomationRulesManager.test.tsx > AutomationRulesManager - Component Behavior > Whitespace Trimming Logic > should convert empty triggerValue to undefined
Warning: Missing `Description` or `aria-describedby={undefined}` for {DialogContent}.

stderr | src/components/CustomFieldsManager.test.tsx > CustomFieldsManager - Component Behavior > Options Parsing Logic > should parse comma-separated options correctly
Warning: Missing `Description` or `aria-describedby={undefined}` for {DialogContent}.

stderr | src/components/ImportExportModal.test.tsx > ImportExportModal - Component Behavior > Import Error Handling > should show generic error when error has no message
Warning: Missing `Description` or `aria-describedby={undefined}` for {DialogContent}.

stderr | src/components/AutomationRulesManager.test.tsx > AutomationRulesManager - Component Behavior > Edit Mode Behavior > should populate form when Edit clicked
Warning: Missing `Description` or `aria-describedby={undefined}` for {DialogContent}.

[90mstdout[2m | src/components/AnalyticsDashboard.test.tsx
[22m[39m[PATCH] test-utils.act patched with simple implementation

 [32mÎ“Â£Ã´[39m src/components/CreateIssueModal.test.tsx [2m([22m[2m3 tests[22m[2m)[22m[33m 2916[2mms[22m[39m
     [33m[2mÎ“Â£Ã´[22m[39m should render story points input field [33m 1103[2mms[22m[39m
     [33m[2mÎ“Â£Ã´[22m[39m should allow user to enter story points [33m 499[2mms[22m[39m
     [33m[2mÎ“Â£Ã´[22m[39m should create issue with story points [33m 1302[2mms[22m[39m
stderr | src/components/AutomationRulesManager.test.tsx > AutomationRulesManager - Component Behavior > Edit Mode Behavior > should show 'Edit Automation Rule' title in edit mode
Warning: Missing `Description` or `aria-describedby={undefined}` for {DialogContent}.

stderr | src/components/AutomationRulesManager.test.tsx > AutomationRulesManager - Component Behavior > Edit Mode Behavior > should show 'Update Rule' button in edit mode
Warning: Missing `Description` or `aria-describedby={undefined}` for {DialogContent}.

[90mstdout[2m | src/components/Settings/ProfileContent.test.tsx
[22m[39m[PATCH] test-utils.act patched with simple implementation

stderr | src/components/ImportExportModal.test.tsx > ImportExportModal - Component Behavior > Import Button State > should show 'Importing...' text while importing
Warning: Missing `Description` or `aria-describedby={undefined}` for {DialogContent}.

 [32mÎ“Â£Ã´[39m src/components/ui/LoadingSpinner.test.tsx [2m([22m[2m36 tests[22m[2m)[22m[33m 2219[2mms[22m[39m
       [33m[2mÎ“Â£Ã´[22m[39m should render with default props [33m 649[2mms[22m[39m
stderr | src/components/AutomationRulesManager.test.tsx > AutomationRulesManager - Component Behavior > Edit Mode Behavior > should preserve selected trigger and action type in edit mode
Warning: Missing `Description` or `aria-describedby={undefined}` for {DialogContent}.

 [32mÎ“Â£Ã´[39m src/components/SectionErrorFallback.test.tsx [2m([22m[2m21 tests[22m[2m)[22m[33m 2442[2mms[22m[39m
       [33m[2mÎ“Â£Ã´[22m[39m should render provided title [33m 614[2mms[22m[39m
       [33m[2mÎ“Â£Ã´[22m[39m should call onRetry multiple times when clicked multiple times [33m 334[2mms[22m[39m
stderr | src/components/AutomationRulesManager.test.tsx > AutomationRulesManager - Component Behavior > Edit Mode Behavior > should call updateRule instead of createRule when saving in edit mode
Warning: Missing `Description` or `aria-describedby={undefined}` for {DialogContent}.

stderr | src/components/ImportExportModal.test.tsx > ImportExportModal - Component Behavior > Import Button State > should disable import button while importing
Warning: Missing `Description` or `aria-describedby={undefined}` for {DialogContent}.

stderr | src/components/AutomationRulesManager.test.tsx > AutomationRulesManager - Component Behavior > Edit Mode Behavior > should handle missing description in edit mode
Warning: Missing `Description` or `aria-describedby={undefined}` for {DialogContent}.

stderr | src/components/AutomationRulesManager.test.tsx > AutomationRulesManager - Component Behavior > Edit Mode Behavior > should handle missing triggerValue in edit mode
Warning: Missing `Description` or `aria-describedby={undefined}` for {DialogContent}.

 [32mÎ“Â£Ã´[39m src/components/Dashboard/MyIssuesList.test.tsx [2m([22m[2m18 tests[22m[2m)[22m[33m 2014[2mms[22m[39m
     [33m[2mÎ“Â£Ã´[22m[39m should call onFilterChange when switching to assigned tab [33m 652[2mms[22m[39m
     [33m[2mÎ“Â£Ã´[22m[39m should render multiple issues with staggered animation [33m 320[2mms[22m[39m
stderr | src/components/CustomFieldsManager.test.tsx > CustomFieldsManager - Component Behavior > Options Parsing Logic > should trim whitespace from options
Warning: Missing `Description` or `aria-describedby={undefined}` for {DialogContent}.

[90mstdout[2m | src/components/Settings/PreferencesTab.test.tsx
[22m[39m[PATCH] test-utils.act patched with simple implementation

[90mstdout[2m | src/components/ErrorBoundary.test.tsx
[22m[39m[PATCH] test-utils.act patched with simple implementation

stderr | src/components/ImportExportModal.test.tsx > ImportExportModal - Component Behavior > Modal Close Behavior > should close modal after successful import
Warning: Missing `Description` or `aria-describedby={undefined}` for {DialogContent}.

stderr | src/components/AutomationRulesManager.test.tsx > AutomationRulesManager - Component Behavior > Success & Error Handling > should show success toast and close dialog after create
Warning: Missing `Description` or `aria-describedby={undefined}` for {DialogContent}.

 [32mÎ“Â£Ã´[39m convex/analytics.test.ts [2m([22m[2m23 tests[22m[2m)[22m[33m 1968[2mms[22m[39m
       [33m[2mÎ“Â£Ã´[22m[39m should deny unauthenticated users [33m 863[2mms[22m[39m
       [33m[2mÎ“Â£Ã´[22m[39m should return burndown data for a sprint [33m 614[2mms[22m[39m
 [32mÎ“Â£Ã´[39m src/components/UserMenu.test.tsx [2m([22m[2m3 tests[22m[2m)[22m[33m 2677[2mms[22m[39m
     [33m[2mÎ“Â£Ã´[22m[39m renders user avatar [33m 803[2mms[22m[39m
     [33m[2mÎ“Â£Ã´[22m[39m opens menu and shows user details [33m 1041[2mms[22m[39m
     [33m[2mÎ“Â£Ã´[22m[39m calls signOut when sign out is clicked [33m 827[2mms[22m[39m
[90mstdout[2m | convex/webhooks.test.ts
[22m[39m[PATCH] test-utils.act patched with simple implementation

stderr | src/components/ImportExportModal.test.tsx > ImportExportModal - Component Behavior > Modal Close Behavior > should NOT close modal when import fails
Warning: Missing `Description` or `aria-describedby={undefined}` for {DialogContent}.

stderr | src/components/AutomationRulesManager.test.tsx > AutomationRulesManager - Component Behavior > Success & Error Handling > should show success toast and close dialog after update
Warning: Missing `Description` or `aria-describedby={undefined}` for {DialogContent}.

 [32mÎ“Â£Ã´[39m convex/invites.test.ts [2m([22m[2m6 tests[22m[2m)[22m[33m 1559[2mms[22m[39m
       [33m[2mÎ“Â£Ã´[22m[39m should send a platform invite from admin [33m 1432[2mms[22m[39m
stderr | src/components/AutomationRulesManager.test.tsx > AutomationRulesManager - Component Behavior > Success & Error Handling > should show error toast when create fails
Warning: Missing `Description` or `aria-describedby={undefined}` for {DialogContent}.

 [32mÎ“Â£Ã´[39m src/components/ProjectBoard.test.tsx [2m([22m[2m13 tests[22m[2m)[22m[33m 2602[2mms[22m[39m
     [33m[2mÎ“Â£Ã´[22m[39m should switch to backlog when clicking Backlog tab [33m 576[2mms[22m[39m
     [33m[2mÎ“Â£Ã´[22m[39m should switch to analytics view when clicking Analytics tab [33m 532[2mms[22m[39m
     [33m[2mÎ“Â£Ã´[22m[39m should highlight active tab [33m 535[2mms[22m[39m
stderr | src/components/ImportExportModal.test.tsx > ImportExportModal - Component Behavior > File Accept Attribute > should accept .csv files when CSV format selected
Warning: Missing `Description` or `aria-describedby={undefined}` for {DialogContent}.

[90mstdout[2m | convex/issues.test.ts
[22m[39m[PATCH] test-utils.act patched with simple implementation

stderr | src/components/ImportExportModal.test.tsx > ImportExportModal - Component Behavior > File Accept Attribute > should accept .json files when JSON format selected
Warning: Missing `Description` or `aria-describedby={undefined}` for {DialogContent}.

 [32mÎ“Â£Ã´[39m src/components/ImportExportModal.test.tsx [2m([22m[2m28 tests[22m[2m)[22m[33m 19698[2mms[22m[39m
       [33m[2mÎ“Â£Ã´[22m[39m should default to export mode [33m 1279[2mms[22m[39m
       [33m[2mÎ“Â£Ã´[22m[39m should switch to import mode when Import button clicked [33m 688[2mms[22m[39m
       [33m[2mÎ“Â£Ã´[22m[39m should switch back to export mode when Export button clicked [33m 662[2mms[22m[39m
       [33m[2mÎ“Â£Ã´[22m[39m should maintain separate format selections for export and import [33m 1605[2mms[22m[39m
       [33m[2mÎ“Â£Ã´[22m[39m should show error when export data is empty [33m 461[2mms[22m[39m
       [33m[2mÎ“Â£Ã´[22m[39m should show error when export data is whitespace-only [33m 503[2mms[22m[39m
       [33m[2mÎ“Â£Ã´[22m[39m should NOT show error when export has valid data [33m 511[2mms[22m[39m
       [33m[2mÎ“Â£Ã´[22m[39m should show 'Exporting...' text when isExporting is true [33m 485[2mms[22m[39m
       [33m[2mÎ“Â£Ã´[22m[39m should disable export button while exporting [33m 461[2mms[22m[39m
       [33m[2mÎ“Â£Ã´[22m[39m should show correct format in button text when switching formats [33m 689[2mms[22m[39m
       [33m[2mÎ“Â£Ã´[22m[39m should show error when trying to import without selecting file [33m 456[2mms[22m[39m
       [33m[2mÎ“Â£Ã´[22m[39m should disable import button when no file selected [33m 424[2mms[22m[39m
       [33m[2mÎ“Â£Ã´[22m[39m should enable import button after file is selected [33m 673[2mms[22m[39m
       [33m[2mÎ“Â£Ã´[22m[39m should display selected file name and size [33m 399[2mms[22m[39m
       [33m[2mÎ“Â£Ã´[22m[39m should calculate file size correctly [33m 408[2mms[22m[39m
       [33m[2mÎ“Â£Ã´[22m[39m should use singular 'issue' when importing 1 issue [33m 829[2mms[22m[39m
       [33m[2mÎ“Â£Ã´[22m[39m should use plural 'issues' when importing multiple [33m 883[2mms[22m[39m
       [33m[2mÎ“Â£Ã´[22m[39m should include failure count in success message when some failed [33m 928[2mms[22m[39m
       [33m[2mÎ“Â£Ã´[22m[39m should NOT show failure count when all succeeded [33m 873[2mms[22m[39m
       [33m[2mÎ“Â£Ã´[22m[39m should show error when no issues were imported [33m 780[2mms[22m[39m
       [33m[2mÎ“Â£Ã´[22m[39m should show error message when import fails [33m 844[2mms[22m[39m
       [33m[2mÎ“Â£Ã´[22m[39m should show generic error when error has no message [33m 836[2mms[22m[39m
       [33m[2mÎ“Â£Ã´[22m[39m should show 'Importing...' text while importing [33m 916[2mms[22m[39m
       [33m[2mÎ“Â£Ã´[22m[39m should disable import button while importing [33m 1035[2mms[22m[39m
       [33m[2mÎ“Â£Ã´[22m[39m should close modal after successful import [33m 758[2mms[22m[39m
       [33m[2mÎ“Â£Ã´[22m[39m should NOT close modal when import fails [33m 765[2mms[22m[39m
       [33m[2mÎ“Â£Ã´[22m[39m should accept .json files when JSON format selected [33m 314[2mms[22m[39m
stderr | src/components/AutomationRulesManager.test.tsx > AutomationRulesManager - Component Behavior > Success & Error Handling > should show generic error when error has no message
Warning: Missing `Description` or `aria-describedby={undefined}` for {DialogContent}.

 [32mÎ“Â£Ã´[39m src/components/AutomationRulesManager.test.tsx [2m([22m[2m43 tests[22m[2m)[22m[33m 20076[2mms[22m[39m
       [33m[2mÎ“Â£Ã´[22m[39m should show Create Rule button [33m 738[2mms[22m[39m
       [33m[2mÎ“Â£Ã´[22m[39m should show dialog when Create Rule clicked [33m 786[2mms[22m[39m
       [33m[2mÎ“Â£Ã´[22m[39m should close dialog when Cancel clicked [33m 635[2mms[22m[39m
       [33m[2mÎ“Â£Ã´[22m[39m should reset form when opening create dialog [33m 1838[2mms[22m[39m
       [33m[2mÎ“Â£Ã´[22m[39m should reject save when name is empty [33m 574[2mms[22m[39m
       [33m[2mÎ“Â£Ã´[22m[39m should reject save when actionValue is empty [33m 1096[2mms[22m[39m
       [33m[2mÎ“Â£Ã´[22m[39m should treat whitespace-only name as empty [33m 725[2mms[22m[39m
       [33m[2mÎ“Â£Ã´[22m[39m should treat whitespace-only actionValue as empty [33m 934[2mms[22m[39m
       [33m[2mÎ“Â£Ã´[22m[39m should reject invalid JSON in actionValue [33m 937[2mms[22m[39m
       [33m[2mÎ“Â£Ã´[22m[39m should accept valid JSON in actionValue [33m 1001[2mms[22m[39m
       [33m[2mÎ“Â£Ã´[22m[39m should accept empty object as valid JSON [33m 890[2mms[22m[39m
       [33m[2mÎ“Â£Ã´[22m[39m should accept complex nested JSON [33m 719[2mms[22m[39m
       [33m[2mÎ“Â£Ã´[22m[39m should trim name before sending [33m 1243[2mms[22m[39m
       [33m[2mÎ“Â£Ã´[22m[39m should convert empty description to undefined [33m 817[2mms[22m[39m
       [33m[2mÎ“Â£Ã´[22m[39m should convert whitespace-only description to undefined [33m 942[2mms[22m[39m
       [33m[2mÎ“Â£Ã´[22m[39m should convert empty triggerValue to undefined [33m 740[2mms[22m[39m
       [33m[2mÎ“Â£Ã´[22m[39m should show 'Update Rule' button in edit mode [33m 332[2mms[22m[39m
       [33m[2mÎ“Â£Ã´[22m[39m should call updateRule instead of createRule when saving in edit mode [33m 488[2mms[22m[39m
       [33m[2mÎ“Â£Ã´[22m[39m should show success toast and close dialog after create [33m 726[2mms[22m[39m
       [33m[2mÎ“Â£Ã´[22m[39m should show success toast and close dialog after update [33m 374[2mms[22m[39m
       [33m[2mÎ“Â£Ã´[22m[39m should show error toast when create fails [33m 800[2mms[22m[39m
       [33m[2mÎ“Â£Ã´[22m[39m should show generic error when error has no message [33m 715[2mms[22m[39m
 [32mÎ“Â£Ã´[39m src/components/AnalyticsDashboard.test.tsx [2m([22m[2m12 tests[22m[2m)[22m[33m 1340[2mms[22m[39m
stderr | src/components/CustomFieldsManager.test.tsx > CustomFieldsManager - Component Behavior > Options Parsing Logic > should filter out empty options
Warning: Missing `Description` or `aria-describedby={undefined}` for {DialogContent}.

[90mstdout[2m | convex/documents.test.ts
[22m[39m[PATCH] test-utils.act patched with simple implementation

[90mstdout[2m | convex/automationRules.test.ts
[22m[39m[PATCH] test-utils.act patched with simple implementation

 [32mÎ“Â£Ã´[39m src/components/Settings/ProfileContent.test.tsx [2m([22m[2m2 tests[22m[2m)[22m[33m 1351[2mms[22m[39m
     [33m[2mÎ“Â£Ã´[22m[39m allows editing profile [33m 1190[2mms[22m[39m
 [32mÎ“Â£Ã´[39m src/components/ErrorBoundary.test.tsx [2m([22m[2m6 tests[22m[2m)[22m[33m 1068[2mms[22m[39m
     [33m[2mÎ“Â£Ã´[22m[39m should render default error UI when an error occurs [33m 678[2mms[22m[39m
 [32mÎ“Â£Ã´[39m src/components/Settings/PreferencesTab.test.tsx [2m([22m[2m2 tests[22m[2m)[22m[33m 841[2mms[22m[39m
     [33m[2mÎ“Â£Ã´[22m[39m changes theme when clicked [33m 640[2mms[22m[39m
stderr | src/components/CustomFieldsManager.test.tsx > CustomFieldsManager - Component Behavior > Options Parsing Logic > should not send options for non-select field types
Warning: Missing `Description` or `aria-describedby={undefined}` for {DialogContent}.

stderr | src/components/CustomFieldsManager.test.tsx > CustomFieldsManager - Component Behavior > Edit Mode Behavior > should populate form with existing field data when Edit is clicked
Warning: Missing `Description` or `aria-describedby={undefined}` for {DialogContent}.

[90mstdout[2m | convex/sprints.test.ts
[22m[39m[PATCH] test-utils.act patched with simple implementation

 [32mÎ“Â£Ã´[39m convex/webhooks.test.ts [2m([22m[2m33 tests[22m[2m)[22m[33m 518[2mms[22m[39m
stderr | src/components/CustomFieldsManager.test.tsx > CustomFieldsManager - Component Behavior > Edit Mode Behavior > should show 'Edit Field' title in edit mode
Warning: Missing `Description` or `aria-describedby={undefined}` for {DialogContent}.

[90mstdout[2m | src/components/CommentRenderer.test.tsx
[22m[39m[PATCH] test-utils.act patched with simple implementation

stderr | src/components/CustomFieldsManager.test.tsx > CustomFieldsManager - Component Behavior > Edit Mode Behavior > should hide field key input in edit mode
Warning: Missing `Description` or `aria-describedby={undefined}` for {DialogContent}.

stderr | src/components/CustomFieldsManager.test.tsx > CustomFieldsManager - Component Behavior > Edit Mode Behavior > should disable field type selector in edit mode
Warning: Missing `Description` or `aria-describedby={undefined}` for {DialogContent}.

[90mstdout[2m | convex/apiKeys.test.ts
[22m[39m[PATCH] test-utils.act patched with simple implementation

stderr | src/components/CustomFieldsManager.test.tsx > CustomFieldsManager - Component Behavior > Edit Mode Behavior > should show 'Update Field' button in edit mode
Warning: Missing `Description` or `aria-describedby={undefined}` for {DialogContent}.

 [32mÎ“Â£Ã´[39m convex/issues.test.ts [2m([22m[2m22 tests[22m[2m)[22m[33m 510[2mms[22m[39m
stderr | src/components/CustomFieldsManager.test.tsx > CustomFieldsManager - Component Behavior > Edit Mode Behavior > should convert options array to comma-separated string in edit mode
Warning: Missing `Description` or `aria-describedby={undefined}` for {DialogContent}.

[90mstdout[2m | convex/projects.test.ts
[22m[39m[PATCH] test-utils.act patched with simple implementation

stderr | src/components/CustomFieldsManager.test.tsx > CustomFieldsManager - Component Behavior > Edit Mode Behavior > should not require field key validation in edit mode
Warning: Missing `Description` or `aria-describedby={undefined}` for {DialogContent}.

[90mstdout[2m | convex/notifications.test.ts
[22m[39m[PATCH] test-utils.act patched with simple implementation

[90mstdout[2m | convex/timeTracking.test.ts
[22m[39m[PATCH] test-utils.act patched with simple implementation

 [32mÎ“Â£Ã´[39m convex/documents.test.ts [2m([22m[2m26 tests[22m[2m)[22m[33m 363[2mms[22m[39m
 [32mÎ“Â£Ã´[39m convex/automationRules.test.ts [2m([22m[2m26 tests[22m[2m)[22m[33m 616[2mms[22m[39m
[90mstdout[2m | convex/github.test.ts
[22m[39m[PATCH] test-utils.act patched with simple implementation

[90mstdout[2m | src/components/IssueCard.test.tsx
[22m[39m[PATCH] test-utils.act patched with simple implementation

 [32mÎ“Â£Ã´[39m src/components/CommentRenderer.test.tsx [2m([22m[2m34 tests[22m[2m)[22m[33m 362[2mms[22m[39m
stderr | src/components/CustomFieldsManager.test.tsx > CustomFieldsManager - Component Behavior > Success & Error Handling > should show success toast and reset form after successful create
Warning: Missing `Description` or `aria-describedby={undefined}` for {DialogContent}.

[90mstdout[2m | convex/internal/ai.test.ts
[22m[39m[PATCH] test-utils.act patched with simple implementation

[90mstdout[2m | convex/companies.test.ts
[22m[39m[PATCH] test-utils.act patched with simple implementation

[90mstdout[2m | convex/rbac.test.ts
[22m[39m[PATCH] test-utils.act patched with simple implementation

stderr | src/components/CustomFieldsManager.test.tsx > CustomFieldsManager - Component Behavior > Success & Error Handling > should show success toast after successful update
Warning: Missing `Description` or `aria-describedby={undefined}` for {DialogContent}.

stderr | src/components/CustomFieldsManager.test.tsx > CustomFieldsManager - Component Behavior > Success & Error Handling > should show error toast when create fails
Warning: Missing `Description` or `aria-describedby={undefined}` for {DialogContent}.

 [32mÎ“Â£Ã´[39m convex/sprints.test.ts [2m([22m[2m24 tests[22m[2m)[22m[33m 421[2mms[22m[39m
[90mstdout[2m | convex/teams.test.ts
[22m[39m[PATCH] test-utils.act patched with simple implementation

 [32mÎ“Â£Ã´[39m convex/apiKeys.test.ts [2m([22m[2m12 tests[22m[2m)[22m[33m 373[2mms[22m[39m
[90mstdout[2m | convex/users.test.ts
[22m[39m[PATCH] test-utils.act patched with simple implementation

[90mstdout[2m | src/lib/markdown.test.ts
[22m[39m[PATCH] test-utils.act patched with simple implementation

 [32mÎ“Â£Ã´[39m src/components/IssueCard.test.tsx [2m([22m[2m3 tests[22m[2m)[22m[32m 236[2mms[22m[39m
stderr | src/components/CustomFieldsManager.test.tsx > CustomFieldsManager - Component Behavior > Success & Error Handling > should show generic error when error has no message
Warning: Missing `Description` or `aria-describedby={undefined}` for {DialogContent}.

 [32mÎ“Â£Ã´[39m convex/projects.test.ts [2m([22m[2m20 tests[22m[2m)[22m[32m 299[2mms[22m[39m
 [32mÎ“Â£Ã´[39m src/components/CustomFieldsManager.test.tsx [2m([22m[2m47 tests[22m[2m)[22m[33m 30369[2mms[22m[39m
       [33m[2mÎ“Â£Ã´[22m[39m should show 'Add Field' button when not creating [33m 621[2mms[22m[39m
       [33m[2mÎ“Â£Ã´[22m[39m should show form when 'Add Field' button is clicked [33m 987[2mms[22m[39m
       [33m[2mÎ“Â£Ã´[22m[39m should open dialog when 'Add Field' button is clicked [33m 400[2mms[22m[39m
       [33m[2mÎ“Â£Ã´[22m[39m should reset and hide form when Cancel is clicked [33m 1712[2mms[22m[39m
       [33m[2mÎ“Â£Ã´[22m[39m should default field type to 'text' [33m 336[2mms[22m[39m
       [33m[2mÎ“Â£Ã´[22m[39m should show error when trying to save with empty name [33m 502[2mms[22m[39m
       [33m[2mÎ“Â£Ã´[22m[39m should show error when trying to save with empty field key [33m 1198[2mms[22m[39m
       [33m[2mÎ“Â£Ã´[22m[39m should accept whitespace-only name as invalid [33m 1224[2mms[22m[39m
       [33m[2mÎ“Â£Ã´[22m[39m should convert field key to lowercase [33m 1576[2mms[22m[39m
       [33m[2mÎ“Â£Ã´[22m[39m should replace spaces with underscores in field key [33m 1715[2mms[22m[39m
       [33m[2mÎ“Â£Ã´[22m[39m should replace multiple spaces with single underscore [33m 1995[2mms[22m[39m
       [33m[2mÎ“Â£Ã´[22m[39m should show options field when select type is chosen [33m 479[2mms[22m[39m
       [33m[2mÎ“Â£Ã´[22m[39m should show options field when multiselect type is chosen [33m 412[2mms[22m[39m
       [33m[2mÎ“Â£Ã´[22m[39m should hide options field when switching from select to text [33m 594[2mms[22m[39m
       [33m[2mÎ“Â£Ã´[22m[39m should parse comma-separated options correctly [33m 2725[2mms[22m[39m
       [33m[2mÎ“Â£Ã´[22m[39m should trim whitespace from options [33m 2985[2mms[22m[39m
       [33m[2mÎ“Â£Ã´[22m[39m should filter out empty options [33m 2282[2mms[22m[39m
       [33m[2mÎ“Â£Ã´[22m[39m should not send options for non-select field types [33m 923[2mms[22m[39m
       [33m[2mÎ“Â£Ã´[22m[39m should show 'Update Field' button in edit mode [33m 404[2mms[22m[39m
       [33m[2mÎ“Â£Ã´[22m[39m should not require field key validation in edit mode [33m 1201[2mms[22m[39m
       [33m[2mÎ“Â£Ã´[22m[39m should show success toast and reset form after successful create [33m 898[2mms[22m[39m
       [33m[2mÎ“Â£Ã´[22m[39m should show success toast after successful update [33m 445[2mms[22m[39m
       [33m[2mÎ“Â£Ã´[22m[39m should show error toast when create fails [33m 993[2mms[22m[39m
       [33m[2mÎ“Â£Ã´[22m[39m should show generic error when error has no message [33m 939[2mms[22m[39m
 [32mÎ“Â£Ã´[39m convex/notifications.test.ts [2m([22m[2m26 tests[22m[2m)[22m[33m 340[2mms[22m[39m
 [32mÎ“Â£Ã´[39m convex/timeTracking.test.ts [2m([22m[2m4 tests[22m[2m)[22m[32m 278[2mms[22m[39m
[90mstdout[2m | src/lib/dates.test.ts
[22m[39m[PATCH] test-utils.act patched with simple implementation

 [32mÎ“Â£Ã´[39m convex/github.test.ts [2m([22m[2m7 tests[22m[2m)[22m[32m 272[2mms[22m[39m
[90mstdout[2m | convex/auth.test.ts
[22m[39m[PATCH] test-utils.act patched with simple implementation

 [32mÎ“Â£Ã´[39m convex/internal/ai.test.ts [2m([22m[2m5 tests[22m[2m)[22m[32m 201[2mms[22m[39m
 [32mÎ“Â£Ã´[39m convex/companies.test.ts [2m([22m[2m9 tests[22m[2m)[22m[32m 194[2mms[22m[39m
 [32mÎ“Â£Ã´[39m convex/rbac.test.ts [2m([22m[2m17 tests[22m[2m)[22m[32m 205[2mms[22m[39m
Not implemented: navigation to another Document
Not implemented: navigation to another Document
Not implemented: navigation to another Document
 [32mÎ“Â£Ã´[39m src/lib/markdown.test.ts [2m([22m[2m17 tests[22m[2m)[22m[32m 121[2mms[22m[39m
[90mstdout[2m | src/components/Onboarding/WelcomeTour.test.tsx
[22m[39m[PATCH] test-utils.act patched with simple implementation

[90mstdout[2m | src/lib/array-utils.test.ts
[22m[39m[PATCH] test-utils.act patched with simple implementation

 [32mÎ“Â£Ã´[39m src/lib/dates.test.ts [2m([22m[2m38 tests[22m[2m)[22m[32m 122[2mms[22m[39m
 [32mÎ“Â£Ã´[39m convex/teams.test.ts [2m([22m[2m6 tests[22m[2m)[22m[32m 148[2mms[22m[39m
 [32mÎ“Â£Ã´[39m convex/users.test.ts [2m([22m[2m2 tests[22m[2m)[22m[32m 116[2mms[22m[39m
[90mstdout[2m | src/lib/accessibility.test.ts
[22m[39m[PATCH] test-utils.act patched with simple implementation

[90mstdout[2m | src/lib/toast.test.ts
[22m[39m[PATCH] test-utils.act patched with simple implementation

 [32mÎ“Â£Ã´[39m src/lib/array-utils.test.ts [2m([22m[2m36 tests[22m[2m)[22m[32m 27[2mms[22m[39m
 [32mÎ“Â£Ã´[39m src/components/Onboarding/WelcomeTour.test.tsx [2m([22m[2m7 tests[22m[2m)[22m[32m 71[2mms[22m[39m
[90mstdout[2m | src/lib/issue-utils.test.ts
[22m[39m[PATCH] test-utils.act patched with simple implementation

 [32mÎ“Â£Ã´[39m convex/auth.test.ts [2m([22m[2m10 tests[22m[2m)[22m[32m 91[2mms[22m[39m
 [32mÎ“Â£Ã´[39m src/lib/accessibility.test.ts [2m([22m[2m14 tests[22m[2m)[22m[32m 20[2mms[22m[39m
[90mstdout[2m | src/lib/utils.test.ts
[22m[39m[PATCH] test-utils.act patched with simple implementation

[90mstdout[2m | src/lib/markdown-batch.test.ts
[22m[39m[PATCH] test-utils.act patched with simple implementation

 [32mÎ“Â£Ã´[39m src/lib/toast.test.ts [2m([22m[2m31 tests[22m[2m)[22m[32m 25[2mms[22m[39m
 [32mÎ“Â£Ã´[39m src/lib/issue-utils.test.ts [2m([22m[2m48 tests[22m[2m)[22m[32m 20[2mms[22m[39m
 [32mÎ“Â£Ã´[39m src/lib/utils.test.ts [2m([22m[2m6 tests[22m[2m)[22m[32m 19[2mms[22m[39m
 [32mÎ“Â£Ã´[39m src/lib/markdown-batch.test.ts [2m([22m[2m11 tests[22m[2m)[22m[32m 16[2mms[22m[39m

Î“Ã„Â»Î“Ã„Â»Î“Ã„Â»Î“Ã„Â»Î“Ã„Â»Î“Ã„Â» Failed Tests 89 Î“Ã„Â»Î“Ã„Â»Î“Ã„Â»Î“Ã„Â»Î“Ã„Â»Î“Ã„Â»Î“Ã„Â»

 FAIL  src/hooks/useDeleteConfirmation.test.ts > useDeleteConfirmation > Initial State > should start with deleteId as null
TypeError: Cannot read properties of null (reading 'deleteId')
 Î“Â¥Â» src/hooks/useDeleteConfirmation.test.ts:26:29
     24|       const { result } = renderHook(() => useDeleteConfirmation<"testTÎ“Ã‡Âª
     25| 
     26|       expect(result.current.deleteId).toBeNull();
       |                             ^
     27|     });
     28| 

Î“Ã„Â»Î“Ã„Â»Î“Ã„Â»Î“Ã„Â»Î“Ã„Â»Î“Ã„Â»Î“Ã„Â»Î“Ã„Â»Î“Ã„Â»Î“Ã„Â»Î“Ã„Â»Î“Ã„Â»Î“Ã„Â»Î“Ã„Â»Î“Ã„Â»Î“Ã„Â»Î“Ã„Â»Î“Ã„Â»Î“Ã„Â»Î“Ã„Â»Î“Ã„Â»Î“Ã„Â»Î“Ã„Â»[1/89]Î“Ã„Â»

 FAIL  src/hooks/useDeleteConfirmation.test.ts > useDeleteConfirmation > Initial State > should start with isDeleting as false
TypeError: Cannot read properties of null (reading 'isDeleting')
 Î“Â¥Â» src/hooks/useDeleteConfirmation.test.ts:32:29
     30|       const { result } = renderHook(() => useDeleteConfirmation<"testTÎ“Ã‡Âª
     31| 
     32|       expect(result.current.isDeleting).toBe(false);
       |                             ^
     33|     });
     34|   });

Î“Ã„Â»Î“Ã„Â»Î“Ã„Â»Î“Ã„Â»Î“Ã„Â»Î“Ã„Â»Î“Ã„Â»Î“Ã„Â»Î“Ã„Â»Î“Ã„Â»Î“Ã„Â»Î“Ã„Â»Î“Ã„Â»Î“Ã„Â»Î“Ã„Â»Î“Ã„Â»Î“Ã„Â»Î“Ã„Â»Î“Ã„Â»Î“Ã„Â»Î“Ã„Â»Î“Ã„Â»Î“Ã„Â»[2/89]Î“Ã„Â»

 FAIL  src/hooks/useDeleteConfirmation.test.ts > useDeleteConfirmation > confirmDelete > should set deleteId when called
TypeError: Cannot read properties of null (reading 'confirmDelete')
 Î“Â¥Â» src/hooks/useDeleteConfirmation.test.ts:43:24
     41| 
     42|       act(() => {
     43|         result.current.confirmDelete(mockId);
       |                        ^
     44|       });
     45| 
 Î“Â¥Â» node_modules/.pnpm/@testing-library+react@16.3_c83a9dbc2c1cff4495b7ba392bd62e0d/node_modules/@testing-library/react/dist/act-compat.js:47:24
 Î“Â¥Â» actImpl src/test/react-act-patch.ts:8:18
 Î“Â¥Â» Proxy.<anonymous> node_modules/.pnpm/@testing-library+react@16.3_c83a9dbc2c1cff4495b7ba392bd62e0d/node_modules/@testing-library/react/dist/act-compat.js:46:25
 Î“Â¥Â» src/hooks/useDeleteConfirmation.test.ts:42:7

Î“Ã„Â»Î“Ã„Â»Î“Ã„Â»Î“Ã„Â»Î“Ã„Â»Î“Ã„Â»Î“Ã„Â»Î“Ã„Â»Î“Ã„Â»Î“Ã„Â»Î“Ã„Â»Î“Ã„Â»Î“Ã„Â»Î“Ã„Â»Î“Ã„Â»Î“Ã„Â»Î“Ã„Â»Î“Ã„Â»Î“Ã„Â»Î“Ã„Â»Î“Ã„Â»Î“Ã„Â»Î“Ã„Â»[3/89]Î“Ã„Â»

 FAIL  src/hooks/useDeleteConfirmation.test.ts > useDeleteConfirmation > confirmDelete > should update deleteId when called multiple times
TypeError: Cannot read properties of null (reading 'confirmDelete')
 Î“Â¥Â» src/hooks/useDeleteConfirmation.test.ts:56:24
     54| 
     55|       act(() => {
     56|         result.current.confirmDelete(mockId1);
       |                        ^
     57|       });
     58|       expect(result.current.deleteId).toBe(mockId1);
 Î“Â¥Â» node_modules/.pnpm/@testing-library+react@16.3_c83a9dbc2c1cff4495b7ba392bd62e0d/node_modules/@testing-library/react/dist/act-compat.js:47:24
 Î“Â¥Â» actImpl src/test/react-act-patch.ts:8:18
 Î“Â¥Â» Proxy.<anonymous> node_modules/.pnpm/@testing-library+react@16.3_c83a9dbc2c1cff4495b7ba392bd62e0d/node_modules/@testing-library/react/dist/act-compat.js:46:25
 Î“Â¥Â» src/hooks/useDeleteConfirmation.test.ts:55:7

Î“Ã„Â»Î“Ã„Â»Î“Ã„Â»Î“Ã„Â»Î“Ã„Â»Î“Ã„Â»Î“Ã„Â»Î“Ã„Â»Î“Ã„Â»Î“Ã„Â»Î“Ã„Â»Î“Ã„Â»Î“Ã„Â»Î“Ã„Â»Î“Ã„Â»Î“Ã„Â»Î“Ã„Â»Î“Ã„Â»Î“Ã„Â»Î“Ã„Â»Î“Ã„Â»Î“Ã„Â»Î“Ã„Â»[4/89]Î“Ã„Â»

 FAIL  src/hooks/useDeleteConfirmation.test.ts > useDeleteConfirmation > cancelDelete > should set deleteId to null
TypeError: Cannot read properties of null (reading 'confirmDelete')
 Î“Â¥Â» src/hooks/useDeleteConfirmation.test.ts:74:24
     72| 
     73|       act(() => {
     74|         result.current.confirmDelete(mockId);
       |                        ^
     75|       });
     76|       expect(result.current.deleteId).toBe(mockId);
 Î“Â¥Â» node_modules/.pnpm/@testing-library+react@16.3_c83a9dbc2c1cff4495b7ba392bd62e0d/node_modules/@testing-library/react/dist/act-compat.js:47:24
 Î“Â¥Â» actImpl src/test/react-act-patch.ts:8:18
 Î“Â¥Â» Proxy.<anonymous> node_modules/.pnpm/@testing-library+react@16.3_c83a9dbc2c1cff4495b7ba392bd62e0d/node_modules/@testing-library/react/dist/act-compat.js:46:25
 Î“Â¥Â» src/hooks/useDeleteConfirmation.test.ts:73:7

Î“Ã„Â»Î“Ã„Â»Î“Ã„Â»Î“Ã„Â»Î“Ã„Â»Î“Ã„Â»Î“Ã„Â»Î“Ã„Â»Î“Ã„Â»Î“Ã„Â»Î“Ã„Â»Î“Ã„Â»Î“Ã„Â»Î“Ã„Â»Î“Ã„Â»Î“Ã„Â»Î“Ã„Â»Î“Ã„Â»Î“Ã„Â»Î“Ã„Â»Î“Ã„Â»Î“Ã„Â»Î“Ã„Â»[5/89]Î“Ã„Â»

 FAIL  src/hooks/useDeleteConfirmation.test.ts > useDeleteConfirmation > cancelDelete > should work when deleteId is already null
TypeError: Cannot read properties of null (reading 'cancelDelete')
 Î“Â¥Â» src/hooks/useDeleteConfirmation.test.ts:88:24
     86| 
     87|       act(() => {
     88|         result.current.cancelDelete();
       |                        ^
     89|       });
     90| 
 Î“Â¥Â» node_modules/.pnpm/@testing-library+react@16.3_c83a9dbc2c1cff4495b7ba392bd62e0d/node_modules/@testing-library/react/dist/act-compat.js:47:24
 Î“Â¥Â» actImpl src/test/react-act-patch.ts:8:18
 Î“Â¥Â» Proxy.<anonymous> node_modules/.pnpm/@testing-library+react@16.3_c83a9dbc2c1cff4495b7ba392bd62e0d/node_modules/@testing-library/react/dist/act-compat.js:46:25
 Î“Â¥Â» src/hooks/useDeleteConfirmation.test.ts:87:7

Î“Ã„Â»Î“Ã„Â»Î“Ã„Â»Î“Ã„Â»Î“Ã„Â»Î“Ã„Â»Î“Ã„Â»Î“Ã„Â»Î“Ã„Â»Î“Ã„Â»Î“Ã„Â»Î“Ã„Â»Î“Ã„Â»Î“Ã„Â»Î“Ã„Â»Î“Ã„Â»Î“Ã„Â»Î“Ã„Â»Î“Ã„Â»Î“Ã„Â»Î“Ã„Â»Î“Ã„Â»Î“Ã„Â»[6/89]Î“Ã„Â»

 FAIL  src/hooks/useDeleteConfirmation.test.ts > useDeleteConfirmation > executeDelete - Success > should call deleteFn with the deleteId
TypeError: Cannot read properties of null (reading 'confirmDelete')
 Î“Â¥Â» src/hooks/useDeleteConfirmation.test.ts:103:24
    101| 
    102|       act(() => {
    103|         result.current.confirmDelete(mockId);
       |                        ^
    104|       });
    105| 
 Î“Â¥Â» node_modules/.pnpm/@testing-library+react@16.3_c83a9dbc2c1cff4495b7ba392bd62e0d/node_modules/@testing-library/react/dist/act-compat.js:47:24
 Î“Â¥Â» actImpl src/test/react-act-patch.ts:8:18
 Î“Â¥Â» Proxy.<anonymous> node_modules/.pnpm/@testing-library+react@16.3_c83a9dbc2c1cff4495b7ba392bd62e0d/node_modules/@testing-library/react/dist/act-compat.js:46:25
 Î“Â¥Â» src/hooks/useDeleteConfirmation.test.ts:102:7

Î“Ã„Â»Î“Ã„Â»Î“Ã„Â»Î“Ã„Â»Î“Ã„Â»Î“Ã„Â»Î“Ã„Â»Î“Ã„Â»Î“Ã„Â»Î“Ã„Â»Î“Ã„Â»Î“Ã„Â»Î“Ã„Â»Î“Ã„Â»Î“Ã„Â»Î“Ã„Â»Î“Ã„Â»Î“Ã„Â»Î“Ã„Â»Î“Ã„Â»Î“Ã„Â»Î“Ã„Â»Î“Ã„Â»[7/89]Î“Ã„Â»

 FAIL  src/hooks/useDeleteConfirmation.test.ts > useDeleteConfirmation > executeDelete - Success > should show success toast on successful delete
TypeError: Cannot read properties of null (reading 'confirmDelete')
 Î“Â¥Â» src/hooks/useDeleteConfirmation.test.ts:120:24
    118| 
    119|       act(() => {
    120|         result.current.confirmDelete(mockId);
       |                        ^
    121|       });
    122| 
 Î“Â¥Â» node_modules/.pnpm/@testing-library+react@16.3_c83a9dbc2c1cff4495b7ba392bd62e0d/node_modules/@testing-library/react/dist/act-compat.js:47:24
 Î“Â¥Â» actImpl src/test/react-act-patch.ts:8:18
 Î“Â¥Â» Proxy.<anonymous> node_modules/.pnpm/@testing-library+react@16.3_c83a9dbc2c1cff4495b7ba392bd62e0d/node_modules/@testing-library/react/dist/act-compat.js:46:25
 Î“Â¥Â» src/hooks/useDeleteConfirmation.test.ts:119:7

Î“Ã„Â»Î“Ã„Â»Î“Ã„Â»Î“Ã„Â»Î“Ã„Â»Î“Ã„Â»Î“Ã„Â»Î“Ã„Â»Î“Ã„Â»Î“Ã„Â»Î“Ã„Â»Î“Ã„Â»Î“Ã„Â»Î“Ã„Â»Î“Ã„Â»Î“Ã„Â»Î“Ã„Â»Î“Ã„Â»Î“Ã„Â»Î“Ã„Â»Î“Ã„Â»Î“Ã„Â»Î“Ã„Â»[8/89]Î“Ã„Â»

 FAIL  src/hooks/useDeleteConfirmation.test.ts > useDeleteConfirmation > executeDelete - Success > should show custom success message when provided
TypeError: Cannot read properties of null (reading 'confirmDelete')
 Î“Â¥Â» src/hooks/useDeleteConfirmation.test.ts:141:24
    139| 
    140|       act(() => {
    141|         result.current.confirmDelete(mockId);
       |                        ^
    142|       });
    143| 
 Î“Â¥Â» node_modules/.pnpm/@testing-library+react@16.3_c83a9dbc2c1cff4495b7ba392bd62e0d/node_modules/@testing-library/react/dist/act-compat.js:47:24
 Î“Â¥Â» actImpl src/test/react-act-patch.ts:8:18
 Î“Â¥Â» Proxy.<anonymous> node_modules/.pnpm/@testing-library+react@16.3_c83a9dbc2c1cff4495b7ba392bd62e0d/node_modules/@testing-library/react/dist/act-compat.js:46:25
 Î“Â¥Â» src/hooks/useDeleteConfirmation.test.ts:140:7

Î“Ã„Â»Î“Ã„Â»Î“Ã„Â»Î“Ã„Â»Î“Ã„Â»Î“Ã„Â»Î“Ã„Â»Î“Ã„Â»Î“Ã„Â»Î“Ã„Â»Î“Ã„Â»Î“Ã„Â»Î“Ã„Â»Î“Ã„Â»Î“Ã„Â»Î“Ã„Â»Î“Ã„Â»Î“Ã„Â»Î“Ã„Â»Î“Ã„Â»Î“Ã„Â»Î“Ã„Â»Î“Ã„Â»[9/89]Î“Ã„Â»

 FAIL  src/hooks/useDeleteConfirmation.test.ts > useDeleteConfirmation > executeDelete - Success > should call onSuccess callback on successful delete
TypeError: Cannot read properties of null (reading 'confirmDelete')
 Î“Â¥Â» src/hooks/useDeleteConfirmation.test.ts:163:24
    161| 
    162|       act(() => {
    163|         result.current.confirmDelete(mockId);
       |                        ^
    164|       });
    165| 
 Î“Â¥Â» node_modules/.pnpm/@testing-library+react@16.3_c83a9dbc2c1cff4495b7ba392bd62e0d/node_modules/@testing-library/react/dist/act-compat.js:47:24
 Î“Â¥Â» actImpl src/test/react-act-patch.ts:8:18
 Î“Â¥Â» Proxy.<anonymous> node_modules/.pnpm/@testing-library+react@16.3_c83a9dbc2c1cff4495b7ba392bd62e0d/node_modules/@testing-library/react/dist/act-compat.js:46:25
 Î“Â¥Â» src/hooks/useDeleteConfirmation.test.ts:162:7

Î“Ã„Â»Î“Ã„Â»Î“Ã„Â»Î“Ã„Â»Î“Ã„Â»Î“Ã„Â»Î“Ã„Â»Î“Ã„Â»Î“Ã„Â»Î“Ã„Â»Î“Ã„Â»Î“Ã„Â»Î“Ã„Â»Î“Ã„Â»Î“Ã„Â»Î“Ã„Â»Î“Ã„Â»Î“Ã„Â»Î“Ã„Â»Î“Ã„Â»Î“Ã„Â»Î“Ã„Â»[10/89]Î“Ã„Â»

 FAIL  src/hooks/useDeleteConfirmation.test.ts > useDeleteConfirmation > executeDelete - Success > should reset deleteId to null after successful delete
TypeError: Cannot read properties of null (reading 'confirmDelete')
 Î“Â¥Â» src/hooks/useDeleteConfirmation.test.ts:180:24
    178| 
    179|       act(() => {
    180|         result.current.confirmDelete(mockId);
       |                        ^
    181|       });
    182| 
 Î“Â¥Â» node_modules/.pnpm/@testing-library+react@16.3_c83a9dbc2c1cff4495b7ba392bd62e0d/node_modules/@testing-library/react/dist/act-compat.js:47:24
 Î“Â¥Â» actImpl src/test/react-act-patch.ts:8:18
 Î“Â¥Â» Proxy.<anonymous> node_modules/.pnpm/@testing-library+react@16.3_c83a9dbc2c1cff4495b7ba392bd62e0d/node_modules/@testing-library/react/dist/act-compat.js:46:25
 Î“Â¥Â» src/hooks/useDeleteConfirmation.test.ts:179:7

Î“Ã„Â»Î“Ã„Â»Î“Ã„Â»Î“Ã„Â»Î“Ã„Â»Î“Ã„Â»Î“Ã„Â»Î“Ã„Â»Î“Ã„Â»Î“Ã„Â»Î“Ã„Â»Î“Ã„Â»Î“Ã„Â»Î“Ã„Â»Î“Ã„Â»Î“Ã„Â»Î“Ã„Â»Î“Ã„Â»Î“Ã„Â»Î“Ã„Â»Î“Ã„Â»Î“Ã„Â»[11/89]Î“Ã„Â»

 FAIL  src/hooks/useDeleteConfirmation.test.ts > useDeleteConfirmation > executeDelete - Success > should set isDeleting to false after successful delete
TypeError: Cannot read properties of null (reading 'confirmDelete')
 Î“Â¥Â» src/hooks/useDeleteConfirmation.test.ts:197:24
    195| 
    196|       act(() => {
    197|         result.current.confirmDelete(mockId);
       |                        ^
    198|       });
    199| 
 Î“Â¥Â» node_modules/.pnpm/@testing-library+react@16.3_c83a9dbc2c1cff4495b7ba392bd62e0d/node_modules/@testing-library/react/dist/act-compat.js:47:24
 Î“Â¥Â» actImpl src/test/react-act-patch.ts:8:18
 Î“Â¥Â» Proxy.<anonymous> node_modules/.pnpm/@testing-library+react@16.3_c83a9dbc2c1cff4495b7ba392bd62e0d/node_modules/@testing-library/react/dist/act-compat.js:46:25
 Î“Â¥Â» src/hooks/useDeleteConfirmation.test.ts:196:7

Î“Ã„Â»Î“Ã„Â»Î“Ã„Â»Î“Ã„Â»Î“Ã„Â»Î“Ã„Â»Î“Ã„Â»Î“Ã„Â»Î“Ã„Â»Î“Ã„Â»Î“Ã„Â»Î“Ã„Â»Î“Ã„Â»Î“Ã„Â»Î“Ã„Â»Î“Ã„Â»Î“Ã„Â»Î“Ã„Â»Î“Ã„Â»Î“Ã„Â»Î“Ã„Â»Î“Ã„Â»[12/89]Î“Ã„Â»

 FAIL  src/hooks/useDeleteConfirmation.test.ts > useDeleteConfirmation > executeDelete - Error > should show error toast on failed delete
TypeError: Cannot read properties of null (reading 'confirmDelete')
 Î“Â¥Â» src/hooks/useDeleteConfirmation.test.ts:217:24
    215| 
    216|       act(() => {
    217|         result.current.confirmDelete(mockId);
       |                        ^
    218|       });
    219| 
 Î“Â¥Â» node_modules/.pnpm/@testing-library+react@16.3_c83a9dbc2c1cff4495b7ba392bd62e0d/node_modules/@testing-library/react/dist/act-compat.js:47:24
 Î“Â¥Â» actImpl src/test/react-act-patch.ts:8:18
 Î“Â¥Â» Proxy.<anonymous> node_modules/.pnpm/@testing-library+react@16.3_c83a9dbc2c1cff4495b7ba392bd62e0d/node_modules/@testing-library/react/dist/act-compat.js:46:25
 Î“Â¥Â» src/hooks/useDeleteConfirmation.test.ts:216:7

Î“Ã„Â»Î“Ã„Â»Î“Ã„Â»Î“Ã„Â»Î“Ã„Â»Î“Ã„Â»Î“Ã„Â»Î“Ã„Â»Î“Ã„Â»Î“Ã„Â»Î“Ã„Â»Î“Ã„Â»Î“Ã„Â»Î“Ã„Â»Î“Ã„Â»Î“Ã„Â»Î“Ã„Â»Î“Ã„Â»Î“Ã„Â»Î“Ã„Â»Î“Ã„Â»Î“Ã„Â»[13/89]Î“Ã„Â»

 FAIL  src/hooks/useDeleteConfirmation.test.ts > useDeleteConfirmation > executeDelete - Error > should show custom error message when provided
TypeError: Cannot read properties of null (reading 'confirmDelete')
 Î“Â¥Â» src/hooks/useDeleteConfirmation.test.ts:239:24
    237| 
    238|       act(() => {
    239|         result.current.confirmDelete(mockId);
       |                        ^
    240|       });
    241| 
 Î“Â¥Â» node_modules/.pnpm/@testing-library+react@16.3_c83a9dbc2c1cff4495b7ba392bd62e0d/node_modules/@testing-library/react/dist/act-compat.js:47:24
 Î“Â¥Â» actImpl src/test/react-act-patch.ts:8:18
 Î“Â¥Â» Proxy.<anonymous> node_modules/.pnpm/@testing-library+react@16.3_c83a9dbc2c1cff4495b7ba392bd62e0d/node_modules/@testing-library/react/dist/act-compat.js:46:25
 Î“Â¥Â» src/hooks/useDeleteConfirmation.test.ts:238:7

Î“Ã„Â»Î“Ã„Â»Î“Ã„Â»Î“Ã„Â»Î“Ã„Â»Î“Ã„Â»Î“Ã„Â»Î“Ã„Â»Î“Ã„Â»Î“Ã„Â»Î“Ã„Â»Î“Ã„Â»Î“Ã„Â»Î“Ã„Â»Î“Ã„Â»Î“Ã„Â»Î“Ã„Â»Î“Ã„Â»Î“Ã„Â»Î“Ã„Â»Î“Ã„Â»Î“Ã„Â»[14/89]Î“Ã„Â»

 FAIL  src/hooks/useDeleteConfirmation.test.ts > useDeleteConfirmation > executeDelete - Error > should call onError callback on failed delete
TypeError: Cannot read properties of null (reading 'confirmDelete')
 Î“Â¥Â» src/hooks/useDeleteConfirmation.test.ts:262:24
    260| 
    261|       act(() => {
    262|         result.current.confirmDelete(mockId);
       |                        ^
    263|       });
    264| 
 Î“Â¥Â» node_modules/.pnpm/@testing-library+react@16.3_c83a9dbc2c1cff4495b7ba392bd62e0d/node_modules/@testing-library/react/dist/act-compat.js:47:24
 Î“Â¥Â» actImpl src/test/react-act-patch.ts:8:18
 Î“Â¥Â» Proxy.<anonymous> node_modules/.pnpm/@testing-library+react@16.3_c83a9dbc2c1cff4495b7ba392bd62e0d/node_modules/@testing-library/react/dist/act-compat.js:46:25
 Î“Â¥Â» src/hooks/useDeleteConfirmation.test.ts:261:7

Î“Ã„Â»Î“Ã„Â»Î“Ã„Â»Î“Ã„Â»Î“Ã„Â»Î“Ã„Â»Î“Ã„Â»Î“Ã„Â»Î“Ã„Â»Î“Ã„Â»Î“Ã„Â»Î“Ã„Â»Î“Ã„Â»Î“Ã„Â»Î“Ã„Â»Î“Ã„Â»Î“Ã„Â»Î“Ã„Â»Î“Ã„Â»Î“Ã„Â»Î“Ã„Â»Î“Ã„Â»[15/89]Î“Ã„Â»

 FAIL  src/hooks/useDeleteConfirmation.test.ts > useDeleteConfirmation > executeDelete - Error > should NOT reset deleteId on failed delete
TypeError: Cannot read properties of null (reading 'confirmDelete')
 Î“Â¥Â» src/hooks/useDeleteConfirmation.test.ts:279:24
    277| 
    278|       act(() => {
    279|         result.current.confirmDelete(mockId);
       |                        ^
    280|       });
    281| 
 Î“Â¥Â» node_modules/.pnpm/@testing-library+react@16.3_c83a9dbc2c1cff4495b7ba392bd62e0d/node_modules/@testing-library/react/dist/act-compat.js:47:24
 Î“Â¥Â» actImpl src/test/react-act-patch.ts:8:18
 Î“Â¥Â» Proxy.<anonymous> node_modules/.pnpm/@testing-library+react@16.3_c83a9dbc2c1cff4495b7ba392bd62e0d/node_modules/@testing-library/react/dist/act-compat.js:46:25
 Î“Â¥Â» src/hooks/useDeleteConfirmation.test.ts:278:7

Î“Ã„Â»Î“Ã„Â»Î“Ã„Â»Î“Ã„Â»Î“Ã„Â»Î“Ã„Â»Î“Ã„Â»Î“Ã„Â»Î“Ã„Â»Î“Ã„Â»Î“Ã„Â»Î“Ã„Â»Î“Ã„Â»Î“Ã„Â»Î“Ã„Â»Î“Ã„Â»Î“Ã„Â»Î“Ã„Â»Î“Ã„Â»Î“Ã„Â»Î“Ã„Â»Î“Ã„Â»[16/89]Î“Ã„Â»

 FAIL  src/hooks/useDeleteConfirmation.test.ts > useDeleteConfirmation > executeDelete - Error > should set isDeleting to false after failed delete
TypeError: Cannot read properties of null (reading 'confirmDelete')
 Î“Â¥Â» src/hooks/useDeleteConfirmation.test.ts:297:24
    295| 
    296|       act(() => {
    297|         result.current.confirmDelete(mockId);
       |                        ^
    298|       });
    299| 
 Î“Â¥Â» node_modules/.pnpm/@testing-library+react@16.3_c83a9dbc2c1cff4495b7ba392bd62e0d/node_modules/@testing-library/react/dist/act-compat.js:47:24
 Î“Â¥Â» actImpl src/test/react-act-patch.ts:8:18
 Î“Â¥Â» Proxy.<anonymous> node_modules/.pnpm/@testing-library+react@16.3_c83a9dbc2c1cff4495b7ba392bd62e0d/node_modules/@testing-library/react/dist/act-compat.js:46:25
 Î“Â¥Â» src/hooks/useDeleteConfirmation.test.ts:296:7

Î“Ã„Â»Î“Ã„Â»Î“Ã„Â»Î“Ã„Â»Î“Ã„Â»Î“Ã„Â»Î“Ã„Â»Î“Ã„Â»Î“Ã„Â»Î“Ã„Â»Î“Ã„Â»Î“Ã„Â»Î“Ã„Â»Î“Ã„Â»Î“Ã„Â»Î“Ã„Â»Î“Ã„Â»Î“Ã„Â»Î“Ã„Â»Î“Ã„Â»Î“Ã„Â»Î“Ã„Â»[17/89]Î“Ã„Â»

 FAIL  src/hooks/useDeleteConfirmation.test.ts > useDeleteConfirmation > executeDelete - No deleteId > should not call deleteFn when deleteId is null
TypeError: Cannot read properties of null (reading 'executeDelete')
 Î“Â¥Â» src/hooks/useDeleteConfirmation.test.ts:315:30
    313| 
    314|       await act(async () => {
    315|         await result.current.executeDelete(deleteFn);
       |                              ^
    316|       });
    317| 
 Î“Â¥Â» node_modules/.pnpm/@testing-library+react@16.3_c83a9dbc2c1cff4495b7ba392bd62e0d/node_modules/@testing-library/react/dist/act-compat.js:47:24
 Î“Â¥Â» actImpl src/test/react-act-patch.ts:8:18
 Î“Â¥Â» Proxy.<anonymous> node_modules/.pnpm/@testing-library+react@16.3_c83a9dbc2c1cff4495b7ba392bd62e0d/node_modules/@testing-library/react/dist/act-compat.js:46:25
 Î“Â¥Â» src/hooks/useDeleteConfirmation.test.ts:314:13

Î“Ã„Â»Î“Ã„Â»Î“Ã„Â»Î“Ã„Â»Î“Ã„Â»Î“Ã„Â»Î“Ã„Â»Î“Ã„Â»Î“Ã„Â»Î“Ã„Â»Î“Ã„Â»Î“Ã„Â»Î“Ã„Â»Î“Ã„Â»Î“Ã„Â»Î“Ã„Â»Î“Ã„Â»Î“Ã„Â»Î“Ã„Â»Î“Ã„Â»Î“Ã„Â»Î“Ã„Â»[18/89]Î“Ã„Â»

 FAIL  src/hooks/useDeleteConfirmation.test.ts > useDeleteConfirmation > executeDelete - No deleteId > should not show any toast when deleteId is null
TypeError: Cannot read properties of null (reading 'executeDelete')
 Î“Â¥Â» src/hooks/useDeleteConfirmation.test.ts:327:30
    325| 
    326|       await act(async () => {
    327|         await result.current.executeDelete(deleteFn);
       |                              ^
    328|       });
    329| 
 Î“Â¥Â» node_modules/.pnpm/@testing-library+react@16.3_c83a9dbc2c1cff4495b7ba392bd62e0d/node_modules/@testing-library/react/dist/act-compat.js:47:24
 Î“Â¥Â» actImpl src/test/react-act-patch.ts:8:18
 Î“Â¥Â» Proxy.<anonymous> node_modules/.pnpm/@testing-library+react@16.3_c83a9dbc2c1cff4495b7ba392bd62e0d/node_modules/@testing-library/react/dist/act-compat.js:46:25
 Î“Â¥Â» src/hooks/useDeleteConfirmation.test.ts:326:13

Î“Ã„Â»Î“Ã„Â»Î“Ã„Â»Î“Ã„Â»Î“Ã„Â»Î“Ã„Â»Î“Ã„Â»Î“Ã„Â»Î“Ã„Â»Î“Ã„Â»Î“Ã„Â»Î“Ã„Â»Î“Ã„Â»Î“Ã„Â»Î“Ã„Â»Î“Ã„Â»Î“Ã„Â»Î“Ã„Â»Î“Ã„Â»Î“Ã„Â»Î“Ã„Â»Î“Ã„Â»[19/89]Î“Ã„Â»

 FAIL  src/hooks/useDeleteConfirmation.test.ts > useDeleteConfirmation > isDeleting State > should set isDeleting to false after delete completes
TypeError: Cannot read properties of null (reading 'confirmDelete')
 Î“Â¥Â» src/hooks/useDeleteConfirmation.test.ts:343:24
    341| 
    342|       act(() => {
    343|         result.current.confirmDelete(mockId);
       |                        ^
    344|       });
    345| 
 Î“Â¥Â» node_modules/.pnpm/@testing-library+react@16.3_c83a9dbc2c1cff4495b7ba392bd62e0d/node_modules/@testing-library/react/dist/act-compat.js:47:24
 Î“Â¥Â» actImpl src/test/react-act-patch.ts:8:18
 Î“Â¥Â» Proxy.<anonymous> node_modules/.pnpm/@testing-library+react@16.3_c83a9dbc2c1cff4495b7ba392bd62e0d/node_modules/@testing-library/react/dist/act-compat.js:46:25
 Î“Â¥Â» src/hooks/useDeleteConfirmation.test.ts:342:7

Î“Ã„Â»Î“Ã„Â»Î“Ã„Â»Î“Ã„Â»Î“Ã„Â»Î“Ã„Â»Î“Ã„Â»Î“Ã„Â»Î“Ã„Â»Î“Ã„Â»Î“Ã„Â»Î“Ã„Â»Î“Ã„Â»Î“Ã„Â»Î“Ã„Â»Î“Ã„Â»Î“Ã„Â»Î“Ã„Â»Î“Ã„Â»Î“Ã„Â»Î“Ã„Â»Î“Ã„Â»[20/89]Î“Ã„Â»

 FAIL  src/hooks/useDeleteConfirmation.test.ts > useDeleteConfirmation > Return Value Shape > should return object with expected properties
TypeError: Cannot convert undefined or null to object
 Î“Â¥Â» src/hooks/useDeleteConfirmation.test.ts:362:30
    360|       const { result } = renderHook(() => useDeleteConfirmation<"testTÎ“Ã‡Âª
    361| 
    362|       expect(result.current).toHaveProperty("deleteId");
       |                              ^
    363|       expect(result.current).toHaveProperty("isDeleting");
    364|       expect(result.current).toHaveProperty("confirmDelete");

Î“Ã„Â»Î“Ã„Â»Î“Ã„Â»Î“Ã„Â»Î“Ã„Â»Î“Ã„Â»Î“Ã„Â»Î“Ã„Â»Î“Ã„Â»Î“Ã„Â»Î“Ã„Â»Î“Ã„Â»Î“Ã„Â»Î“Ã„Â»Î“Ã„Â»Î“Ã„Â»Î“Ã„Â»Î“Ã„Â»Î“Ã„Â»Î“Ã„Â»Î“Ã„Â»Î“Ã„Â»[21/89]Î“Ã„Â»

 FAIL  src/hooks/useDeleteConfirmation.test.ts > useDeleteConfirmation > Return Value Shape > should return functions for confirmDelete, cancelDelete, executeDelete
TypeError: Cannot read properties of null (reading 'confirmDelete')
 Î“Â¥Â» src/hooks/useDeleteConfirmation.test.ts:372:36
    370|       const { result } = renderHook(() => useDeleteConfirmation<"testTÎ“Ã‡Âª
    371| 
    372|       expect(typeof result.current.confirmDelete).toBe("function");
       |                                    ^
    373|       expect(typeof result.current.cancelDelete).toBe("function");
    374|       expect(typeof result.current.executeDelete).toBe("function");

Î“Ã„Â»Î“Ã„Â»Î“Ã„Â»Î“Ã„Â»Î“Ã„Â»Î“Ã„Â»Î“Ã„Â»Î“Ã„Â»Î“Ã„Â»Î“Ã„Â»Î“Ã„Â»Î“Ã„Â»Î“Ã„Â»Î“Ã„Â»Î“Ã„Â»Î“Ã„Â»Î“Ã„Â»Î“Ã„Â»Î“Ã„Â»Î“Ã„Â»Î“Ã„Â»Î“Ã„Â»[22/89]Î“Ã„Â»

 FAIL  src/hooks/useFuzzySearch.test.ts > useFuzzySearch > should return all items when query is empty
TypeError: Cannot read properties of null (reading 'results')
 Î“Â¥Â» src/hooks/useFuzzySearch.test.ts:28:27
     26|     );
     27| 
     28|     expect(result.current.results).toHaveLength(3);
       |                           ^
     29|     expect(result.current.results[0].item.name).toBe("John Doe");
     30|   });

Î“Ã„Â»Î“Ã„Â»Î“Ã„Â»Î“Ã„Â»Î“Ã„Â»Î“Ã„Â»Î“Ã„Â»Î“Ã„Â»Î“Ã„Â»Î“Ã„Â»Î“Ã„Â»Î“Ã„Â»Î“Ã„Â»Î“Ã„Â»Î“Ã„Â»Î“Ã„Â»Î“Ã„Â»Î“Ã„Â»Î“Ã„Â»Î“Ã„Â»Î“Ã„Â»Î“Ã„Â»[23/89]Î“Ã„Â»

 FAIL  src/hooks/useFuzzySearch.test.ts > useFuzzySearch > should filter items based on query
TypeError: Cannot read properties of null (reading 'search')
 Î“Â¥Â» src/hooks/useFuzzySearch.test.ts:40:22
     38| 
     39|     act(() => {
     40|       result.current.search("john");
       |                      ^
     41|     });
     42| 
 Î“Â¥Â» node_modules/.pnpm/@testing-library+react@16.3_c83a9dbc2c1cff4495b7ba392bd62e0d/node_modules/@testing-library/react/dist/act-compat.js:47:24
 Î“Â¥Â» actImpl src/test/react-act-patch.ts:8:18
 Î“Â¥Â» node_modules/.pnpm/@testing-library+react@16.3_c83a9dbc2c1cff4495b7ba392bd62e0d/node_modules/@testing-library/react/dist/act-compat.js:46:25
 Î“Â¥Â» src/hooks/useFuzzySearch.test.ts:39:5

Î“Ã„Â»Î“Ã„Â»Î“Ã„Â»Î“Ã„Â»Î“Ã„Â»Î“Ã„Â»Î“Ã„Â»Î“Ã„Â»Î“Ã„Â»Î“Ã„Â»Î“Ã„Â»Î“Ã„Â»Î“Ã„Â»Î“Ã„Â»Î“Ã„Â»Î“Ã„Â»Î“Ã„Â»Î“Ã„Â»Î“Ã„Â»Î“Ã„Â»Î“Ã„Â»Î“Ã„Â»[24/89]Î“Ã„Â»

 FAIL  src/hooks/useFuzzySearch.test.ts > useFuzzySearch > should handle typos with fuzzy matching
TypeError: Cannot read properties of null (reading 'search')
 Î“Â¥Â» src/hooks/useFuzzySearch.test.ts:56:22
     54| 
     55|     act(() => {
     56|       result.current.search("jon"); // Typo: "jon" instead of "john"
       |                      ^
     57|     });
     58| 
 Î“Â¥Â» node_modules/.pnpm/@testing-library+react@16.3_c83a9dbc2c1cff4495b7ba392bd62e0d/node_modules/@testing-library/react/dist/act-compat.js:47:24
 Î“Â¥Â» actImpl src/test/react-act-patch.ts:8:18
 Î“Â¥Â» node_modules/.pnpm/@testing-library+react@16.3_c83a9dbc2c1cff4495b7ba392bd62e0d/node_modules/@testing-library/react/dist/act-compat.js:46:25
 Î“Â¥Â» src/hooks/useFuzzySearch.test.ts:55:5

Î“Ã„Â»Î“Ã„Â»Î“Ã„Â»Î“Ã„Â»Î“Ã„Â»Î“Ã„Â»Î“Ã„Â»Î“Ã„Â»Î“Ã„Â»Î“Ã„Â»Î“Ã„Â»Î“Ã„Â»Î“Ã„Â»Î“Ã„Â»Î“Ã„Â»Î“Ã„Â»Î“Ã„Â»Î“Ã„Â»Î“Ã„Â»Î“Ã„Â»Î“Ã„Â»Î“Ã„Â»[25/89]Î“Ã„Â»

 FAIL  src/hooks/useFuzzySearch.test.ts > useFuzzySearch > should respect limit option
TypeError: Cannot read properties of null (reading 'search')
 Î“Â¥Â» src/hooks/useFuzzySearch.test.ts:74:22
     72| 
     73|     act(() => {
     74|       result.current.search("j");
       |                      ^
     75|     });
     76| 
 Î“Â¥Â» node_modules/.pnpm/@testing-library+react@16.3_c83a9dbc2c1cff4495b7ba392bd62e0d/node_modules/@testing-library/react/dist/act-compat.js:47:24
 Î“Â¥Â» actImpl src/test/react-act-patch.ts:8:18
 Î“Â¥Â» node_modules/.pnpm/@testing-library+react@16.3_c83a9dbc2c1cff4495b7ba392bd62e0d/node_modules/@testing-library/react/dist/act-compat.js:46:25
 Î“Â¥Â» src/hooks/useFuzzySearch.test.ts:73:5

Î“Ã„Â»Î“Ã„Â»Î“Ã„Â»Î“Ã„Â»Î“Ã„Â»Î“Ã„Â»Î“Ã„Â»Î“Ã„Â»Î“Ã„Â»Î“Ã„Â»Î“Ã„Â»Î“Ã„Â»Î“Ã„Â»Î“Ã„Â»Î“Ã„Â»Î“Ã„Â»Î“Ã„Â»Î“Ã„Â»Î“Ã„Â»Î“Ã„Â»Î“Ã„Â»Î“Ã„Â»[26/89]Î“Ã„Â»

 FAIL  src/hooks/useFuzzySearch.test.ts > useFuzzySearch > should clear query
TypeError: Cannot read properties of null (reading 'search')
 Î“Â¥Â» src/hooks/useFuzzySearch.test.ts:88:22
     86| 
     87|     act(() => {
     88|       result.current.search("john");
       |                      ^
     89|     });
     90| 
 Î“Â¥Â» node_modules/.pnpm/@testing-library+react@16.3_c83a9dbc2c1cff4495b7ba392bd62e0d/node_modules/@testing-library/react/dist/act-compat.js:47:24
 Î“Â¥Â» actImpl src/test/react-act-patch.ts:8:18
 Î“Â¥Â» node_modules/.pnpm/@testing-library+react@16.3_c83a9dbc2c1cff4495b7ba392bd62e0d/node_modules/@testing-library/react/dist/act-compat.js:46:25
 Î“Â¥Â» src/hooks/useFuzzySearch.test.ts:87:5

Î“Ã„Â»Î“Ã„Â»Î“Ã„Â»Î“Ã„Â»Î“Ã„Â»Î“Ã„Â»Î“Ã„Â»Î“Ã„Â»Î“Ã„Â»Î“Ã„Â»Î“Ã„Â»Î“Ã„Â»Î“Ã„Â»Î“Ã„Â»Î“Ã„Â»Î“Ã„Â»Î“Ã„Â»Î“Ã„Â»Î“Ã„Â»Î“Ã„Â»Î“Ã„Â»Î“Ã„Â»[27/89]Î“Ã„Â»

 FAIL  src/hooks/useFuzzySearch.test.ts > useFuzzySearch > should debounce search query
TypeError: Cannot read properties of null (reading 'search')
 Î“Â¥Â» src/hooks/useFuzzySearch.test.ts:110:22
    108| 
    109|     act(() => {
    110|       result.current.search("john");
       |                      ^
    111|     });
    112| 
 Î“Â¥Â» node_modules/.pnpm/@testing-library+react@16.3_c83a9dbc2c1cff4495b7ba392bd62e0d/node_modules/@testing-library/react/dist/act-compat.js:47:24
 Î“Â¥Â» actImpl src/test/react-act-patch.ts:8:18
 Î“Â¥Â» node_modules/.pnpm/@testing-library+react@16.3_c83a9dbc2c1cff4495b7ba392bd62e0d/node_modules/@testing-library/react/dist/act-compat.js:46:25
 Î“Â¥Â» src/hooks/useFuzzySearch.test.ts:109:5

Î“Ã„Â»Î“Ã„Â»Î“Ã„Â»Î“Ã„Â»Î“Ã„Â»Î“Ã„Â»Î“Ã„Â»Î“Ã„Â»Î“Ã„Â»Î“Ã„Â»Î“Ã„Â»Î“Ã„Â»Î“Ã„Â»Î“Ã„Â»Î“Ã„Â»Î“Ã„Â»Î“Ã„Â»Î“Ã„Â»Î“Ã„Â»Î“Ã„Â»Î“Ã„Â»Î“Ã„Â»[28/89]Î“Ã„Â»

 FAIL  src/hooks/useFuzzySearch.test.ts > useFuzzySearch > should indicate searching state
TypeError: Cannot read properties of null (reading 'isSearching')
 Î“Â¥Â» src/hooks/useFuzzySearch.test.ts:135:27
    133|     );
    134| 
    135|     expect(result.current.isSearching).toBe(false);
       |                           ^
    136| 
    137|     act(() => {

Î“Ã„Â»Î“Ã„Â»Î“Ã„Â»Î“Ã„Â»Î“Ã„Â»Î“Ã„Â»Î“Ã„Â»Î“Ã„Â»Î“Ã„Â»Î“Ã„Â»Î“Ã„Â»Î“Ã„Â»Î“Ã„Â»Î“Ã„Â»Î“Ã„Â»Î“Ã„Â»Î“Ã„Â»Î“Ã„Â»Î“Ã„Â»Î“Ã„Â»Î“Ã„Â»Î“Ã„Â»[29/89]Î“Ã„Â»

 FAIL  src/hooks/useFuzzySearch.test.ts > useFuzzySearch > should indicate when results exist
TypeError: Cannot read properties of null (reading 'hasResults')
 Î“Â¥Â» src/hooks/useFuzzySearch.test.ts:151:27
    149|     );
    150| 
    151|     expect(result.current.hasResults).toBe(true);
       |                           ^
    152| 
    153|     act(() => {

Î“Ã„Â»Î“Ã„Â»Î“Ã„Â»Î“Ã„Â»Î“Ã„Â»Î“Ã„Â»Î“Ã„Â»Î“Ã„Â»Î“Ã„Â»Î“Ã„Â»Î“Ã„Â»Î“Ã„Â»Î“Ã„Â»Î“Ã„Â»Î“Ã„Â»Î“Ã„Â»Î“Ã„Â»Î“Ã„Â»Î“Ã„Â»Î“Ã„Â»Î“Ã„Â»Î“Ã„Â»[30/89]Î“Ã„Â»

 FAIL  src/hooks/useFuzzySearch.test.ts > useFuzzySearch > should return total items count
TypeError: Cannot read properties of null (reading 'totalItems')
 Î“Â¥Â» src/hooks/useFuzzySearch.test.ts:167:27
    165|     );
    166| 
    167|     expect(result.current.totalItems).toBe(3);
       |                           ^
    168|   });
    169| 

Î“Ã„Â»Î“Ã„Â»Î“Ã„Â»Î“Ã„Â»Î“Ã„Â»Î“Ã„Â»Î“Ã„Â»Î“Ã„Â»Î“Ã„Â»Î“Ã„Â»Î“Ã„Â»Î“Ã„Â»Î“Ã„Â»Î“Ã„Â»Î“Ã„Â»Î“Ã„Â»Î“Ã„Â»Î“Ã„Â»Î“Ã„Â»Î“Ã„Â»Î“Ã„Â»Î“Ã„Â»[31/89]Î“Ã„Â»

 FAIL  src/hooks/useFuzzySearch.test.ts > useFuzzySearch > should handle undefined items
TypeError: Cannot read properties of null (reading 'results')
 Î“Â¥Â» src/hooks/useFuzzySearch.test.ts:177:27
    175|     );
    176| 
    177|     expect(result.current.results).toHaveLength(0);
       |                           ^
    178|     expect(result.current.totalItems).toBe(0);
    179|   });

Î“Ã„Â»Î“Ã„Â»Î“Ã„Â»Î“Ã„Â»Î“Ã„Â»Î“Ã„Â»Î“Ã„Â»Î“Ã„Â»Î“Ã„Â»Î“Ã„Â»Î“Ã„Â»Î“Ã„Â»Î“Ã„Â»Î“Ã„Â»Î“Ã„Â»Î“Ã„Â»Î“Ã„Â»Î“Ã„Â»Î“Ã„Â»Î“Ã„Â»Î“Ã„Â»Î“Ã„Â»[32/89]Î“Ã„Â»

 FAIL  src/hooks/useFuzzySearch.test.ts > useFuzzySearch > should handle empty array
TypeError: Cannot read properties of null (reading 'results')
 Î“Â¥Â» src/hooks/useFuzzySearch.test.ts:188:27
    186|     );
    187| 
    188|     expect(result.current.results).toHaveLength(0);
       |                           ^
    189|   });
    190| 

Î“Ã„Â»Î“Ã„Â»Î“Ã„Â»Î“Ã„Â»Î“Ã„Â»Î“Ã„Â»Î“Ã„Â»Î“Ã„Â»Î“Ã„Â»Î“Ã„Â»Î“Ã„Â»Î“Ã„Â»Î“Ã„Â»Î“Ã„Â»Î“Ã„Â»Î“Ã„Â»Î“Ã„Â»Î“Ã„Â»Î“Ã„Â»Î“Ã„Â»Î“Ã„Â»Î“Ã„Â»[33/89]Î“Ã„Â»

 FAIL  src/hooks/useFuzzySearch.test.ts > useFuzzySearch > should prioritize weighted keys
TypeError: Cannot read properties of null (reading 'search')
 Î“Â¥Â» src/hooks/useFuzzySearch.test.ts:202:22
    200| 
    201|     act(() => {
    202|       result.current.search("john");
       |                      ^
    203|     });
    204| 
 Î“Â¥Â» node_modules/.pnpm/@testing-library+react@16.3_c83a9dbc2c1cff4495b7ba392bd62e0d/node_modules/@testing-library/react/dist/act-compat.js:47:24
 Î“Â¥Â» actImpl src/test/react-act-patch.ts:8:18
 Î“Â¥Â» node_modules/.pnpm/@testing-library+react@16.3_c83a9dbc2c1cff4495b7ba392bd62e0d/node_modules/@testing-library/react/dist/act-compat.js:46:25
 Î“Â¥Â» src/hooks/useFuzzySearch.test.ts:201:5

Î“Ã„Â»Î“Ã„Â»Î“Ã„Â»Î“Ã„Â»Î“Ã„Â»Î“Ã„Â»Î“Ã„Â»Î“Ã„Â»Î“Ã„Â»Î“Ã„Â»Î“Ã„Â»Î“Ã„Â»Î“Ã„Â»Î“Ã„Â»Î“Ã„Â»Î“Ã„Â»Î“Ã„Â»Î“Ã„Â»Î“Ã„Â»Î“Ã„Â»Î“Ã„Â»Î“Ã„Â»[34/89]Î“Ã„Â»

 FAIL  src/hooks/useFuzzySearch.test.ts > useUserFuzzySearch > should search users by name and email
TypeError: Cannot read properties of null (reading 'search')
 Î“Â¥Â» src/hooks/useFuzzySearch.test.ts:220:22
    218| 
    219|     act(() => {
    220|       result.current.search("john");
       |                      ^
    221|     });
    222| 
 Î“Â¥Â» node_modules/.pnpm/@testing-library+react@16.3_c83a9dbc2c1cff4495b7ba392bd62e0d/node_modules/@testing-library/react/dist/act-compat.js:47:24
 Î“Â¥Â» actImpl src/test/react-act-patch.ts:8:18
 Î“Â¥Â» node_modules/.pnpm/@testing-library+react@16.3_c83a9dbc2c1cff4495b7ba392bd62e0d/node_modules/@testing-library/react/dist/act-compat.js:46:25
 Î“Â¥Â» src/hooks/useFuzzySearch.test.ts:219:5

Î“Ã„Â»Î“Ã„Â»Î“Ã„Â»Î“Ã„Â»Î“Ã„Â»Î“Ã„Â»Î“Ã„Â»Î“Ã„Â»Î“Ã„Â»Î“Ã„Â»Î“Ã„Â»Î“Ã„Â»Î“Ã„Â»Î“Ã„Â»Î“Ã„Â»Î“Ã„Â»Î“Ã„Â»Î“Ã„Â»Î“Ã„Â»Î“Ã„Â»Î“Ã„Â»Î“Ã„Â»[35/89]Î“Ã„Â»

 FAIL  src/hooks/useFuzzySearch.test.ts > useUserFuzzySearch > should have debounce enabled
TypeError: Cannot read properties of null (reading 'search')
 Î“Â¥Â» src/hooks/useFuzzySearch.test.ts:231:22
    229| 
    230|     act(() => {
    231|       result.current.search("john");
       |                      ^
    232|     });
    233| 
 Î“Â¥Â» node_modules/.pnpm/@testing-library+react@16.3_c83a9dbc2c1cff4495b7ba392bd62e0d/node_modules/@testing-library/react/dist/act-compat.js:47:24
 Î“Â¥Â» actImpl src/test/react-act-patch.ts:8:18
 Î“Â¥Â» node_modules/.pnpm/@testing-library+react@16.3_c83a9dbc2c1cff4495b7ba392bd62e0d/node_modules/@testing-library/react/dist/act-compat.js:46:25
 Î“Â¥Â» src/hooks/useFuzzySearch.test.ts:230:5

Î“Ã„Â»Î“Ã„Â»Î“Ã„Â»Î“Ã„Â»Î“Ã„Â»Î“Ã„Â»Î“Ã„Â»Î“Ã„Â»Î“Ã„Â»Î“Ã„Â»Î“Ã„Â»Î“Ã„Â»Î“Ã„Â»Î“Ã„Â»Î“Ã„Â»Î“Ã„Â»Î“Ã„Â»Î“Ã„Â»Î“Ã„Â»Î“Ã„Â»Î“Ã„Â»Î“Ã„Â»[36/89]Î“Ã„Â»

 FAIL  src/hooks/useFuzzySearch.test.ts > useProjectFuzzySearch > should search projects by name, key, and description
TypeError: Cannot read properties of null (reading 'search')
 Î“Â¥Â» src/hooks/useFuzzySearch.test.ts:252:22
    250| 
    251|     act(() => {
    252|       result.current.search("alpha");
       |                      ^
    253|     });
    254| 
 Î“Â¥Â» node_modules/.pnpm/@testing-library+react@16.3_c83a9dbc2c1cff4495b7ba392bd62e0d/node_modules/@testing-library/react/dist/act-compat.js:47:24
 Î“Â¥Â» actImpl src/test/react-act-patch.ts:8:18
 Î“Â¥Â» node_modules/.pnpm/@testing-library+react@16.3_c83a9dbc2c1cff4495b7ba392bd62e0d/node_modules/@testing-library/react/dist/act-compat.js:46:25
 Î“Â¥Â» src/hooks/useFuzzySearch.test.ts:251:5

Î“Ã„Â»Î“Ã„Â»Î“Ã„Â»Î“Ã„Â»Î“Ã„Â»Î“Ã„Â»Î“Ã„Â»Î“Ã„Â»Î“Ã„Â»Î“Ã„Â»Î“Ã„Â»Î“Ã„Â»Î“Ã„Â»Î“Ã„Â»Î“Ã„Â»Î“Ã„Â»Î“Ã„Â»Î“Ã„Â»Î“Ã„Â»Î“Ã„Â»Î“Ã„Â»Î“Ã„Â»[37/89]Î“Ã„Â»

 FAIL  src/hooks/useFuzzySearch.test.ts > useProjectFuzzySearch > should match project keys
TypeError: Cannot read properties of null (reading 'search')
 Î“Â¥Â» src/hooks/useFuzzySearch.test.ts:262:22
    260| 
    261|     act(() => {
    262|       result.current.search("BETA");
       |                      ^
    263|     });
    264| 
 Î“Â¥Â» node_modules/.pnpm/@testing-library+react@16.3_c83a9dbc2c1cff4495b7ba392bd62e0d/node_modules/@testing-library/react/dist/act-compat.js:47:24
 Î“Â¥Â» actImpl src/test/react-act-patch.ts:8:18
 Î“Â¥Â» node_modules/.pnpm/@testing-library+react@16.3_c83a9dbc2c1cff4495b7ba392bd62e0d/node_modules/@testing-library/react/dist/act-compat.js:46:25
 Î“Â¥Â» src/hooks/useFuzzySearch.test.ts:261:5

Î“Ã„Â»Î“Ã„Â»Î“Ã„Â»Î“Ã„Â»Î“Ã„Â»Î“Ã„Â»Î“Ã„Â»Î“Ã„Â»Î“Ã„Â»Î“Ã„Â»Î“Ã„Â»Î“Ã„Â»Î“Ã„Â»Î“Ã„Â»Î“Ã„Â»Î“Ã„Â»Î“Ã„Â»Î“Ã„Â»Î“Ã„Â»Î“Ã„Â»Î“Ã„Â»Î“Ã„Â»[38/89]Î“Ã„Â»

 FAIL  src/hooks/useFuzzySearch.test.ts > useIssueFuzzySearch > should search issues by title and key
TypeError: Cannot read properties of null (reading 'search')
 Î“Â¥Â» src/hooks/useFuzzySearch.test.ts:282:22
    280| 
    281|     act(() => {
    282|       result.current.search("PROJ-123");
       |                      ^
    283|     });
    284| 
 Î“Â¥Â» node_modules/.pnpm/@testing-library+react@16.3_c83a9dbc2c1cff4495b7ba392bd62e0d/node_modules/@testing-library/react/dist/act-compat.js:47:24
 Î“Â¥Â» actImpl src/test/react-act-patch.ts:8:18
 Î“Â¥Â» node_modules/.pnpm/@testing-library+react@16.3_c83a9dbc2c1cff4495b7ba392bd62e0d/node_modules/@testing-library/react/dist/act-compat.js:46:25
 Î“Â¥Â» src/hooks/useFuzzySearch.test.ts:281:5

Î“Ã„Â»Î“Ã„Â»Î“Ã„Â»Î“Ã„Â»Î“Ã„Â»Î“Ã„Â»Î“Ã„Â»Î“Ã„Â»Î“Ã„Â»Î“Ã„Â»Î“Ã„Â»Î“Ã„Â»Î“Ã„Â»Î“Ã„Â»Î“Ã„Â»Î“Ã„Â»Î“Ã„Â»Î“Ã„Â»Î“Ã„Â»Î“Ã„Â»Î“Ã„Â»Î“Ã„Â»[39/89]Î“Ã„Â»

 FAIL  src/hooks/useFuzzySearch.test.ts > useIssueFuzzySearch > should match issue titles
TypeError: Cannot read properties of null (reading 'search')
 Î“Â¥Â» src/hooks/useFuzzySearch.test.ts:292:22
    290| 
    291|     act(() => {
    292|       result.current.search("dark mode");
       |                      ^
    293|     });
    294| 
 Î“Â¥Â» node_modules/.pnpm/@testing-library+react@16.3_c83a9dbc2c1cff4495b7ba392bd62e0d/node_modules/@testing-library/react/dist/act-compat.js:47:24
 Î“Â¥Â» actImpl src/test/react-act-patch.ts:8:18
 Î“Â¥Â» node_modules/.pnpm/@testing-library+react@16.3_c83a9dbc2c1cff4495b7ba392bd62e0d/node_modules/@testing-library/react/dist/act-compat.js:46:25
 Î“Â¥Â» src/hooks/useFuzzySearch.test.ts:291:5

Î“Ã„Â»Î“Ã„Â»Î“Ã„Â»Î“Ã„Â»Î“Ã„Â»Î“Ã„Â»Î“Ã„Â»Î“Ã„Â»Î“Ã„Â»Î“Ã„Â»Î“Ã„Â»Î“Ã„Â»Î“Ã„Â»Î“Ã„Â»Î“Ã„Â»Î“Ã„Â»Î“Ã„Â»Î“Ã„Â»Î“Ã„Â»Î“Ã„Â»Î“Ã„Â»Î“Ã„Â»[40/89]Î“Ã„Â»

 FAIL  src/hooks/useFuzzySearch.test.ts > useSprintFuzzySearch > should search sprints by name
TypeError: Cannot read properties of null (reading 'search')
 Î“Â¥Â» src/hooks/useFuzzySearch.test.ts:312:22
    310| 
    311|     act(() => {
    312|       result.current.search("sprint 1");
       |                      ^
    313|     });
    314| 
 Î“Â¥Â» node_modules/.pnpm/@testing-library+react@16.3_c83a9dbc2c1cff4495b7ba392bd62e0d/node_modules/@testing-library/react/dist/act-compat.js:47:24
 Î“Â¥Â» actImpl src/test/react-act-patch.ts:8:18
 Î“Â¥Â» node_modules/.pnpm/@testing-library+react@16.3_c83a9dbc2c1cff4495b7ba392bd62e0d/node_modules/@testing-library/react/dist/act-compat.js:46:25
 Î“Â¥Â» src/hooks/useFuzzySearch.test.ts:311:5

Î“Ã„Â»Î“Ã„Â»Î“Ã„Â»Î“Ã„Â»Î“Ã„Â»Î“Ã„Â»Î“Ã„Â»Î“Ã„Â»Î“Ã„Â»Î“Ã„Â»Î“Ã„Â»Î“Ã„Â»Î“Ã„Â»Î“Ã„Â»Î“Ã„Â»Î“Ã„Â»Î“Ã„Â»Î“Ã„Â»Î“Ã„Â»Î“Ã„Â»Î“Ã„Â»Î“Ã„Â»[41/89]Î“Ã„Â»

 FAIL  src/hooks/useFuzzySearch.test.ts > useLabelFuzzySearch > should search labels
TypeError: Cannot read properties of null (reading 'search')
 Î“Â¥Â» src/hooks/useFuzzySearch.test.ts:326:22
    324| 
    325|     act(() => {
    326|       result.current.search("bug");
       |                      ^
    327|     });
    328| 
 Î“Â¥Â» node_modules/.pnpm/@testing-library+react@16.3_c83a9dbc2c1cff4495b7ba392bd62e0d/node_modules/@testing-library/react/dist/act-compat.js:47:24
 Î“Â¥Â» actImpl src/test/react-act-patch.ts:8:18
 Î“Â¥Â» node_modules/.pnpm/@testing-library+react@16.3_c83a9dbc2c1cff4495b7ba392bd62e0d/node_modules/@testing-library/react/dist/act-compat.js:46:25
 Î“Â¥Â» src/hooks/useFuzzySearch.test.ts:325:5

Î“Ã„Â»Î“Ã„Â»Î“Ã„Â»Î“Ã„Â»Î“Ã„Â»Î“Ã„Â»Î“Ã„Â»Î“Ã„Â»Î“Ã„Â»Î“Ã„Â»Î“Ã„Â»Î“Ã„Â»Î“Ã„Â»Î“Ã„Â»Î“Ã„Â»Î“Ã„Â»Î“Ã„Â»Î“Ã„Â»Î“Ã„Â»Î“Ã„Â»Î“Ã„Â»Î“Ã„Â»[42/89]Î“Ã„Â»

 FAIL  src/hooks/useFuzzySearch.test.ts > useLabelFuzzySearch > should handle typos in labels
TypeError: Cannot read properties of null (reading 'search')
 Î“Â¥Â» src/hooks/useFuzzySearch.test.ts:336:22
    334| 
    335|     act(() => {
    336|       result.current.search("enhanc"); // Partial match
       |                      ^
    337|     });
    338| 
 Î“Â¥Â» node_modules/.pnpm/@testing-library+react@16.3_c83a9dbc2c1cff4495b7ba392bd62e0d/node_modules/@testing-library/react/dist/act-compat.js:47:24
 Î“Â¥Â» actImpl src/test/react-act-patch.ts:8:18
 Î“Â¥Â» node_modules/.pnpm/@testing-library+react@16.3_c83a9dbc2c1cff4495b7ba392bd62e0d/node_modules/@testing-library/react/dist/act-compat.js:46:25
 Î“Â¥Â» src/hooks/useFuzzySearch.test.ts:335:5

Î“Ã„Â»Î“Ã„Â»Î“Ã„Â»Î“Ã„Â»Î“Ã„Â»Î“Ã„Â»Î“Ã„Â»Î“Ã„Â»Î“Ã„Â»Î“Ã„Â»Î“Ã„Â»Î“Ã„Â»Î“Ã„Â»Î“Ã„Â»Î“Ã„Â»Î“Ã„Â»Î“Ã„Â»Î“Ã„Â»Î“Ã„Â»Î“Ã„Â»Î“Ã„Â»Î“Ã„Â»[43/89]Î“Ã„Â»

 FAIL  src/hooks/useFuzzySearch.test.ts > useDocumentFuzzySearch > should search documents by title
TypeError: Cannot read properties of null (reading 'search')
 Î“Â¥Â» src/hooks/useFuzzySearch.test.ts:355:22
    353| 
    354|     act(() => {
    355|       result.current.search("getting started");
       |                      ^
    356|     });
    357| 
 Î“Â¥Â» node_modules/.pnpm/@testing-library+react@16.3_c83a9dbc2c1cff4495b7ba392bd62e0d/node_modules/@testing-library/react/dist/act-compat.js:47:24
 Î“Â¥Â» actImpl src/test/react-act-patch.ts:8:18
 Î“Â¥Â» node_modules/.pnpm/@testing-library+react@16.3_c83a9dbc2c1cff4495b7ba392bd62e0d/node_modules/@testing-library/react/dist/act-compat.js:46:25
 Î“Â¥Â» src/hooks/useFuzzySearch.test.ts:354:5

Î“Ã„Â»Î“Ã„Â»Î“Ã„Â»Î“Ã„Â»Î“Ã„Â»Î“Ã„Â»Î“Ã„Â»Î“Ã„Â»Î“Ã„Â»Î“Ã„Â»Î“Ã„Â»Î“Ã„Â»Î“Ã„Â»Î“Ã„Â»Î“Ã„Â»Î“Ã„Â»Î“Ã„Â»Î“Ã„Â»Î“Ã„Â»Î“Ã„Â»Î“Ã„Â»Î“Ã„Â»[44/89]Î“Ã„Â»

 FAIL  src/hooks/useKeyboardShortcuts.test.ts > useKeyboardShortcuts > Basic Shortcut Handling > should call handler when shortcut key is pressed
AssertionError: expected "vi.fn()" to be called at least once
 Î“Â¥Â» src/hooks/useKeyboardShortcuts.test.ts:40:23
     38|       dispatchKeyEvent("k");
     39| 
     40|       expect(handler).toHaveBeenCalled();
       |                       ^
     41|     });
     42| 

Î“Ã„Â»Î“Ã„Â»Î“Ã„Â»Î“Ã„Â»Î“Ã„Â»Î“Ã„Â»Î“Ã„Â»Î“Ã„Â»Î“Ã„Â»Î“Ã„Â»Î“Ã„Â»Î“Ã„Â»Î“Ã„Â»Î“Ã„Â»Î“Ã„Â»Î“Ã„Â»Î“Ã„Â»Î“Ã„Â»Î“Ã„Â»Î“Ã„Â»Î“Ã„Â»Î“Ã„Â»[45/89]Î“Ã„Â»

 FAIL  src/hooks/useKeyboardShortcuts.test.ts > useKeyboardShortcuts > Basic Shortcut Handling > should be case insensitive for keys
AssertionError: expected "vi.fn()" to be called at least once
 Î“Â¥Â» src/hooks/useKeyboardShortcuts.test.ts:62:23
     60|       dispatchKeyEvent("k");
     61| 
     62|       expect(handler).toHaveBeenCalled();
       |                       ^
     63|     });
     64| 

Î“Ã„Â»Î“Ã„Â»Î“Ã„Â»Î“Ã„Â»Î“Ã„Â»Î“Ã„Â»Î“Ã„Â»Î“Ã„Â»Î“Ã„Â»Î“Ã„Â»Î“Ã„Â»Î“Ã„Â»Î“Ã„Â»Î“Ã„Â»Î“Ã„Â»Î“Ã„Â»Î“Ã„Â»Î“Ã„Â»Î“Ã„Â»Î“Ã„Â»Î“Ã„Â»Î“Ã„Â»[46/89]Î“Ã„Â»

 FAIL  src/hooks/useKeyboardShortcuts.test.ts > useKeyboardShortcuts > Basic Shortcut Handling > should pass KeyboardEvent to handler
AssertionError: expected "vi.fn()" to be called with arguments: [ Any<KeyboardEvent> ]

Number of calls: 0

 Î“Â¥Â» src/hooks/useKeyboardShortcuts.test.ts:73:23
     71|       dispatchKeyEvent("k");
     72| 
     73|       expect(handler).toHaveBeenCalledWith(expect.any(KeyboardEvent));
       |                       ^
     74|     });
     75|   });

Î“Ã„Â»Î“Ã„Â»Î“Ã„Â»Î“Ã„Â»Î“Ã„Â»Î“Ã„Â»Î“Ã„Â»Î“Ã„Â»Î“Ã„Â»Î“Ã„Â»Î“Ã„Â»Î“Ã„Â»Î“Ã„Â»Î“Ã„Â»Î“Ã„Â»Î“Ã„Â»Î“Ã„Â»Î“Ã„Â»Î“Ã„Â»Î“Ã„Â»Î“Ã„Â»Î“Ã„Â»[47/89]Î“Ã„Â»

 FAIL  src/hooks/useKeyboardShortcuts.test.ts > useKeyboardShortcuts > Modifier Keys > should match shortcut with ctrl modifier
AssertionError: expected "vi.fn()" to be called at least once
 Î“Â¥Â» src/hooks/useKeyboardShortcuts.test.ts:88:23
     86|       dispatchKeyEvent("k", { ctrlKey: true });
     87| 
     88|       expect(handler).toHaveBeenCalled();
       |                       ^
     89|     });
     90| 

Î“Ã„Â»Î“Ã„Â»Î“Ã„Â»Î“Ã„Â»Î“Ã„Â»Î“Ã„Â»Î“Ã„Â»Î“Ã„Â»Î“Ã„Â»Î“Ã„Â»Î“Ã„Â»Î“Ã„Â»Î“Ã„Â»Î“Ã„Â»Î“Ã„Â»Î“Ã„Â»Î“Ã„Â»Î“Ã„Â»Î“Ã„Â»Î“Ã„Â»Î“Ã„Â»Î“Ã„Â»[48/89]Î“Ã„Â»

 FAIL  src/hooks/useKeyboardShortcuts.test.ts > useKeyboardShortcuts > Modifier Keys > should match shortcut with shift modifier
AssertionError: expected "vi.fn()" to be called at least once
 Î“Â¥Â» src/hooks/useKeyboardShortcuts.test.ts:114:23
    112|       dispatchKeyEvent("k", { shiftKey: true });
    113| 
    114|       expect(handler).toHaveBeenCalled();
       |                       ^
    115|     });
    116| 

Î“Ã„Â»Î“Ã„Â»Î“Ã„Â»Î“Ã„Â»Î“Ã„Â»Î“Ã„Â»Î“Ã„Â»Î“Ã„Â»Î“Ã„Â»Î“Ã„Â»Î“Ã„Â»Î“Ã„Â»Î“Ã„Â»Î“Ã„Â»Î“Ã„Â»Î“Ã„Â»Î“Ã„Â»Î“Ã„Â»Î“Ã„Â»Î“Ã„Â»Î“Ã„Â»Î“Ã„Â»[49/89]Î“Ã„Â»

 FAIL  src/hooks/useKeyboardShortcuts.test.ts > useKeyboardShortcuts > Modifier Keys > should match shortcut with alt modifier
AssertionError: expected "vi.fn()" to be called at least once
 Î“Â¥Â» src/hooks/useKeyboardShortcuts.test.ts:127:23
    125|       dispatchKeyEvent("k", { altKey: true });
    126| 
    127|       expect(handler).toHaveBeenCalled();
       |                       ^
    128|     });
    129| 

Î“Ã„Â»Î“Ã„Â»Î“Ã„Â»Î“Ã„Â»Î“Ã„Â»Î“Ã„Â»Î“Ã„Â»Î“Ã„Â»Î“Ã„Â»Î“Ã„Â»Î“Ã„Â»Î“Ã„Â»Î“Ã„Â»Î“Ã„Â»Î“Ã„Â»Î“Ã„Â»Î“Ã„Â»Î“Ã„Â»Î“Ã„Â»Î“Ã„Â»Î“Ã„Â»Î“Ã„Â»[50/89]Î“Ã„Â»

 FAIL  src/hooks/useKeyboardShortcuts.test.ts > useKeyboardShortcuts > Modifier Keys > should match shortcut with meta modifier
AssertionError: expected "vi.fn()" to be called at least once
 Î“Â¥Â» src/hooks/useKeyboardShortcuts.test.ts:140:23
    138|       dispatchKeyEvent("k", { metaKey: true });
    139| 
    140|       expect(handler).toHaveBeenCalled();
       |                       ^
    141|     });
    142| 

Î“Ã„Â»Î“Ã„Â»Î“Ã„Â»Î“Ã„Â»Î“Ã„Â»Î“Ã„Â»Î“Ã„Â»Î“Ã„Â»Î“Ã„Â»Î“Ã„Â»Î“Ã„Â»Î“Ã„Â»Î“Ã„Â»Î“Ã„Â»Î“Ã„Â»Î“Ã„Â»Î“Ã„Â»Î“Ã„Â»Î“Ã„Â»Î“Ã„Â»Î“Ã„Â»Î“Ã„Â»[51/89]Î“Ã„Â»

 FAIL  src/hooks/useKeyboardShortcuts.test.ts > useKeyboardShortcuts > Modifier Keys > should match shortcut with multiple modifiers
AssertionError: expected "vi.fn()" to be called at least once
 Î“Â¥Â» src/hooks/useKeyboardShortcuts.test.ts:153:23
    151|       dispatchKeyEvent("k", { ctrlKey: true, shiftKey: true });
    152| 
    153|       expect(handler).toHaveBeenCalled();
       |                       ^
    154|     });
    155| 

Î“Ã„Â»Î“Ã„Â»Î“Ã„Â»Î“Ã„Â»Î“Ã„Â»Î“Ã„Â»Î“Ã„Â»Î“Ã„Â»Î“Ã„Â»Î“Ã„Â»Î“Ã„Â»Î“Ã„Â»Î“Ã„Â»Î“Ã„Â»Î“Ã„Â»Î“Ã„Â»Î“Ã„Â»Î“Ã„Â»Î“Ã„Â»Î“Ã„Â»Î“Ã„Â»Î“Ã„Â»[52/89]Î“Ã„Â»

 FAIL  src/hooks/useKeyboardShortcuts.test.ts > useKeyboardShortcuts > Enabled State > should trigger shortcuts when enabled
AssertionError: expected "vi.fn()" to be called at least once
 Î“Â¥Â» src/hooks/useKeyboardShortcuts.test.ts:191:23
    189|       dispatchKeyEvent("k");
    190| 
    191|       expect(handler).toHaveBeenCalled();
       |                       ^
    192|     });
    193|   });

Î“Ã„Â»Î“Ã„Â»Î“Ã„Â»Î“Ã„Â»Î“Ã„Â»Î“Ã„Â»Î“Ã„Â»Î“Ã„Â»Î“Ã„Â»Î“Ã„Â»Î“Ã„Â»Î“Ã„Â»Î“Ã„Â»Î“Ã„Â»Î“Ã„Â»Î“Ã„Â»Î“Ã„Â»Î“Ã„Â»Î“Ã„Â»Î“Ã„Â»Î“Ã„Â»Î“Ã„Â»[53/89]Î“Ã„Â»

 FAIL  src/hooks/useKeyboardShortcuts.test.ts > useKeyboardShortcuts > Multiple Shortcuts > should handle multiple shortcuts
AssertionError: expected "vi.fn()" to be called at least once
 Î“Â¥Â» src/hooks/useKeyboardShortcuts.test.ts:207:24
    205| 
    206|       dispatchKeyEvent("k");
    207|       expect(handler1).toHaveBeenCalled();
       |                        ^
    208|       expect(handler2).not.toHaveBeenCalled();
    209| 

Î“Ã„Â»Î“Ã„Â»Î“Ã„Â»Î“Ã„Â»Î“Ã„Â»Î“Ã„Â»Î“Ã„Â»Î“Ã„Â»Î“Ã„Â»Î“Ã„Â»Î“Ã„Â»Î“Ã„Â»Î“Ã„Â»Î“Ã„Â»Î“Ã„Â»Î“Ã„Â»Î“Ã„Â»Î“Ã„Â»Î“Ã„Â»Î“Ã„Â»Î“Ã„Â»Î“Ã„Â»[54/89]Î“Ã„Â»

 FAIL  src/hooks/useKeyboardShortcuts.test.ts > useKeyboardShortcutsWithSequences > Single Key Shortcuts > should handle single key shortcuts like basic hook
AssertionError: expected "vi.fn()" to be called at least once
 Î“Â¥Â» src/hooks/useKeyboardShortcuts.test.ts:259:23
    257|       dispatchKeyEvent("k");
    258| 
    259|       expect(handler).toHaveBeenCalled();
       |                       ^
    260|     });
    261|   });

Î“Ã„Â»Î“Ã„Â»Î“Ã„Â»Î“Ã„Â»Î“Ã„Â»Î“Ã„Â»Î“Ã„Â»Î“Ã„Â»Î“Ã„Â»Î“Ã„Â»Î“Ã„Â»Î“Ã„Â»Î“Ã„Â»Î“Ã„Â»Î“Ã„Â»Î“Ã„Â»Î“Ã„Â»Î“Ã„Â»Î“Ã„Â»Î“Ã„Â»Î“Ã„Â»Î“Ã„Â»[55/89]Î“Ã„Â»

 FAIL  src/hooks/useKeyboardShortcuts.test.ts > useKeyboardShortcutsWithSequences > Key Sequences > should handle g+h sequence
AssertionError: expected "vi.fn()" to be called at least once
 Î“Â¥Â» src/hooks/useKeyboardShortcuts.test.ts:275:23
    273|       dispatchKeyEvent("h");
    274| 
    275|       expect(handler).toHaveBeenCalled();
       |                       ^
    276|     });
    277| 

Î“Ã„Â»Î“Ã„Â»Î“Ã„Â»Î“Ã„Â»Î“Ã„Â»Î“Ã„Â»Î“Ã„Â»Î“Ã„Â»Î“Ã„Â»Î“Ã„Â»Î“Ã„Â»Î“Ã„Â»Î“Ã„Â»Î“Ã„Â»Î“Ã„Â»Î“Ã„Â»Î“Ã„Â»Î“Ã„Â»Î“Ã„Â»Î“Ã„Â»Î“Ã„Â»Î“Ã„Â»[56/89]Î“Ã„Â»

 FAIL  src/hooks/useModal.test.ts > useModal > Initial State > should start with isOpen as false by default
TypeError: Cannot read properties of null (reading 'isOpen')
 Î“Â¥Â» src/hooks/useModal.test.ts:10:29
      8|       const { result } = renderHook(() => useModal());
      9| 
     10|       expect(result.current.isOpen).toBe(false);
       |                             ^
     11|     });
     12| 

Î“Ã„Â»Î“Ã„Â»Î“Ã„Â»Î“Ã„Â»Î“Ã„Â»Î“Ã„Â»Î“Ã„Â»Î“Ã„Â»Î“Ã„Â»Î“Ã„Â»Î“Ã„Â»Î“Ã„Â»Î“Ã„Â»Î“Ã„Â»Î“Ã„Â»Î“Ã„Â»Î“Ã„Â»Î“Ã„Â»Î“Ã„Â»Î“Ã„Â»Î“Ã„Â»Î“Ã„Â»[57/89]Î“Ã„Â»

 FAIL  src/hooks/useModal.test.ts > useModal > Initial State > should start with isOpen as true when initialState is true
TypeError: Cannot read properties of null (reading 'isOpen')
 Î“Â¥Â» src/hooks/useModal.test.ts:16:29
     14|       const { result } = renderHook(() => useModal(true));
     15| 
     16|       expect(result.current.isOpen).toBe(true);
       |                             ^
     17|     });
     18| 

Î“Ã„Â»Î“Ã„Â»Î“Ã„Â»Î“Ã„Â»Î“Ã„Â»Î“Ã„Â»Î“Ã„Â»Î“Ã„Â»Î“Ã„Â»Î“Ã„Â»Î“Ã„Â»Î“Ã„Â»Î“Ã„Â»Î“Ã„Â»Î“Ã„Â»Î“Ã„Â»Î“Ã„Â»Î“Ã„Â»Î“Ã„Â»Î“Ã„Â»Î“Ã„Â»Î“Ã„Â»[58/89]Î“Ã„Â»

 FAIL  src/hooks/useModal.test.ts > useModal > Initial State > should start with isOpen as false when initialState is false
TypeError: Cannot read properties of null (reading 'isOpen')
 Î“Â¥Â» src/hooks/useModal.test.ts:22:29
     20|       const { result } = renderHook(() => useModal(false));
     21| 
     22|       expect(result.current.isOpen).toBe(false);
       |                             ^
     23|     });
     24|   });

Î“Ã„Â»Î“Ã„Â»Î“Ã„Â»Î“Ã„Â»Î“Ã„Â»Î“Ã„Â»Î“Ã„Â»Î“Ã„Â»Î“Ã„Â»Î“Ã„Â»Î“Ã„Â»Î“Ã„Â»Î“Ã„Â»Î“Ã„Â»Î“Ã„Â»Î“Ã„Â»Î“Ã„Â»Î“Ã„Â»Î“Ã„Â»Î“Ã„Â»Î“Ã„Â»Î“Ã„Â»[59/89]Î“Ã„Â»

 FAIL  src/hooks/useModal.test.ts > useModal > open > should set isOpen to true when called
TypeError: Cannot read properties of null (reading 'isOpen')
 Î“Â¥Â» src/hooks/useModal.test.ts:30:29
     28|       const { result } = renderHook(() => useModal());
     29| 
     30|       expect(result.current.isOpen).toBe(false);
       |                             ^
     31| 
     32|       act(() => {

Î“Ã„Â»Î“Ã„Â»Î“Ã„Â»Î“Ã„Â»Î“Ã„Â»Î“Ã„Â»Î“Ã„Â»Î“Ã„Â»Î“Ã„Â»Î“Ã„Â»Î“Ã„Â»Î“Ã„Â»Î“Ã„Â»Î“Ã„Â»Î“Ã„Â»Î“Ã„Â»Î“Ã„Â»Î“Ã„Â»Î“Ã„Â»Î“Ã„Â»Î“Ã„Â»Î“Ã„Â»[60/89]Î“Ã„Â»

 FAIL  src/hooks/useModal.test.ts > useModal > open > should keep isOpen as true when already open
TypeError: Cannot read properties of null (reading 'isOpen')
 Î“Â¥Â» src/hooks/useModal.test.ts:42:29
     40|       const { result } = renderHook(() => useModal(true));
     41| 
     42|       expect(result.current.isOpen).toBe(true);
       |                             ^
     43| 
     44|       act(() => {

Î“Ã„Â»Î“Ã„Â»Î“Ã„Â»Î“Ã„Â»Î“Ã„Â»Î“Ã„Â»Î“Ã„Â»Î“Ã„Â»Î“Ã„Â»Î“Ã„Â»Î“Ã„Â»Î“Ã„Â»Î“Ã„Â»Î“Ã„Â»Î“Ã„Â»Î“Ã„Â»Î“Ã„Â»Î“Ã„Â»Î“Ã„Â»Î“Ã„Â»Î“Ã„Â»Î“Ã„Â»[61/89]Î“Ã„Â»

 FAIL  src/hooks/useModal.test.ts > useModal > open > should be a stable function reference
TypeError: Cannot read properties of null (reading 'open')
 Î“Â¥Â» src/hooks/useModal.test.ts:54:38
     52|       const { result, rerender } = renderHook(() => useModal());
     53| 
     54|       const openRef = result.current.open;
       |                                      ^
     55|       rerender();
     56| 

Î“Ã„Â»Î“Ã„Â»Î“Ã„Â»Î“Ã„Â»Î“Ã„Â»Î“Ã„Â»Î“Ã„Â»Î“Ã„Â»Î“Ã„Â»Î“Ã„Â»Î“Ã„Â»Î“Ã„Â»Î“Ã„Â»Î“Ã„Â»Î“Ã„Â»Î“Ã„Â»Î“Ã„Â»Î“Ã„Â»Î“Ã„Â»Î“Ã„Â»Î“Ã„Â»Î“Ã„Â»[62/89]Î“Ã„Â»

 FAIL  src/hooks/useModal.test.ts > useModal > close > should set isOpen to false when called
TypeError: Cannot read properties of null (reading 'isOpen')
 Î“Â¥Â» src/hooks/useModal.test.ts:65:29
     63|       const { result } = renderHook(() => useModal(true));
     64| 
     65|       expect(result.current.isOpen).toBe(true);
       |                             ^
     66| 
     67|       act(() => {

Î“Ã„Â»Î“Ã„Â»Î“Ã„Â»Î“Ã„Â»Î“Ã„Â»Î“Ã„Â»Î“Ã„Â»Î“Ã„Â»Î“Ã„Â»Î“Ã„Â»Î“Ã„Â»Î“Ã„Â»Î“Ã„Â»Î“Ã„Â»Î“Ã„Â»Î“Ã„Â»Î“Ã„Â»Î“Ã„Â»Î“Ã„Â»Î“Ã„Â»Î“Ã„Â»Î“Ã„Â»[63/89]Î“Ã„Â»

 FAIL  src/hooks/useModal.test.ts > useModal > close > should keep isOpen as false when already closed
TypeError: Cannot read properties of null (reading 'isOpen')
 Î“Â¥Â» src/hooks/useModal.test.ts:77:29
     75|       const { result } = renderHook(() => useModal());
     76| 
     77|       expect(result.current.isOpen).toBe(false);
       |                             ^
     78| 
     79|       act(() => {

Î“Ã„Â»Î“Ã„Â»Î“Ã„Â»Î“Ã„Â»Î“Ã„Â»Î“Ã„Â»Î“Ã„Â»Î“Ã„Â»Î“Ã„Â»Î“Ã„Â»Î“Ã„Â»Î“Ã„Â»Î“Ã„Â»Î“Ã„Â»Î“Ã„Â»Î“Ã„Â»Î“Ã„Â»Î“Ã„Â»Î“Ã„Â»Î“Ã„Â»Î“Ã„Â»Î“Ã„Â»[64/89]Î“Ã„Â»

 FAIL  src/hooks/useModal.test.ts > useModal > close > should be a stable function reference
TypeError: Cannot read properties of null (reading 'close')
 Î“Â¥Â» src/hooks/useModal.test.ts:89:39
     87|       const { result, rerender } = renderHook(() => useModal());
     88| 
     89|       const closeRef = result.current.close;
       |                                       ^
     90|       rerender();
     91| 

Î“Ã„Â»Î“Ã„Â»Î“Ã„Â»Î“Ã„Â»Î“Ã„Â»Î“Ã„Â»Î“Ã„Â»Î“Ã„Â»Î“Ã„Â»Î“Ã„Â»Î“Ã„Â»Î“Ã„Â»Î“Ã„Â»Î“Ã„Â»Î“Ã„Â»Î“Ã„Â»Î“Ã„Â»Î“Ã„Â»Î“Ã„Â»Î“Ã„Â»Î“Ã„Â»Î“Ã„Â»[65/89]Î“Ã„Â»

 FAIL  src/hooks/useModal.test.ts > useModal > toggle > should toggle isOpen from false to true
TypeError: Cannot read properties of null (reading 'isOpen')
 Î“Â¥Â» src/hooks/useModal.test.ts:100:29
     98|       const { result } = renderHook(() => useModal());
     99| 
    100|       expect(result.current.isOpen).toBe(false);
       |                             ^
    101| 
    102|       act(() => {

Î“Ã„Â»Î“Ã„Â»Î“Ã„Â»Î“Ã„Â»Î“Ã„Â»Î“Ã„Â»Î“Ã„Â»Î“Ã„Â»Î“Ã„Â»Î“Ã„Â»Î“Ã„Â»Î“Ã„Â»Î“Ã„Â»Î“Ã„Â»Î“Ã„Â»Î“Ã„Â»Î“Ã„Â»Î“Ã„Â»Î“Ã„Â»Î“Ã„Â»Î“Ã„Â»Î“Ã„Â»[66/89]Î“Ã„Â»

 FAIL  src/hooks/useModal.test.ts > useModal > toggle > should toggle isOpen from true to false
TypeError: Cannot read properties of null (reading 'isOpen')
 Î“Â¥Â» src/hooks/useModal.test.ts:112:29
    110|       const { result } = renderHook(() => useModal(true));
    111| 
    112|       expect(result.current.isOpen).toBe(true);
       |                             ^
    113| 
    114|       act(() => {

Î“Ã„Â»Î“Ã„Â»Î“Ã„Â»Î“Ã„Â»Î“Ã„Â»Î“Ã„Â»Î“Ã„Â»Î“Ã„Â»Î“Ã„Â»Î“Ã„Â»Î“Ã„Â»Î“Ã„Â»Î“Ã„Â»Î“Ã„Â»Î“Ã„Â»Î“Ã„Â»Î“Ã„Â»Î“Ã„Â»Î“Ã„Â»Î“Ã„Â»Î“Ã„Â»Î“Ã„Â»[67/89]Î“Ã„Â»

 FAIL  src/hooks/useModal.test.ts > useModal > toggle > should toggle multiple times correctly
TypeError: Cannot read properties of null (reading 'isOpen')
 Î“Â¥Â» src/hooks/useModal.test.ts:124:29
    122|       const { result } = renderHook(() => useModal());
    123| 
    124|       expect(result.current.isOpen).toBe(false);
       |                             ^
    125| 
    126|       act(() => {

Î“Ã„Â»Î“Ã„Â»Î“Ã„Â»Î“Ã„Â»Î“Ã„Â»Î“Ã„Â»Î“Ã„Â»Î“Ã„Â»Î“Ã„Â»Î“Ã„Â»Î“Ã„Â»Î“Ã„Â»Î“Ã„Â»Î“Ã„Â»Î“Ã„Â»Î“Ã„Â»Î“Ã„Â»Î“Ã„Â»Î“Ã„Â»Î“Ã„Â»Î“Ã„Â»Î“Ã„Â»[68/89]Î“Ã„Â»

 FAIL  src/hooks/useModal.test.ts > useModal > toggle > should be a stable function reference
TypeError: Cannot read properties of null (reading 'toggle')
 Î“Â¥Â» src/hooks/useModal.test.ts:145:40
    143|       const { result, rerender } = renderHook(() => useModal());
    144| 
    145|       const toggleRef = result.current.toggle;
       |                                        ^
    146|       rerender();
    147| 

Î“Ã„Â»Î“Ã„Â»Î“Ã„Â»Î“Ã„Â»Î“Ã„Â»Î“Ã„Â»Î“Ã„Â»Î“Ã„Â»Î“Ã„Â»Î“Ã„Â»Î“Ã„Â»Î“Ã„Â»Î“Ã„Â»Î“Ã„Â»Î“Ã„Â»Î“Ã„Â»Î“Ã„Â»Î“Ã„Â»Î“Ã„Â»Î“Ã„Â»Î“Ã„Â»Î“Ã„Â»[69/89]Î“Ã„Â»

 FAIL  src/hooks/useModal.test.ts > useModal > Combined Operations > should work correctly with open, close, toggle sequence
TypeError: Cannot read properties of null (reading 'isOpen')
 Î“Â¥Â» src/hooks/useModal.test.ts:157:29
    155| 
    156|       // Start closed
    157|       expect(result.current.isOpen).toBe(false);
       |                             ^
    158| 
    159|       // Open

Î“Ã„Â»Î“Ã„Â»Î“Ã„Â»Î“Ã„Â»Î“Ã„Â»Î“Ã„Â»Î“Ã„Â»Î“Ã„Â»Î“Ã„Â»Î“Ã„Â»Î“Ã„Â»Î“Ã„Â»Î“Ã„Â»Î“Ã„Â»Î“Ã„Â»Î“Ã„Â»Î“Ã„Â»Î“Ã„Â»Î“Ã„Â»Î“Ã„Â»Î“Ã„Â»Î“Ã„Â»[70/89]Î“Ã„Â»

 FAIL  src/hooks/useModal.test.ts > useModal > Combined Operations > should handle rapid state changes
TypeError: Cannot read properties of null (reading 'open')
 Î“Â¥Â» src/hooks/useModal.test.ts:188:24
    186| 
    187|       act(() => {
    188|         result.current.open();
       |                        ^
    189|         result.current.close();
    190|         result.current.toggle();
 Î“Â¥Â» node_modules/.pnpm/@testing-library+react@16.3_c83a9dbc2c1cff4495b7ba392bd62e0d/node_modules/@testing-library/react/dist/act-compat.js:47:24
 Î“Â¥Â» actImpl src/test/react-act-patch.ts:8:18
 Î“Â¥Â» node_modules/.pnpm/@testing-library+react@16.3_c83a9dbc2c1cff4495b7ba392bd62e0d/node_modules/@testing-library/react/dist/act-compat.js:46:25
 Î“Â¥Â» src/hooks/useModal.test.ts:187:7

Î“Ã„Â»Î“Ã„Â»Î“Ã„Â»Î“Ã„Â»Î“Ã„Â»Î“Ã„Â»Î“Ã„Â»Î“Ã„Â»Î“Ã„Â»Î“Ã„Â»Î“Ã„Â»Î“Ã„Â»Î“Ã„Â»Î“Ã„Â»Î“Ã„Â»Î“Ã„Â»Î“Ã„Â»Î“Ã„Â»Î“Ã„Â»Î“Ã„Â»Î“Ã„Â»Î“Ã„Â»[71/89]Î“Ã„Â»

 FAIL  src/hooks/useModal.test.ts > useModal > Return Value Shape > should return object with expected properties
TypeError: Cannot convert undefined or null to object
 Î“Â¥Â» src/hooks/useModal.test.ts:203:30
    201|       const { result } = renderHook(() => useModal());
    202| 
    203|       expect(result.current).toHaveProperty("isOpen");
       |                              ^
    204|       expect(result.current).toHaveProperty("open");
    205|       expect(result.current).toHaveProperty("close");

Î“Ã„Â»Î“Ã„Â»Î“Ã„Â»Î“Ã„Â»Î“Ã„Â»Î“Ã„Â»Î“Ã„Â»Î“Ã„Â»Î“Ã„Â»Î“Ã„Â»Î“Ã„Â»Î“Ã„Â»Î“Ã„Â»Î“Ã„Â»Î“Ã„Â»Î“Ã„Â»Î“Ã„Â»Î“Ã„Â»Î“Ã„Â»Î“Ã„Â»Î“Ã„Â»Î“Ã„Â»[72/89]Î“Ã„Â»

 FAIL  src/hooks/useModal.test.ts > useModal > Return Value Shape > should return functions for open, close, and toggle
TypeError: Cannot read properties of null (reading 'open')
 Î“Â¥Â» src/hooks/useModal.test.ts:212:36
    210|       const { result } = renderHook(() => useModal());
    211| 
    212|       expect(typeof result.current.open).toBe("function");
       |                                    ^
    213|       expect(typeof result.current.close).toBe("function");
    214|       expect(typeof result.current.toggle).toBe("function");

Î“Ã„Â»Î“Ã„Â»Î“Ã„Â»Î“Ã„Â»Î“Ã„Â»Î“Ã„Â»Î“Ã„Â»Î“Ã„Â»Î“Ã„Â»Î“Ã„Â»Î“Ã„Â»Î“Ã„Â»Î“Ã„Â»Î“Ã„Â»Î“Ã„Â»Î“Ã„Â»Î“Ã„Â»Î“Ã„Â»Î“Ã„Â»Î“Ã„Â»Î“Ã„Â»Î“Ã„Â»[73/89]Î“Ã„Â»

 FAIL  src/hooks/useModal.test.ts > useModal > Return Value Shape > should return boolean for isOpen
TypeError: Cannot read properties of null (reading 'isOpen')
 Î“Â¥Â» src/hooks/useModal.test.ts:220:36
    218|       const { result } = renderHook(() => useModal());
    219| 
    220|       expect(typeof result.current.isOpen).toBe("boolean");
       |                                    ^
    221|     });
    222|   });

Î“Ã„Â»Î“Ã„Â»Î“Ã„Â»Î“Ã„Â»Î“Ã„Â»Î“Ã„Â»Î“Ã„Â»Î“Ã„Â»Î“Ã„Â»Î“Ã„Â»Î“Ã„Â»Î“Ã„Â»Î“Ã„Â»Î“Ã„Â»Î“Ã„Â»Î“Ã„Â»Î“Ã„Â»Î“Ã„Â»Î“Ã„Â»Î“Ã„Â»Î“Ã„Â»Î“Ã„Â»[74/89]Î“Ã„Â»

 FAIL  src/components/BulkOperationsBar.test.tsx > BulkOperationsBar - Component Behavior > Count Display Formatting > should update count when selection changes
TestingLibraryElementError: Unable to find an element with the text: 2 issues selected. This could be because the text is broken up by multiple elements. In this case, you can provide a function for your text matcher to make your matcher more flexible.

Ignored nodes: comments, script, style
<body>
  <div>
    <div
      class="fixed bottom-0 left-0 right-0 bg-brand-600 text-white shadow-lg z-30 transition-transform"
    >
      <div
        class="max-w-7xl mx-auto px-4 py-4"
      >
        <div
          class="flex flex-row gap-4 items-center justify-between"
        >
          <div
            class="flex flex-row gap-4 items-center"
          >
            <p
              class="font-medium"
            >
              1
               issue
               selected
            </p>
            <button
              class="inline-flex items-center justify-center gap-2 whitespace-nowrap rounded-lg font-medium transition-colors focus-visible:outline-none focus-visible:ring-2 focus-visible:ring-offset-2 disabled:pointer-events-none disabled:opacity-50 text-brand-600 dark:text-brand-400 underline-offset-4 hover:underline h-9 px-3 text-sm"
              type="button"
            >
              Clear selection
            </button>
          </div>
          <div
            class="flex flex-row gap-2 items-center flex-wrap"
          >
            <button
              class="inline-flex items-center justify-center gap-2 whitespace-nowrap rounded-lg font-medium transition-colors focus-visible:outline-none focus-visible:ring-2 focus-visible:ring-offset-2 disabled:pointer-events-none disabled:opacity-50 bg-ui-bg-primary dark:bg-ui-bg-primary-dark text-ui-text-primary dark:text-ui-text-primary-dark border border-ui-border-primary dark:border-ui-border-primary-dark hover:bg-ui-bg-secondary dark:hover:bg-ui-bg-secondary-dark focus-visible:ring-brand-500 h-10 px-4 text-sm"
              type="button"
            >
              Show Actions
            </button>
            <button
              class="inline-flex items-center justify-center gap-2 whitespace-nowrap rounded-lg font-medium transition-colors focus-visible:outline-none focus-visible:ring-2 focus-visible:ring-offset-2 disabled:pointer-events-none disabled:opacity-50 bg-status-error text-white hover:bg-status-error/90 focus-visible:ring-status-error h-10 px-4 text-sm"
              type="button"
            >
              Delete
            </button>
          </div>
        </div>
      </div>
    </div>
  </div>
</body>
 Î“Â¥Â» Object.getElementError node_modules/.pnpm/@testing-library+dom@10.4.1/node_modules/@testing-library/dom/dist/config.js:37:19
 Î“Â¥Â» node_modules/.pnpm/@testing-library+dom@10.4.1/node_modules/@testing-library/dom/dist/query-helpers.js:76:38
 Î“Â¥Â» node_modules/.pnpm/@testing-library+dom@10.4.1/node_modules/@testing-library/dom/dist/query-helpers.js:52:17
 Î“Â¥Â» node_modules/.pnpm/@testing-library+dom@10.4.1/node_modules/@testing-library/dom/dist/query-helpers.js:95:19
 Î“Â¥Â» src/components/BulkOperationsBar.test.tsx:184:21
    182|       );
    183| 
    184|       expect(screen.getByText("2 issues selected")).toBeInTheDocument(Î“Ã‡Âª
       |                     ^
    185|     });
    186|   });

Î“Ã„Â»Î“Ã„Â»Î“Ã„Â»Î“Ã„Â»Î“Ã„Â»Î“Ã„Â»Î“Ã„Â»Î“Ã„Â»Î“Ã„Â»Î“Ã„Â»Î“Ã„Â»Î“Ã„Â»Î“Ã„Â»Î“Ã„Â»Î“Ã„Â»Î“Ã„Â»Î“Ã„Â»Î“Ã„Â»Î“Ã„Â»Î“Ã„Â»Î“Ã„Â»Î“Ã„Â»[75/89]Î“Ã„Â»

 FAIL  src/components/Dashboard/ProjectsList.test.tsx > WorkspacesList > should navigate to projects when clicking Go to Workspaces
AssertionError: expected "vi.fn()" to be called with arguments: [ { to: '/test-company/projects' } ]

Received: 

  1st vi.fn() call:

  [
    {
-     "to": "/test-company/projects",
+     "to": "/test-company/workspaces",
    },
  ]


Number of calls: 1

 Î“Â¥Â» src/components/Dashboard/ProjectsList.test.tsx:100:26
     98|     await user.click(button);
     99| 
    100|     expect(mockNavigate).toHaveBeenCalledWith({
       |                          ^
    101|       to: "/test-company/projects",
    102|     });

Î“Ã„Â»Î“Ã„Â»Î“Ã„Â»Î“Ã„Â»Î“Ã„Â»Î“Ã„Â»Î“Ã„Â»Î“Ã„Â»Î“Ã„Â»Î“Ã„Â»Î“Ã„Â»Î“Ã„Â»Î“Ã„Â»Î“Ã„Â»Î“Ã„Â»Î“Ã„Â»Î“Ã„Â»Î“Ã„Â»Î“Ã„Â»Î“Ã„Â»Î“Ã„Â»Î“Ã„Â»[76/89]Î“Ã„Â»

 FAIL  src/components/fuzzy-search/FuzzySearchInput.test.tsx > FuzzySearchInput > should show results dropdown when query is provided
TestingLibraryElementError: Unable to find an element with the text: John Doe. This could be because the text is broken up by multiple elements. In this case, you can provide a function for your text matcher to make your matcher more flexible.

Ignored nodes: comments, script, style
<body>
  <div>
    <div
      class="relative w-full"
    >
      <div
        class="relative"
      >
        <input
          aria-autocomplete="list"
          aria-controls="fuzzy-search-results"
          aria-expanded="false"
          aria-label="Search..."
          class="w-full px-3 py-2 border border-ui-border-primary dark:border-ui-border-primary-dark rounded-lg focus:outline-none focus:ring-2 focus:ring-brand-500 dark:bg-ui-bg-secondary-dark dark:text-ui-text-primary-dark "
          placeholder="Search..."
          role="combobox"
          type="text"
          value="john"
        />
        <button
          aria-label="Clear search"
          class="absolute right-3 top-1/2 -translate-y-1/2 text-ui-text-tertiary hover:text-ui-text-secondary dark:hover:text-ui-text-secondary-dark"
          type="button"
        >
          <svg
            class="w-4 h-4"
            fill="none"
            stroke="currentColor"
            viewBox="0 0 24 24"
          >
            <title>
              Clear
            </title>
            <path
              d="M6 18L18 6M6 6l12 12"
              stroke-linecap="round"
              stroke-linejoin="round"
              stroke-width="2"
            />
          </svg>
        </button>
      </div>
    </div>
  </div>
</body>
 Î“Â¥Â» Object.getElementError node_modules/.pnpm/@testing-library+dom@10.4.1/node_modules/@testing-library/dom/dist/config.js:37:19
 Î“Â¥Â» node_modules/.pnpm/@testing-library+dom@10.4.1/node_modules/@testing-library/dom/dist/query-helpers.js:76:38
 Î“Â¥Â» node_modules/.pnpm/@testing-library+dom@10.4.1/node_modules/@testing-library/dom/dist/query-helpers.js:52:17
 Î“Â¥Â» node_modules/.pnpm/@testing-library+dom@10.4.1/node_modules/@testing-library/dom/dist/query-helpers.js:95:19
 Î“Â¥Â» src/components/fuzzy-search/FuzzySearchInput.test.tsx:60:19
     58| 
     59|     // Results should be visible
     60|     expect(screen.getByText("John Doe")).toBeInTheDocument();
       |                   ^
     61|     expect(screen.getByText("Jane Smith")).toBeInTheDocument();
     62|     expect(screen.getByText("Bob Johnson")).toBeInTheDocument();

Î“Ã„Â»Î“Ã„Â»Î“Ã„Â»Î“Ã„Â»Î“Ã„Â»Î“Ã„Â»Î“Ã„Â»Î“Ã„Â»Î“Ã„Â»Î“Ã„Â»Î“Ã„Â»Î“Ã„Â»Î“Ã„Â»Î“Ã„Â»Î“Ã„Â»Î“Ã„Â»Î“Ã„Â»Î“Ã„Â»Î“Ã„Â»Î“Ã„Â»Î“Ã„Â»Î“Ã„Â»[77/89]Î“Ã„Â»

 FAIL  src/components/fuzzy-search/FuzzySearchInput.test.tsx > FuzzySearchInput > should call onSelect when clicking a result
TestingLibraryElementError: Unable to find an element with the text: John Doe. This could be because the text is broken up by multiple elements. In this case, you can provide a function for your text matcher to make your matcher more flexible.

Ignored nodes: comments, script, style
<body>
  <div>
    <div
      class="relative w-full"
    >
      <div
        class="relative"
      >
        <input
          aria-autocomplete="list"
          aria-controls="fuzzy-search-results"
          aria-expanded="false"
          aria-label="Search..."
          class="w-full px-3 py-2 border border-ui-border-primary dark:border-ui-border-primary-dark rounded-lg focus:outline-none focus:ring-2 focus:ring-brand-500 dark:bg-ui-bg-secondary-dark dark:text-ui-text-primary-dark "
          placeholder="Search..."
          role="combobox"
          type="text"
          value="john"
        />
        <button
          aria-label="Clear search"
          class="absolute right-3 top-1/2 -translate-y-1/2 text-ui-text-tertiary hover:text-ui-text-secondary dark:hover:text-ui-text-secondary-dark"
          type="button"
        >
          <svg
            class="w-4 h-4"
            fill="none"
            stroke="currentColor"
            viewBox="0 0 24 24"
          >
            <title>
              Clear
            </title>
            <path
              d="M6 18L18 6M6 6l12 12"
              stroke-linecap="round"
              stroke-linejoin="round"
              stroke-width="2"
            />
          </svg>
        </button>
      </div>
    </div>
  </div>
</body>
 Î“Â¥Â» Object.getElementError node_modules/.pnpm/@testing-library+dom@10.4.1/node_modules/@testing-library/dom/dist/config.js:37:19
 Î“Â¥Â» node_modules/.pnpm/@testing-library+dom@10.4.1/node_modules/@testing-library/dom/dist/query-helpers.js:76:38
 Î“Â¥Â» node_modules/.pnpm/@testing-library+dom@10.4.1/node_modules/@testing-library/dom/dist/query-helpers.js:52:17
 Î“Â¥Â» node_modules/.pnpm/@testing-library+dom@10.4.1/node_modules/@testing-library/dom/dist/query-helpers.js:95:19
 Î“Â¥Â» src/components/fuzzy-search/FuzzySearchInput.test.tsx:77:32
     75|     render(<FuzzySearchInput {...defaultProps} query="john" onSelect={Î“Ã‡Âª
     76| 
     77|     const firstResult = screen.getByText("John Doe");
       |                                ^
     78|     await user.click(firstResult);
     79| 

Î“Ã„Â»Î“Ã„Â»Î“Ã„Â»Î“Ã„Â»Î“Ã„Â»Î“Ã„Â»Î“Ã„Â»Î“Ã„Â»Î“Ã„Â»Î“Ã„Â»Î“Ã„Â»Î“Ã„Â»Î“Ã„Â»Î“Ã„Â»Î“Ã„Â»Î“Ã„Â»Î“Ã„Â»Î“Ã„Â»Î“Ã„Â»Î“Ã„Â»Î“Ã„Â»Î“Ã„Â»[78/89]Î“Ã„Â»

 FAIL  src/components/fuzzy-search/FuzzySearchInput.test.tsx > FuzzySearchInput > should show no results message when results are empty
TestingLibraryElementError: Unable to find an element with the text: No results found for "xyz". This could be because the text is broken up by multiple elements. In this case, you can provide a function for your text matcher to make your matcher more flexible.

Ignored nodes: comments, script, style
<body>
  <div>
    <div
      class="relative w-full"
    >
      <div
        class="relative"
      >
        <input
          aria-autocomplete="list"
          aria-controls="fuzzy-search-results"
          aria-expanded="false"
          aria-label="Search..."
          class="w-full px-3 py-2 border border-ui-border-primary dark:border-ui-border-primary-dark rounded-lg focus:outline-none focus:ring-2 focus:ring-brand-500 dark:bg-ui-bg-secondary-dark dark:text-ui-text-primary-dark "
          placeholder="Search..."
          role="combobox"
          type="text"
          value="xyz"
        />
        <button
          aria-label="Clear search"
          class="absolute right-3 top-1/2 -translate-y-1/2 text-ui-text-tertiary hover:text-ui-text-secondary dark:hover:text-ui-text-secondary-dark"
          type="button"
        >
          <svg
            class="w-4 h-4"
            fill="none"
            stroke="currentColor"
            viewBox="0 0 24 24"
          >
            <title>
              Clear
            </title>
            <path
              d="M6 18L18 6M6 6l12 12"
              stroke-linecap="round"
              stroke-linejoin="round"
              stroke-width="2"
            />
          </svg>
        </button>
      </div>
    </div>
  </div>
</body>
 Î“Â¥Â» Object.getElementError node_modules/.pnpm/@testing-library+dom@10.4.1/node_modules/@testing-library/dom/dist/config.js:37:19
 Î“Â¥Â» node_modules/.pnpm/@testing-library+dom@10.4.1/node_modules/@testing-library/dom/dist/query-helpers.js:76:38
 Î“Â¥Â» node_modules/.pnpm/@testing-library+dom@10.4.1/node_modules/@testing-library/dom/dist/query-helpers.js:52:17
 Î“Â¥Â» node_modules/.pnpm/@testing-library+dom@10.4.1/node_modules/@testing-library/dom/dist/query-helpers.js:95:19
 Î“Â¥Â» src/components/fuzzy-search/FuzzySearchInput.test.tsx:188:19
    186|     render(<FuzzySearchInput {...defaultProps} results={[]} query="xyzÎ“Ã‡Âª
    187| 
    188|     expect(screen.getByText('No results found for "xyz"')).toBeInTheDoÎ“Ã‡Âª
       |                   ^
    189|   });
    190| 

Î“Ã„Â»Î“Ã„Â»Î“Ã„Â»Î“Ã„Â»Î“Ã„Â»Î“Ã„Â»Î“Ã„Â»Î“Ã„Â»Î“Ã„Â»Î“Ã„Â»Î“Ã„Â»Î“Ã„Â»Î“Ã„Â»Î“Ã„Â»Î“Ã„Â»Î“Ã„Â»Î“Ã„Â»Î“Ã„Â»Î“Ã„Â»Î“Ã„Â»Î“Ã„Â»Î“Ã„Â»[79/89]Î“Ã„Â»

 FAIL  src/components/fuzzy-search/FuzzySearchInput.test.tsx > FuzzySearchInput > should display match scores when showScore is true
TestingLibraryElementError: Unable to find an element with the text: 90%. This could be because the text is broken up by multiple elements. In this case, you can provide a function for your text matcher to make your matcher more flexible.

Ignored nodes: comments, script, style
<body>
  <div>
    <div
      class="relative w-full"
    >
      <div
        class="relative"
      >
        <input
          aria-autocomplete="list"
          aria-controls="fuzzy-search-results"
          aria-expanded="false"
          aria-label="Search..."
          class="w-full px-3 py-2 border border-ui-border-primary dark:border-ui-border-primary-dark rounded-lg focus:outline-none focus:ring-2 focus:ring-brand-500 dark:bg-ui-bg-secondary-dark dark:text-ui-text-primary-dark "
          placeholder="Search..."
          role="combobox"
          type="text"
          value="john"
        />
        <button
          aria-label="Clear search"
          class="absolute right-3 top-1/2 -translate-y-1/2 text-ui-text-tertiary hover:text-ui-text-secondary dark:hover:text-ui-text-secondary-dark"
          type="button"
        >
          <svg
            class="w-4 h-4"
            fill="none"
            stroke="currentColor"
            viewBox="0 0 24 24"
          >
            <title>
              Clear
            </title>
            <path
              d="M6 18L18 6M6 6l12 12"
              stroke-linecap="round"
              stroke-linejoin="round"
              stroke-width="2"
            />
          </svg>
        </button>
      </div>
    </div>
  </div>
</body>
 Î“Â¥Â» Object.getElementError node_modules/.pnpm/@testing-library+dom@10.4.1/node_modules/@testing-library/dom/dist/config.js:37:19
 Î“Â¥Â» node_modules/.pnpm/@testing-library+dom@10.4.1/node_modules/@testing-library/dom/dist/query-helpers.js:76:38
 Î“Â¥Â» node_modules/.pnpm/@testing-library+dom@10.4.1/node_modules/@testing-library/dom/dist/query-helpers.js:52:17
 Î“Â¥Â» node_modules/.pnpm/@testing-library+dom@10.4.1/node_modules/@testing-library/dom/dist/query-helpers.js:95:19
 Î“Â¥Â» src/components/fuzzy-search/FuzzySearchInput.test.tsx:195:19
    193| 
    194|     // Score of 0.1 = 90% match
    195|     expect(screen.getByText("90%")).toBeInTheDocument();
       |                   ^
    196|     // Score of 0.2 = 80% match
    197|     expect(screen.getByText("80%")).toBeInTheDocument();

Î“Ã„Â»Î“Ã„Â»Î“Ã„Â»Î“Ã„Â»Î“Ã„Â»Î“Ã„Â»Î“Ã„Â»Î“Ã„Â»Î“Ã„Â»Î“Ã„Â»Î“Ã„Â»Î“Ã„Â»Î“Ã„Â»Î“Ã„Â»Î“Ã„Â»Î“Ã„Â»Î“Ã„Â»Î“Ã„Â»Î“Ã„Â»Î“Ã„Â»Î“Ã„Â»Î“Ã„Â»[80/89]Î“Ã„Â»

 FAIL  src/components/fuzzy-search/FuzzySearchInput.test.tsx > FuzzySearchInput > should have proper ARIA attributes
Error: expect(element).toHaveAttribute("aria-expanded", "true") // element.getAttribute("aria-expanded") === "true"

Expected the element to have attribute:
  aria-expanded="true"
Received:
  aria-expanded="false"
 Î“Â¥Â» src/components/fuzzy-search/FuzzySearchInput.test.tsx:213:19
    211|     expect(input).toHaveAttribute("aria-autocomplete", "list");
    212|     expect(input).toHaveAttribute("aria-controls", "fuzzy-search-resulÎ“Ã‡Âª
    213|     expect(input).toHaveAttribute("aria-expanded", "true");
       |                   ^
    214|   });
    215| 

Î“Ã„Â»Î“Ã„Â»Î“Ã„Â»Î“Ã„Â»Î“Ã„Â»Î“Ã„Â»Î“Ã„Â»Î“Ã„Â»Î“Ã„Â»Î“Ã„Â»Î“Ã„Â»Î“Ã„Â»Î“Ã„Â»Î“Ã„Â»Î“Ã„Â»Î“Ã„Â»Î“Ã„Â»Î“Ã„Â»Î“Ã„Â»Î“Ã„Â»Î“Ã„Â»Î“Ã„Â»[81/89]Î“Ã„Â»

 FAIL  src/components/fuzzy-search/FuzzySearchInput.test.tsx > FuzzySearchInput > should close dropdown when clicking outside
TestingLibraryElementError: Unable to find an element with the text: John Doe. This could be because the text is broken up by multiple elements. In this case, you can provide a function for your text matcher to make your matcher more flexible.

Ignored nodes: comments, script, style
<body>
  <div>
    <div>
      <div
        class="relative w-full"
      >
        <div
          class="relative"
        >
          <input
            aria-autocomplete="list"
            aria-controls="fuzzy-search-results"
            aria-expanded="false"
            aria-label="Search..."
            class="w-full px-3 py-2 border border-ui-border-primary dark:border-ui-border-primary-dark rounded-lg focus:outline-none focus:ring-2 focus:ring-brand-500 dark:bg-ui-bg-secondary-dark dark:text-ui-text-primary-dark "
            placeholder="Search..."
            role="combobox"
            type="text"
            value="john"
          />
          <button
            aria-label="Clear search"
            class="absolute right-3 top-1/2 -translate-y-1/2 text-ui-text-tertiary hover:text-ui-text-secondary dark:hover:text-ui-text-secondary-dark"
            type="button"
          >
            <svg
              class="w-4 h-4"
              fill="none"
              stroke="currentColor"
              viewBox="0 0 24 24"
            >
              <title>
                Clear
              </title>
              <path
                d="M6 18L18 6M6 6l12 12"
                stroke-linecap="round"
                stroke-linejoin="round"
                stroke-width="2"
              />
            </svg>
          </button>
        </div>
      </div>
      <button
        type="button"
      >
        Outside button
      </button>
    </div>
  </div>
</body>
 Î“Â¥Â» Object.getElementError node_modules/.pnpm/@testing-library+dom@10.4.1/node_modules/@testing-library/dom/dist/config.js:37:19
 Î“Â¥Â» node_modules/.pnpm/@testing-library+dom@10.4.1/node_modules/@testing-library/dom/dist/query-helpers.js:76:38
 Î“Â¥Â» node_modules/.pnpm/@testing-library+dom@10.4.1/node_modules/@testing-library/dom/dist/query-helpers.js:52:17
 Î“Â¥Â» node_modules/.pnpm/@testing-library+dom@10.4.1/node_modules/@testing-library/dom/dist/query-helpers.js:95:19
 Î“Â¥Â» src/components/fuzzy-search/FuzzySearchInput.test.tsx:227:19
    225| 
    226|     // Dropdown should be open
    227|     expect(screen.getByText("John Doe")).toBeInTheDocument();
       |                   ^
    228| 
    229|     // Click outside

Î“Ã„Â»Î“Ã„Â»Î“Ã„Â»Î“Ã„Â»Î“Ã„Â»Î“Ã„Â»Î“Ã„Â»Î“Ã„Â»Î“Ã„Â»Î“Ã„Â»Î“Ã„Â»Î“Ã„Â»Î“Ã„Â»Î“Ã„Â»Î“Ã„Â»Î“Ã„Â»Î“Ã„Â»Î“Ã„Â»Î“Ã„Â»Î“Ã„Â»Î“Ã„Â»Î“Ã„Â»[82/89]Î“Ã„Â»

 FAIL  src/components/fuzzy-search/integration.test.tsx > Hybrid Search Integration > Convex + Fuse.js Pattern > should handle Convex data updates reactively
AssertionError: expected [ { item: { _id: '1', Î“Ã‡Âª(2) }, Î“Ã‡Âª(1) } ] to have a length of 2 but got 1

- Expected
+ Received

- 2
+ 1

 Î“Â¥Â» src/components/fuzzy-search/integration.test.tsx:57:38
     55| 
     56|       // Fuzzy search should work with new data
     57|       expect(result.current.results).toHaveLength(2);
       |                                      ^
     58|     });
     59| 

Î“Ã„Â»Î“Ã„Â»Î“Ã„Â»Î“Ã„Â»Î“Ã„Â»Î“Ã„Â»Î“Ã„Â»Î“Ã„Â»Î“Ã„Â»Î“Ã„Â»Î“Ã„Â»Î“Ã„Â»Î“Ã„Â»Î“Ã„Â»Î“Ã„Â»Î“Ã„Â»Î“Ã„Â»Î“Ã„Â»Î“Ã„Â»Î“Ã„Â»Î“Ã„Â»Î“Ã„Â»[83/89]Î“Ã„Â»

 FAIL  src/components/fuzzy-search/integration.test.tsx > Hybrid Search Integration > Convex + Fuse.js Pattern > should maintain search query across data updates
AssertionError: expected '' to be 'john' // Object.is equality

- Expected
+ Received

- john

 Î“Â¥Â» src/components/fuzzy-search/integration.test.tsx:75:36
     73|       });
     74| 
     75|       expect(result.current.query).toBe("john");
       |                                    ^
     76| 
     77|       // Simulate new data from Convex

Î“Ã„Â»Î“Ã„Â»Î“Ã„Â»Î“Ã„Â»Î“Ã„Â»Î“Ã„Â»Î“Ã„Â»Î“Ã„Â»Î“Ã„Â»Î“Ã„Â»Î“Ã„Â»Î“Ã„Â»Î“Ã„Â»Î“Ã„Â»Î“Ã„Â»Î“Ã„Â»Î“Ã„Â»Î“Ã„Â»Î“Ã„Â»Î“Ã„Â»Î“Ã„Â»Î“Ã„Â»[84/89]Î“Ã„Â»

 FAIL  src/components/fuzzy-search/integration.test.tsx > Hybrid Search Integration > Performance with Debouncing > should debounce search queries
AssertionError: expected false to be true // Object.is equality

- Expected
+ Received

- true
+ false

 Î“Â¥Â» src/components/fuzzy-search/integration.test.tsx:131:43
    129| 
    130|       // Should be debouncing
    131|       expect(result.current.isDebouncing).toBe(true);
       |                                           ^
    132|       expect(result.current.query).toBe("john");
    133|       expect(result.current.debouncedQuery).not.toBe("john");

Î“Ã„Â»Î“Ã„Â»Î“Ã„Â»Î“Ã„Â»Î“Ã„Â»Î“Ã„Â»Î“Ã„Â»Î“Ã„Â»Î“Ã„Â»Î“Ã„Â»Î“Ã„Â»Î“Ã„Â»Î“Ã„Â»Î“Ã„Â»Î“Ã„Â»Î“Ã„Â»Î“Ã„Â»Î“Ã„Â»Î“Ã„Â»Î“Ã„Â»Î“Ã„Â»Î“Ã„Â»[85/89]Î“Ã„Â»

 FAIL  src/components/fuzzy-search/integration.test.tsx > Hybrid Search Integration > Security: Permission Filtering > should only search through permission-filtered data from Convex
AssertionError: expected [ Î“Ã‡Âª(2) ] to have a length of +0 but got 2

- Expected
+ Received

- 0
+ 2

 Î“Â¥Â» src/components/fuzzy-search/integration.test.tsx:172:38
    170| 
    171|       // No results because Bob wasn't in the Convex response
    172|       expect(result.current.results).toHaveLength(0);
       |                                      ^
    173| 
    174|       // Can find authorized users

Î“Ã„Â»Î“Ã„Â»Î“Ã„Â»Î“Ã„Â»Î“Ã„Â»Î“Ã„Â»Î“Ã„Â»Î“Ã„Â»Î“Ã„Â»Î“Ã„Â»Î“Ã„Â»Î“Ã„Â»Î“Ã„Â»Î“Ã„Â»Î“Ã„Â»Î“Ã„Â»Î“Ã„Â»Î“Ã„Â»Î“Ã„Â»Î“Ã„Â»Î“Ã„Â»Î“Ã„Â»[86/89]Î“Ã„Â»

 FAIL  src/components/fuzzy-search/integration.test.tsx > Hybrid Search Integration > Performance Characteristics > should respect limit to optimize large result sets
AssertionError: expected 100 to be less than or equal to 10
 Î“Â¥Â» src/components/fuzzy-search/integration.test.tsx:342:45
    340| 
    341|       // useUserFuzzySearch has limit: 10
    342|       expect(result.current.results.length).toBeLessThanOrEqual(10);
       |                                             ^
    343|     });
    344|   });

Î“Ã„Â»Î“Ã„Â»Î“Ã„Â»Î“Ã„Â»Î“Ã„Â»Î“Ã„Â»Î“Ã„Â»Î“Ã„Â»Î“Ã„Â»Î“Ã„Â»Î“Ã„Â»Î“Ã„Â»Î“Ã„Â»Î“Ã„Â»Î“Ã„Â»Î“Ã„Â»Î“Ã„Â»Î“Ã„Â»Î“Ã„Â»Î“Ã„Â»Î“Ã„Â»Î“Ã„Â»[87/89]Î“Ã„Â»

 FAIL  src/components/ui/ColorPicker.test.tsx > ColorPicker > Selected State > should update highlight when value changes
Error: expect(element).not.toHaveClass("scale-110")

Expected the element not to have class:
  scale-110
Received:
  w-8 h-8 rounded-full transition-transform hover:scale-110 focus:outline-none focus:ring-2 focus:ring-offset-2 focus:ring-ui-border-primary dark:focus:ring-ui-border-primary-dark ring-2 ring-offset-2 ring-ui-border-primary dark:ring-ui-border-primary-dark scale-110
 Î“Â¥Â» src/components/ui/ColorPicker.test.tsx:134:34
    132| 
    133|       const previousButton = screen.getByLabelText("Select color #EF44Î“Ã‡Âª
    134|       expect(previousButton).not.toHaveClass("scale-110");
       |                                  ^
    135| 
    136|       const newButton = screen.getByLabelText("Select color #F59E0B");

Î“Ã„Â»Î“Ã„Â»Î“Ã„Â»Î“Ã„Â»Î“Ã„Â»Î“Ã„Â»Î“Ã„Â»Î“Ã„Â»Î“Ã„Â»Î“Ã„Â»Î“Ã„Â»Î“Ã„Â»Î“Ã„Â»Î“Ã„Â»Î“Ã„Â»Î“Ã„Â»Î“Ã„Â»Î“Ã„Â»Î“Ã„Â»Î“Ã„Â»Î“Ã„Â»Î“Ã„Â»[88/89]Î“Ã„Â»

 FAIL  src/components/ui/ColorPicker.test.tsx > ColorPicker > Real-world Scenarios > should work as theme color picker
Error: expect(element).toHaveClass("scale-110")

Expected the element to have class:
  scale-110
Received:
  w-8 h-8 rounded-full transition-transform hover:scale-110 focus:outline-none focus:ring-2 focus:ring-offset-2 focus:ring-ui-border-primary dark:focus:ring-ui-border-primary-dark
 Î“Â¥Â» src/components/ui/ColorPicker.test.tsx:398:30
    396|       // New color should be selected
    397|       const selectedButton = screen.getByLabelText("Select color #3B82Î“Ã‡Âª
    398|       expect(selectedButton).toHaveClass("scale-110");
       |                              ^
    399|     });
    400| 

Î“Ã„Â»Î“Ã„Â»Î“Ã„Â»Î“Ã„Â»Î“Ã„Â»Î“Ã„Â»Î“Ã„Â»Î“Ã„Â»Î“Ã„Â»Î“Ã„Â»Î“Ã„Â»Î“Ã„Â»Î“Ã„Â»Î“Ã„Â»Î“Ã„Â»Î“Ã„Â»Î“Ã„Â»Î“Ã„Â»Î“Ã„Â»Î“Ã„Â»Î“Ã„Â»Î“Ã„Â»[89/89]Î“Ã„Â»


[2m Test Files [22m [1m[31m9 failed[39m[22m[2m | [22m[1m[32m51 passed[39m[22m[90m (60)[39m
[2m      Tests [22m [1m[31m89 failed[39m[22m[2m | [22m[1m[32m1083 passed[39m[22m[90m (1172)[39m
[2m   Start at [22m 21:03:11
[2m   Duration [22m 48.69s[2m (transform 24.03s, setup 145.27s, import 108.99s, tests 177.96s, environment 359.64s)[22m

Î“Ã‡Ã«ELIFECYCLEÎ“Ã‡Ã« Test failed. See above for more details.
